[01m[K/home/basten/ros2_ws/src/MagangBanyubramanta_Basten-Andika-Salim/src/tugas_opencv/src/colorcheck.cpp:[m[K In constructor â€˜[01m[KColor_::Color_()[m[Kâ€™:
[01m[K/home/basten/ros2_ws/src/MagangBanyubramanta_Basten-Andika-Salim/src/tugas_opencv/src/colorcheck.cpp:26:11:[m[K [01;31m[Kerror: [m[Kâ€˜[01m[Kpublish_2[m[Kâ€™ was not declared in this scope; did you mean â€˜[01m[Kpublish_[m[Kâ€™?
   26 |           [01;31m[Kpublish_2[m[K = this->create_publisher<tugas_opencv::msg::Position>("detection", 10);
      |           [01;31m[K^~~~~~~~~[m[K
      |           [32m[Kpublish_[m[K
gmake[2]: *** [CMakeFiles/colorcheck.dir/build.make:76: CMakeFiles/colorcheck.dir/src/colorcheck.cpp.o] Error 1
gmake[1]: *** [CMakeFiles/Makefile2:593: CMakeFiles/colorcheck.dir/all] Error 2
gmake: *** [Makefile:146: all] Error 2
