[0.025s] Invoking command in '/home/basten/ros2_ws/src/MagangBanyubramanta_Basten-Andika-Salim/src/build/tugas_yolo-yolocpp': CMAKE_PREFIX_PATH=${CMAKE_PREFIX_PATH}:/opt/ros/humble /usr/bin/cmake --build /home/basten/ros2_ws/src/MagangBanyubramanta_Basten-Andika-Salim/src/build/tugas_yolo-yolocpp -- -j32 -l32
[0.040s] -- Found ament_cmake: 1.3.8 (/opt/ros/humble/share/ament_cmake/cmake)
[0.110s] -- Found rclcpp: 16.0.8 (/opt/ros/humble/share/rclcpp/cmake)
[0.135s] -- Found rosidl_generator_c: 3.1.5 (/opt/ros/humble/share/rosidl_generator_c/cmake)
[0.136s] -- Found rosidl_adapter: 3.1.5 (/opt/ros/humble/share/rosidl_adapter/cmake)
[0.141s] -- Found rosidl_generator_cpp: 3.1.5 (/opt/ros/humble/share/rosidl_generator_cpp/cmake)
[0.150s] -- Using all available rosidl_typesupport_c: rosidl_typesupport_fastrtps_c;rosidl_typesupport_introspection_c
[0.161s] -- Using all available rosidl_typesupport_cpp: rosidl_typesupport_fastrtps_cpp;rosidl_typesupport_introspection_cpp
[0.193s] -- Found rmw_implementation_cmake: 6.1.1 (/opt/ros/humble/share/rmw_implementation_cmake/cmake)
[0.194s] -- Found rmw_fastrtps_cpp: 6.2.6 (/opt/ros/humble/share/rmw_fastrtps_cpp/cmake)
[0.254s] -- Using RMW implementation 'rmw_fastrtps_cpp' as default
[0.335s] -- Found sensor_msgs: 4.2.3 (/opt/ros/humble/share/sensor_msgs/cmake)
[0.396s] -- Found cv_bridge: 3.2.1 (/opt/ros/humble/share/cv_bridge/cmake)
[0.400s] -- Found ament_lint_auto: 0.12.10 (/opt/ros/humble/share/ament_lint_auto/cmake)
[0.437s] -- Added test 'cppcheck' to perform static code analysis on C / C++ code
[0.437s] -- Configured cppcheck include dirs: 
[0.437s] -- Configured cppcheck exclude dirs and/or files: 
[0.438s] -- Added test 'lint_cmake' to check CMake code style
[0.441s] -- Added test 'uncrustify' to check C / C++ code style
[0.441s] -- Configured uncrustify additional arguments: 
[0.442s] -- Added test 'xmllint' to check XML markup files
[0.443s] -- Configuring done
[0.449s] -- Generating done
[0.450s] -- Build files have been written to: /home/basten/ros2_ws/src/MagangBanyubramanta_Basten-Andika-Salim/src/build/tugas_yolo-yolocpp
[0.466s] [35m[1mConsolidate compiler generated dependencies of target detect[0m
[0.482s] [ 50%] [32mBuilding CXX object CMakeFiles/detect.dir/src/detect.cpp.o[0m
[1.751s] [01m[K/home/basten/ros2_ws/src/MagangBanyubramanta_Basten-Andika-Salim/src/tugas_yolo-yolocpp/src/detect.cpp:22:1:[m[K [01;31m[Kerror: [m[Kâ€˜[01m[Knet[m[Kâ€™ does not name a type
[1.751s]    22 | [01;31m[Knet[m[K = readNet("tugas_yolo-yolocpp/model/yolov5n.onnx");
[1.751s]       | [01;31m[K^~~[m[K
[1.752s] [01m[K/home/basten/ros2_ws/src/MagangBanyubramanta_Basten-Andika-Salim/src/tugas_yolo-yolocpp/src/detect.cpp:28:1:[m[K [01;31m[Kerror: [m[Kexpected unqualified-id before â€˜[01m[Kwhile[m[Kâ€™
[1.752s]    28 | [01;31m[Kwhile[m[K (getline(ifs, line)){
[1.752s]       | [01;31m[K^~~~~[m[K
[1.752s] [01m[K/home/basten/ros2_ws/src/MagangBanyubramanta_Basten-Andika-Salim/src/tugas_yolo-yolocpp/src/detect.cpp:85:21:[m[K [01;31m[Kerror: [m[Kâ€˜[01m[Kstd::vector<cv::Mat> Detection::pre_process(cv::Mat&, cv::dnn::dnn4_v20231225::Net&)[m[Kâ€™ cannot be overloaded with â€˜[01m[Kstd::vector<cv::Mat> Detection::pre_process(cv::Mat&, cv::dnn::dnn4_v20231225::Net&)[m[Kâ€™
[1.752s]    85 |         vector<Mat> [01;31m[Kpre_process[m[K(Mat &input_image, Net &net){
[1.752s]       |                     [01;31m[K^~~~~~~~~~~[m[K
[1.752s] [01m[K/home/basten/ros2_ws/src/MagangBanyubramanta_Basten-Andika-Salim/src/tugas_yolo-yolocpp/src/detect.cpp:73:21:[m[K [01;36m[Knote: [m[Kprevious declaration â€˜[01m[Kstd::vector<cv::Mat> Detection::pre_process(cv::Mat&, cv::dnn::dnn4_v20231225::Net&)[m[Kâ€™
[1.752s]    73 |         vector<Mat> [01;36m[Kpre_process[m[K(Mat &input_image, Net &net){
[1.752s]       |                     [01;36m[K^~~~~~~~~~~[m[K
[1.753s] [01m[K/home/basten/ros2_ws/src/MagangBanyubramanta_Basten-Andika-Salim/src/tugas_yolo-yolocpp/src/detect.cpp:171:9:[m[K [01;31m[Kerror: [m[Kâ€˜[01m[Kvoic[m[Kâ€™ does not name a type; did you mean â€˜[01m[Kvoid[m[Kâ€™?
[1.753s]   171 |         [01;31m[Kvoic[m[K topic_callback(const sensor::msg::Image &img_msg){
[1.753s]       |         [01;31m[K^~~~[m[K
[1.753s]       |         [32m[Kvoid[m[K
[1.753s] [01m[K/home/basten/ros2_ws/src/MagangBanyubramanta_Basten-Andika-Salim/src/tugas_yolo-yolocpp/src/detect.cpp:189:2:[m[K [01;31m[Kerror: [m[Kexpected â€˜[01m[K;[m[Kâ€™ after class definition
[1.753s]   189 | }
[1.753s]       |  [01;31m[K^[m[K
[1.753s]       |  [32m[K;[m[K
[1.758s] [01m[K/home/basten/ros2_ws/src/MagangBanyubramanta_Basten-Andika-Salim/src/tugas_yolo-yolocpp/src/detect.cpp:[m[K In constructor â€˜[01m[KDetection::Detection()[m[Kâ€™:
[1.758s] [01m[K/home/basten/ros2_ws/src/MagangBanyubramanta_Basten-Andika-Salim/src/tugas_yolo-yolocpp/src/detect.cpp:56:13:[m[K [01;31m[Kerror: [m[Kâ€˜[01m[Ksubscription_[m[Kâ€™ was not declared in this scope; did you mean â€˜[01m[Krmw_subscription_t[m[Kâ€™?
[1.758s]    56 |             [01;31m[Ksubscription_[m[K = this->create_subscription<sensor_msgs::msg::Image>("openCamera", 10, std::bind(&Detection::topic_callback, this, _1));
[1.758s]       |             [01;31m[K^~~~~~~~~~~~~[m[K
[1.758s]       |             [32m[Krmw_subscription_t[m[K
[1.758s] [01m[K/home/basten/ros2_ws/src/MagangBanyubramanta_Basten-Andika-Salim/src/tugas_yolo-yolocpp/src/detect.cpp:56:120:[m[K [01;31m[Kerror: [m[Kâ€˜[01m[Ktopic_callback[m[Kâ€™ is not a member of â€˜[01m[KDetection[m[Kâ€™
[1.758s]    56 | r_msgs::msg::Image>("openCamera", 10, std::bind(&Detection::[01;31m[Ktopic_callback[m[K, this, _1));
[1.758s]       |                                                             [01;31m[K^~~~~~~~~~~~~~[m[K
[1.758s] 
[1.758s] [01m[K/home/basten/ros2_ws/src/MagangBanyubramanta_Basten-Andika-Salim/src/tugas_yolo-yolocpp/src/detect.cpp:56:142:[m[K [01;31m[Kerror: [m[Kâ€˜[01m[K_1[m[Kâ€™ was not declared in this scope; did you mean â€˜[01m[Kstd::placeholders::_1[m[Kâ€™?
[1.758s]    56 | ge>("openCamera", 10, std::bind(&Detection::topic_callback, this, [01;31m[K_1[m[K));
[1.758s]       |                                                                   [01;31m[K^~[m[K
[1.758s]       |                                                                   [32m[Kstd::placeholders::_1[m[K
[1.758s] In file included from [01m[K/home/basten/ros2_ws/src/MagangBanyubramanta_Basten-Andika-Salim/src/tugas_yolo-yolocpp/src/detect.cpp:2[m[K:
[1.758s] [01m[K/usr/include/c++/11/functional:225:34:[m[K [01;36m[Knote: [m[Kâ€˜[01m[Kstd::placeholders::_1[m[Kâ€™ declared here
[1.758s]   225 |     extern const _Placeholder<1> [01;36m[K_1[m[K;
[1.758s]       |                                  [01;36m[K^~[m[K
[1.763s] [01m[K/home/basten/ros2_ws/src/MagangBanyubramanta_Basten-Andika-Salim/src/tugas_yolo-yolocpp/src/detect.cpp:57:13:[m[K [01;31m[Kerror: [m[Kâ€˜[01m[Kpublisher_[m[Kâ€™ was not declared in this scope; did you mean â€˜[01m[Krmw_publisher_t[m[Kâ€™?
[1.763s]    57 |             [01;31m[Kpublisher_[m[K = this->create_publisher<std_msgs::msgs::String>("yoloOutput", 10);
[1.763s]       |             [01;31m[K^~~~~~~~~~[m[K
[1.763s]       |             [32m[Krmw_publisher_t[m[K
[1.763s] [01m[K/home/basten/ros2_ws/src/MagangBanyubramanta_Basten-Andika-Salim/src/tugas_yolo-yolocpp/src/detect.cpp:57:59:[m[K [01;31m[Kerror: [m[Kâ€˜[01m[Kmsgs[m[Kâ€™ is not a member of â€˜[01m[Kstd_msgs[m[Kâ€™; did you mean â€˜[01m[Kmsg[m[Kâ€™?
[1.763s]    57 |             publisher_ = this->create_publisher<std_msgs::[01;31m[Kmsgs[m[K::String>("yoloOutput", 10);
[1.763s]       |                                                           [01;31m[K^~~~[m[K
[1.763s]       |                                                           [32m[Kmsg[m[K
[1.763s] [01m[K/home/basten/ros2_ws/src/MagangBanyubramanta_Basten-Andika-Salim/src/tugas_yolo-yolocpp/src/detect.cpp:57:32:[m[K [01;31m[Kerror: [m[Kparse error in template argument list
[1.763s]    57 |             publisher_ = this->[01;31m[Kcreate_publisher<std_msgs::msgs::String>[m[K("yoloOutput", 10);
[1.763s]       |                                [01;31m[K^~~~~~~~~~~~~~~~~~~~~~~~~~~~~~~~~~~~~~~~[m[K
[1.763s] [01m[K/home/basten/ros2_ws/src/MagangBanyubramanta_Basten-Andika-Salim/src/tugas_yolo-yolocpp/src/detect.cpp:57:72:[m[K [01;31m[Kerror: [m[Kno matching function for call to â€˜[01m[KDetection::create_publisher<<expression error> >(const char [11], int)[m[Kâ€™
[1.763s]    57 |  publisher_ = [01;31m[Kthis->create_publisher<std_msgs::msgs::String>("yoloOutput", 10)[m[K;
[1.763s]       |               [01;31m[K~~~~~~~~~~~~~~~~~~~~~~~~~~~~~~~~~~~~~~~~~~~~~~^~~~~~~~~~~~~~~~~~[m[K
[1.763s] 
[1.763s] In file included from [01m[K/opt/ros/humble/include/rclcpp/rclcpp/executors/single_threaded_executor.hpp:28[m[K,
[1.763s]                  from [01m[K/opt/ros/humble/include/rclcpp/rclcpp/executors.hpp:22[m[K,
[1.763s]                  from [01m[K/opt/ros/humble/include/rclcpp/rclcpp/rclcpp.hpp:155[m[K,
[1.763s]                  from [01m[K/home/basten/ros2_ws/src/MagangBanyubramanta_Basten-Andika-Salim/src/tugas_yolo-yolocpp/src/detect.cpp:8[m[K:
[1.763s] [01m[K/opt/ros/humble/include/rclcpp/rclcpp/node.hpp:195:3:[m[K [01;36m[Knote: [m[Kcandidate: â€˜[01m[Ktemplate<class MessageT, class AllocatorT, class PublisherT> std::shared_ptr<PublisherT> rclcpp::Node::create_publisher(const string&, const rclcpp::QoS&, const rclcpp::PublisherOptionsWithAllocator<AllocatorT>&)[m[Kâ€™
[1.763s]   195 |   [01;36m[Kcreate_publisher[m[K(
[1.763s]       |   [01;36m[K^~~~~~~~~~~~~~~~[m[K
[1.763s] [01m[K/opt/ros/humble/include/rclcpp/rclcpp/node.hpp:195:3:[m[K [01;36m[Knote: [m[K  template argument deduction/substitution failed:
[1.763s] [01m[K/home/basten/ros2_ws/src/MagangBanyubramanta_Basten-Andika-Salim/src/tugas_yolo-yolocpp/src/detect.cpp:57:72:[m[K [01;31m[Kerror: [m[Ktemplate argument 1 is invalid
[1.763s]    57 |  publisher_ = [01;31m[Kthis->create_publisher<std_msgs::msgs::String>("yoloOutput", 10)[m[K;
[1.763s]       |               [01;31m[K~~~~~~~~~~~~~~~~~~~~~~~~~~~~~~~~~~~~~~~~~~~~~~^~~~~~~~~~~~~~~~~~[m[K
[1.763s] 
[1.767s] [01m[K/home/basten/ros2_ws/src/MagangBanyubramanta_Basten-Andika-Salim/src/tugas_yolo-yolocpp/src/detect.cpp:[m[K In member function â€˜[01m[Kcv::Mat Detection::post_process(cv::Mat&, std::vector<cv::Mat>&, const std::vector<std::__cxx11::basic_string<char> >&)[m[Kâ€™:
[1.767s] [01m[K/home/basten/ros2_ws/src/MagangBanyubramanta_Basten-Andika-Salim/src/tugas_yolo-yolocpp/src/detect.cpp:150:31:[m[K [01;35m[Kwarning: [m[Kcomparison of integer expressions of different signedness: â€˜[01m[Kint[m[Kâ€™ and â€˜[01m[Kstd::vector<int>::size_type[m[Kâ€™ {aka â€˜[01m[Klong unsigned int[m[Kâ€™} [[01;35m[K]8;;https://gcc.gnu.org/onlinedocs/gcc/Warning-Options.html#index-Wsign-compare-Wsign-compare]8;;[m[K]
[1.767s]   150 |             for (int i = 0; [01;35m[Ki < index.size()[m[K; i++){
[1.767s]       |                             [01;35m[K~~^~~~~~~~~~~~~~[m[K
[1.767s] [01m[K/home/basten/ros2_ws/src/MagangBanyubramanta_Basten-Andika-Salim/src/tugas_yolo-yolocpp/src/detect.cpp:106:23:[m[K [01;35m[Kwarning: [m[Kunused variable â€˜[01m[Kdimensions[m[Kâ€™ [[01;35m[K]8;;https://gcc.gnu.org/onlinedocs/gcc/Warning-Options.html#index-Wunused-variable-Wunused-variable]8;;[m[K]
[1.767s]   106 |             const int [01;35m[Kdimensions[m[K = 85;
[1.767s]       |                       [01;35m[K^~~~~~~~~~[m[K
[2.109s] gmake[2]: *** [CMakeFiles/detect.dir/build.make:76: CMakeFiles/detect.dir/src/detect.cpp.o] Error 1
[2.109s] gmake[1]: *** [CMakeFiles/Makefile2:137: CMakeFiles/detect.dir/all] Error 2
[2.110s] gmake: *** [Makefile:146: all] Error 2
[2.112s] Invoked command in '/home/basten/ros2_ws/src/MagangBanyubramanta_Basten-Andika-Salim/src/build/tugas_yolo-yolocpp' returned '2': CMAKE_PREFIX_PATH=${CMAKE_PREFIX_PATH}:/opt/ros/humble /usr/bin/cmake --build /home/basten/ros2_ws/src/MagangBanyubramanta_Basten-Andika-Salim/src/build/tugas_yolo-yolocpp -- -j32 -l32
