[0.025s] Invoking command in '/home/basten/ros2_ws/src/MagangBanyubramanta_Basten-Andika-Salim/src/build/tugas_yolo': CMAKE_PREFIX_PATH=${CMAKE_PREFIX_PATH}:/opt/ros/humble /usr/bin/cmake --build /home/basten/ros2_ws/src/MagangBanyubramanta_Basten-Andika-Salim/src/build/tugas_yolo -- -j32 -l32
[0.047s] [35m[1mConsolidate compiler generated dependencies of target initCv[0m
[0.060s] [ 50%] [32mBuilding CXX object CMakeFiles/initCv.dir/src/initCv.cpp.o[0m
[1.427s] [01m[K/home/basten/ros2_ws/src/MagangBanyubramanta_Basten-Andika-Salim/src/tugas_yolo/src/initCv.cpp:[m[K In member function â€˜[01m[Kvoid CameraPublisher::publish_image()[m[Kâ€™:
[1.427s] [01m[K/home/basten/ros2_ws/src/MagangBanyubramanta_Basten-Andika-Salim/src/tugas_yolo/src/initCv.cpp:42:30:[m[K [01;31m[Kerror: [m[Kreference to â€˜[01m[Ksize[m[Kâ€™ is ambiguous
[1.427s]    42 |         resize(frame, image, [01;31m[Ksize[m[K);
[1.427s]       |                              [01;31m[K^~~~[m[K
[1.427s] In file included from [01m[K/usr/include/c++/11/array:41[m[K,
[1.427s]                  from [01m[K/usr/include/c++/11/tuple:39[m[K,
[1.427s]                  from [01m[K/usr/include/c++/11/functional:54[m[K,
[1.427s]                  from [01m[K/usr/include/c++/11/pstl/glue_algorithm_defs.h:13[m[K,
[1.427s]                  from [01m[K/usr/include/c++/11/algorithm:74[m[K,
[1.427s]                  from [01m[K/usr/local/include/opencv4/opencv2/core/base.hpp:55[m[K,
[1.427s]                  from [01m[K/usr/local/include/opencv4/opencv2/core.hpp:53[m[K,
[1.427s]                  from [01m[K/usr/local/include/opencv4/opencv2/opencv.hpp:52[m[K,
[1.427s]                  from [01m[K/home/basten/ros2_ws/src/MagangBanyubramanta_Basten-Andika-Salim/src/tugas_yolo/src/initCv.cpp:1[m[K:
[1.427s] [01m[K/usr/include/c++/11/bits/range_access.h:254:5:[m[K [01;36m[Knote: [m[Kcandidates are: â€˜[01m[Ktemplate<class _Tp, long unsigned int _Nm> constexpr std::size_t std::size(const _Tp (&)[_Nm])[m[Kâ€™
[1.427s]   254 |     [01;36m[Ksize[m[K(const _Tp (&)[_Nm]) noexcept
[1.427s]       |     [01;36m[K^~~~[m[K
[1.427s] [01m[K/usr/include/c++/11/bits/range_access.h:245:5:[m[K [01;36m[Knote: [m[K                â€˜[01m[Ktemplate<class _Container> constexpr decltype (__cont.size()) std::size(const _Container&)[m[Kâ€™
[1.427s]   245 |     [01;36m[Ksize[m[K(const _Container& __cont) noexcept(noexcept(__cont.size()))
[1.427s]       |     [01;36m[K^~~~[m[K
[1.427s] [01m[K/home/basten/ros2_ws/src/MagangBanyubramanta_Basten-Andika-Salim/src/tugas_yolo/src/initCv.cpp:15:6:[m[K [01;36m[Knote: [m[K                â€˜[01m[Kcv::Size size[m[Kâ€™
[1.427s]    15 | Size [01;36m[Ksize[m[K(640, 480);
[1.427s]       |      [01;36m[K^~~~[m[K
[1.955s] gmake[2]: *** [CMakeFiles/initCv.dir/build.make:76: CMakeFiles/initCv.dir/src/initCv.cpp.o] Error 1
[1.955s] gmake[1]: *** [CMakeFiles/Makefile2:137: CMakeFiles/initCv.dir/all] Error 2
[1.955s] gmake: *** [Makefile:146: all] Error 2
[1.957s] Invoked command in '/home/basten/ros2_ws/src/MagangBanyubramanta_Basten-Andika-Salim/src/build/tugas_yolo' returned '2': CMAKE_PREFIX_PATH=${CMAKE_PREFIX_PATH}:/opt/ros/humble /usr/bin/cmake --build /home/basten/ros2_ws/src/MagangBanyubramanta_Basten-Andika-Salim/src/build/tugas_yolo -- -j32 -l32
