[35m[1mConsolidate compiler generated dependencies of target initCv[0m
[ 50%] [32mBuilding CXX object CMakeFiles/initCv.dir/src/initCv.cpp.o[0m
[01m[K/home/basten/ros2_ws/src/MagangBanyubramanta_Basten-Andika-Salim/src/tugas_yolo/src/initCv.cpp:[m[K In member function â€˜[01m[Kvoid initCv_::timer_callback()[m[Kâ€™:
[01m[K/home/basten/ros2_ws/src/MagangBanyubramanta_Basten-Andika-Salim/src/tugas_yolo/src/initCv.cpp:43:20:[m[K [01;31m[Kerror: [m[Kâ€˜[01m[Kclass cv::Mat[m[Kâ€™ has no member named â€˜[01m[KisEmpty[m[Kâ€™; did you mean â€˜[01m[Kempty[m[Kâ€™?
   43 |         if (!frame.[01;31m[KisEmpty[m[K())
      |                    [01;31m[K^~~~~~~[m[K
      |                    [32m[Kempty[m[K
gmake[2]: *** [CMakeFiles/initCv.dir/build.make:76: CMakeFiles/initCv.dir/src/initCv.cpp.o] Error 1
gmake[1]: *** [CMakeFiles/Makefile2:137: CMakeFiles/initCv.dir/all] Error 2
gmake: *** [Makefile:146: all] Error 2
