[0.026s] Invoking command in '/home/basten/ros2_ws/src/MagangBanyubramanta_Basten-Andika-Salim/Ros2/build/tugas_opencv': CMAKE_PREFIX_PATH=${CMAKE_PREFIX_PATH}:/opt/ros/humble /usr/bin/cmake --build /home/basten/ros2_ws/src/MagangBanyubramanta_Basten-Andika-Salim/Ros2/build/tugas_opencv -- -j32 -l32
[0.052s] [  2%] Built target tugas_opencv__cpp
[0.052s] [ 12%] Built target tugas_opencv__rosidl_generator_c
[0.056s] [ 12%] Built target ament_cmake_python_copy_tugas_opencv
[0.062s] [ 21%] Built target tugas_opencv__rosidl_typesupport_cpp
[0.062s] [ 31%] Built target tugas_opencv__rosidl_typesupport_fastrtps_cpp
[0.062s] [ 41%] Built target tugas_opencv__rosidl_typesupport_introspection_cpp
[0.062s] [ 51%] Built target tugas_opencv__rosidl_typesupport_fastrtps_c
[0.063s] [ 60%] Built target tugas_opencv__rosidl_typesupport_introspection_c
[0.063s] [ 70%] Built target tugas_opencv__rosidl_typesupport_c
[0.068s] [35m[1mConsolidate compiler generated dependencies of target colorcheck[0m
[0.072s] [ 70%] Built target tugas_opencv
[0.077s] [ 73%] [32mBuilding CXX object CMakeFiles/colorcheck.dir/src/colorcheck.cpp.o[0m
[0.081s] [ 75%] Built target tugas_opencv__py
[0.092s] [ 82%] Built target tugas_opencv__rosidl_generator_py
[0.103s] [ 87%] Built target tugas_opencv__rosidl_typesupport_fastrtps_c__pyext
[0.103s] [ 92%] Built target tugas_opencv__rosidl_typesupport_introspection_c__pyext
[0.103s] [ 97%] Built target tugas_opencv__rosidl_typesupport_c__pyext
[0.149s] running egg_info
[0.155s] writing tugas_opencv.egg-info/PKG-INFO
[0.155s] writing dependency_links to tugas_opencv.egg-info/dependency_links.txt
[0.156s] writing top-level names to tugas_opencv.egg-info/top_level.txt
[0.174s] reading manifest file 'tugas_opencv.egg-info/SOURCES.txt'
[0.174s] writing manifest file 'tugas_opencv.egg-info/SOURCES.txt'
[0.187s] [ 97%] Built target ament_cmake_python_build_tugas_opencv_egg
[1.522s] [01m[K/home/basten/ros2_ws/src/MagangBanyubramanta_Basten-Andika-Salim/Ros2/src/tugas_opencv/src/colorcheck.cpp:[m[K In function â€˜[01m[Kint main(int, char**)[m[Kâ€™:
[1.522s] [01m[K/home/basten/ros2_ws/src/MagangBanyubramanta_Basten-Andika-Salim/Ros2/src/tugas_opencv/src/colorcheck.cpp:155:38:[m[K [01;31m[Kerror: [m[Kâ€˜[01m[KframeGreen[m[Kâ€™ was not declared in this scope; did you mean â€˜[01m[KframeRed[m[Kâ€™?
[1.522s]   155 |           Moments measureG = moments([01;31m[KframeGreen[m[K);
[1.522s]       |                                      [01;31m[K^~~~~~~~~~[m[K
[1.522s]       |                                      [32m[KframeRed[m[K
[1.522s] [01m[K/home/basten/ros2_ws/src/MagangBanyubramanta_Basten-Andika-Salim/Ros2/src/tugas_opencv/src/colorcheck.cpp:153:18:[m[K [01;35m[Kwarning: [m[Kunused variable â€˜[01m[KareaR[m[Kâ€™ [[01;35m[K]8;;https://gcc.gnu.org/onlinedocs/gcc/Warning-Options.html#index-Wunused-variable-Wunused-variable]8;;[m[K]
[1.522s]   153 |           double [01;35m[KareaR[m[K = measureR.m00;
[1.523s]       |                  [01;35m[K^~~~~[m[K
[1.523s] [01m[K/home/basten/ros2_ws/src/MagangBanyubramanta_Basten-Andika-Salim/Ros2/src/tugas_opencv/src/colorcheck.cpp:156:18:[m[K [01;35m[Kwarning: [m[Kunused variable â€˜[01m[KareaG[m[Kâ€™ [[01;35m[K]8;;https://gcc.gnu.org/onlinedocs/gcc/Warning-Options.html#index-Wunused-variable-Wunused-variable]8;;[m[K]
[1.523s]   156 |           double [01;35m[KareaG[m[K = measureG.m00;
[1.523s]       |                  [01;35m[K^~~~~[m[K
[1.523s] [01m[K/home/basten/ros2_ws/src/MagangBanyubramanta_Basten-Andika-Salim/Ros2/src/tugas_opencv/src/colorcheck.cpp:159:18:[m[K [01;35m[Kwarning: [m[Kunused variable â€˜[01m[KareaB[m[Kâ€™ [[01;35m[K]8;;https://gcc.gnu.org/onlinedocs/gcc/Warning-Options.html#index-Wunused-variable-Wunused-variable]8;;[m[K]
[1.523s]   159 |           double [01;35m[KareaB[m[K = measureB.m00;
[1.523s]       |                  [01;35m[K^~~~~[m[K
[2.097s] gmake[2]: *** [CMakeFiles/colorcheck.dir/build.make:76: CMakeFiles/colorcheck.dir/src/colorcheck.cpp.o] Error 1
[2.097s] gmake[1]: *** [CMakeFiles/Makefile2:593: CMakeFiles/colorcheck.dir/all] Error 2
[2.097s] gmake: *** [Makefile:146: all] Error 2
[2.099s] Invoked command in '/home/basten/ros2_ws/src/MagangBanyubramanta_Basten-Andika-Salim/Ros2/build/tugas_opencv' returned '2': CMAKE_PREFIX_PATH=${CMAKE_PREFIX_PATH}:/opt/ros/humble /usr/bin/cmake --build /home/basten/ros2_ws/src/MagangBanyubramanta_Basten-Andika-Salim/Ros2/build/tugas_opencv -- -j32 -l32
