[0.021s] Invoking command in '/home/basten/ros2_ws/src/MagangBanyubramanta_Basten-Andika-Salim/src/build/tugas_yolo-yolocpp': CMAKE_PREFIX_PATH=/opt/ros/humble /usr/bin/cmake --build /home/basten/ros2_ws/src/MagangBanyubramanta_Basten-Andika-Salim/src/build/tugas_yolo-yolocpp -- -j32 -l32
[0.040s] [35m[1mConsolidate compiler generated dependencies of target detect[0m
[0.055s] [ 50%] [32mBuilding CXX object CMakeFiles/detect.dir/src/detect.cpp.o[0m
[1.366s] [01m[K/home/basten/ros2_ws/src/MagangBanyubramanta_Basten-Andika-Salim/src/tugas_yolo-yolocpp/src/detect.cpp:[m[K In function â€˜[01m[Kvoid draw_label(cv::Mat&, std::string, int, int)[m[Kâ€™:
[1.366s] [01m[K/home/basten/ros2_ws/src/MagangBanyubramanta_Basten-Andika-Salim/src/tugas_yolo-yolocpp/src/detect.cpp:41:57:[m[K [01;31m[Kerror: [m[Kâ€˜[01m[KFIiLLED[m[Kâ€™ was not declared in this scope; did you mean â€˜[01m[KFILE[m[Kâ€™?
[1.366s]    41 |     rectangle(input_image, topLeft, bottomRight, BLACK, [01;31m[KFIiLLED[m[K);
[1.366s]       |                                                         [01;31m[K^~~~~~~[m[K
[1.366s]       |                                                         [32m[KFILE[m[K
[1.367s] [01m[K/home/basten/ros2_ws/src/MagangBanyubramanta_Basten-Andika-Salim/src/tugas_yolo-yolocpp/src/detect.cpp:[m[K In function â€˜[01m[Kcv::Mat post_process(cv::Mat&, std::vector<cv::Mat>&)[m[Kâ€™:
[1.367s] [01m[K/home/basten/ros2_ws/src/MagangBanyubramanta_Basten-Andika-Salim/src/tugas_yolo-yolocpp/src/detect.cpp:63:11:[m[K [01;35m[Kwarning: [m[Kunused variable â€˜[01m[Kx_factor[m[Kâ€™ [[01;35m[K]8;;https://gcc.gnu.org/onlinedocs/gcc/Warning-Options.html#index-Wunused-variable-Wunused-variable]8;;[m[K]
[1.367s]    63 |     float [01;35m[Kx_factor[m[K = input_image.cols / WIDTH;
[1.367s]       |           [01;35m[K^~~~~~~~[m[K
[1.367s] [01m[K/home/basten/ros2_ws/src/MagangBanyubramanta_Basten-Andika-Salim/src/tugas_yolo-yolocpp/src/detect.cpp:64:11:[m[K [01;35m[Kwarning: [m[Kunused variable â€˜[01m[Ky_factor[m[Kâ€™ [[01;35m[K]8;;https://gcc.gnu.org/onlinedocs/gcc/Warning-Options.html#index-Wunused-variable-Wunused-variable]8;;[m[K]
[1.367s]    64 |     float [01;35m[Ky_factor[m[K = input_image.rows / HEIGHT;
[1.367s]       |           [01;35m[K^~~~~~~~[m[K
[1.367s] [01m[K/home/basten/ros2_ws/src/MagangBanyubramanta_Basten-Andika-Salim/src/tugas_yolo-yolocpp/src/detect.cpp:66:15:[m[K [01;35m[Kwarning: [m[Kunused variable â€˜[01m[Kdimensions[m[Kâ€™ [[01;35m[K]8;;https://gcc.gnu.org/onlinedocs/gcc/Warning-Options.html#index-Wunused-variable-Wunused-variable]8;;[m[K]
[1.367s]    66 |     const int [01;35m[Kdimensions[m[K = 85;
[1.367s]       |               [01;35m[K^~~~~~~~~~[m[K
[1.367s] [01m[K/home/basten/ros2_ws/src/MagangBanyubramanta_Basten-Andika-Salim/src/tugas_yolo-yolocpp/src/detect.cpp:[m[K In function â€˜[01m[Kint main(int, const char**)[m[Kâ€™:
[1.367s] [01m[K/home/basten/ros2_ws/src/MagangBanyubramanta_Basten-Andika-Salim/src/tugas_yolo-yolocpp/src/detect.cpp:77:14:[m[K [01;35m[Kwarning: [m[Kunused parameter â€˜[01m[Kargc[m[Kâ€™ [[01;35m[K]8;;https://gcc.gnu.org/onlinedocs/gcc/Warning-Options.html#index-Wunused-parameter-Wunused-parameter]8;;[m[K]
[1.367s]    77 | int main([01;35m[Kint argc[m[K, char const *argv[]) {
[1.367s]       |          [01;35m[K~~~~^~~~[m[K
[1.367s] [01m[K/home/basten/ros2_ws/src/MagangBanyubramanta_Basten-Andika-Salim/src/tugas_yolo-yolocpp/src/detect.cpp:77:32:[m[K [01;35m[Kwarning: [m[Kunused parameter â€˜[01m[Kargv[m[Kâ€™ [[01;35m[K]8;;https://gcc.gnu.org/onlinedocs/gcc/Warning-Options.html#index-Wunused-parameter-Wunused-parameter]8;;[m[K]
[1.367s]    77 | int main(int argc, [01;35m[Kchar const *argv[][m[K) {
[1.367s]       |                    [01;35m[K~~~~~~~~~~~~^~~~~~[m[K
[1.724s] gmake[2]: *** [CMakeFiles/detect.dir/build.make:76: CMakeFiles/detect.dir/src/detect.cpp.o] Error 1
[1.724s] gmake[1]: *** [CMakeFiles/Makefile2:137: CMakeFiles/detect.dir/all] Error 2
[1.724s] gmake: *** [Makefile:146: all] Error 2
[1.726s] Invoked command in '/home/basten/ros2_ws/src/MagangBanyubramanta_Basten-Andika-Salim/src/build/tugas_yolo-yolocpp' returned '2': CMAKE_PREFIX_PATH=/opt/ros/humble /usr/bin/cmake --build /home/basten/ros2_ws/src/MagangBanyubramanta_Basten-Andika-Salim/src/build/tugas_yolo-yolocpp -- -j32 -l32
