[0.025s] Invoking command in '/home/basten/ros2_ws/src/MagangBanyubramanta_Basten-Andika-Salim/src/build/tugas_yolo-yolocpp': CMAKE_PREFIX_PATH=/opt/ros/humble /usr/bin/cmake --build /home/basten/ros2_ws/src/MagangBanyubramanta_Basten-Andika-Salim/src/build/tugas_yolo-yolocpp -- -j32 -l32
[0.047s] [35m[1mConsolidate compiler generated dependencies of target detect[0m
[0.066s] [ 50%] [32mBuilding CXX object CMakeFiles/detect.dir/src/detect.cpp.o[0m
[1.427s] [01m[K/home/basten/ros2_ws/src/MagangBanyubramanta_Basten-Andika-Salim/src/tugas_yolo-yolocpp/src/detect.cpp:[m[K In constructor â€˜[01m[KDetection::Detection()[m[Kâ€™:
[1.427s] [01m[K/home/basten/ros2_ws/src/MagangBanyubramanta_Basten-Andika-Salim/src/tugas_yolo-yolocpp/src/detect.cpp:51:140:[m[K [01;31m[Kerror: [m[Kâ€˜[01m[K_1[m[Kâ€™ was not declared in this scope; did you mean â€˜[01m[Kstd::placeholders::_1[m[Kâ€™?
[1.427s]    51 | ge>("openCamera", 10, std::bind(&Detection::topic_callback, this, [01;31m[K_1[m[K));
[1.427s]       |                                                                   [01;31m[K^~[m[K
[1.427s]       |                                                                   [32m[Kstd::placeholders::_1[m[K
[1.427s] In file included from [01m[K/home/basten/ros2_ws/src/MagangBanyubramanta_Basten-Andika-Salim/src/tugas_yolo-yolocpp/src/detect.cpp:2[m[K:
[1.427s] [01m[K/usr/include/c++/11/functional:225:34:[m[K [01;36m[Knote: [m[Kâ€˜[01m[Kstd::placeholders::_1[m[Kâ€™ declared here
[1.427s]   225 |     extern const _Placeholder<1> [01;36m[K_1[m[K;
[1.427s]       |                                  [01;36m[K^~[m[K
[1.431s] [01m[K/home/basten/ros2_ws/src/MagangBanyubramanta_Basten-Andika-Salim/src/tugas_yolo-yolocpp/src/detect.cpp:[m[K In member function â€˜[01m[Kcv::Mat Detection::post_process(cv::Mat&, std::vector<cv::Mat>&, const std::vector<std::__cxx11::basic_string<char> >&)[m[Kâ€™:
[1.431s] [01m[K/home/basten/ros2_ws/src/MagangBanyubramanta_Basten-Andika-Salim/src/tugas_yolo-yolocpp/src/detect.cpp:133:31:[m[K [01;35m[Kwarning: [m[Kcomparison of integer expressions of different signedness: â€˜[01m[Kint[m[Kâ€™ and â€˜[01m[Kstd::vector<int>::size_type[m[Kâ€™ {aka â€˜[01m[Klong unsigned int[m[Kâ€™} [[01;35m[K]8;;https://gcc.gnu.org/onlinedocs/gcc/Warning-Options.html#index-Wsign-compare-Wsign-compare]8;;[m[K]
[1.431s]   133 |             for (int i = 0; [01;35m[Ki < index.size()[m[K; i++){
[1.431s]       |                             [01;35m[K~~^~~~~~~~~~~~~~[m[K
[1.432s] [01m[K/home/basten/ros2_ws/src/MagangBanyubramanta_Basten-Andika-Salim/src/tugas_yolo-yolocpp/src/detect.cpp:89:23:[m[K [01;35m[Kwarning: [m[Kunused variable â€˜[01m[Kdimensions[m[Kâ€™ [[01;35m[K]8;;https://gcc.gnu.org/onlinedocs/gcc/Warning-Options.html#index-Wunused-variable-Wunused-variable]8;;[m[K]
[1.432s]    89 |             const int [01;35m[Kdimensions[m[K = 85;
[1.432s]       |                       [01;35m[K^~~~~~~~~~[m[K
[1.435s] [01m[K/home/basten/ros2_ws/src/MagangBanyubramanta_Basten-Andika-Salim/src/tugas_yolo-yolocpp/src/detect.cpp:[m[K In function â€˜[01m[Kint main(int, const char**)[m[Kâ€™:
[1.435s] [01m[K/home/basten/ros2_ws/src/MagangBanyubramanta_Basten-Andika-Salim/src/tugas_yolo-yolocpp/src/detect.cpp:183:25:[m[K [01;31m[Kerror: [m[Kreference to â€˜[01m[Kline[m[Kâ€™ is ambiguous
[1.435s]   183 |     while (getline(ifs, [01;31m[Kline[m[K)){
[1.435s]       |                         [01;31m[K^~~~[m[K
[1.435s] In file included from [01m[K/usr/local/include/opencv4/opencv2/opencv.hpp:74[m[K,
[1.435s]                  from [01m[K/home/basten/ros2_ws/src/MagangBanyubramanta_Basten-Andika-Salim/src/tugas_yolo-yolocpp/src/detect.cpp:11[m[K:
[1.435s] [01m[K/usr/local/include/opencv4/opencv2/imgproc.hpp:4511:19:[m[K [01;36m[Knote: [m[Kcandidates are: â€˜[01m[Kvoid cv::line(cv::InputOutputArray, cv::Point, cv::Point, const Scalar&, int, int, int)[m[Kâ€™
[1.435s]  4511 | CV_EXPORTS_W void [01;36m[Kline[m[K(InputOutputArray img, Point pt1, Point pt2, const Scalar& color,
[1.435s]       |                   [01;36m[K^~~~[m[K
[1.435s] [01m[K/home/basten/ros2_ws/src/MagangBanyubramanta_Basten-Andika-Salim/src/tugas_yolo-yolocpp/src/detect.cpp:24:12:[m[K [01;36m[Knote: [m[K                â€˜[01m[Kstd::string line[m[Kâ€™
[1.435s]    24 |     string [01;36m[Kline[m[K;
[1.435s]       |            [01;36m[K^~~~[m[K
[1.435s] [01m[K/home/basten/ros2_ws/src/MagangBanyubramanta_Basten-Andika-Salim/src/tugas_yolo-yolocpp/src/detect.cpp:184:30:[m[K [01;31m[Kerror: [m[Kreference to â€˜[01m[Kline[m[Kâ€™ is ambiguous
[1.436s]   184 |         class_list.push_back([01;31m[Kline[m[K);
[1.436s]       |                              [01;31m[K^~~~[m[K
[1.436s] In file included from [01m[K/usr/local/include/opencv4/opencv2/opencv.hpp:74[m[K,
[1.436s]                  from [01m[K/home/basten/ros2_ws/src/MagangBanyubramanta_Basten-Andika-Salim/src/tugas_yolo-yolocpp/src/detect.cpp:11[m[K:
[1.436s] [01m[K/usr/local/include/opencv4/opencv2/imgproc.hpp:4511:19:[m[K [01;36m[Knote: [m[Kcandidates are: â€˜[01m[Kvoid cv::line(cv::InputOutputArray, cv::Point, cv::Point, const Scalar&, int, int, int)[m[Kâ€™
[1.436s]  4511 | CV_EXPORTS_W void [01;36m[Kline[m[K(InputOutputArray img, Point pt1, Point pt2, const Scalar& color,
[1.436s]       |                   [01;36m[K^~~~[m[K
[1.436s] [01m[K/home/basten/ros2_ws/src/MagangBanyubramanta_Basten-Andika-Salim/src/tugas_yolo-yolocpp/src/detect.cpp:24:12:[m[K [01;36m[Knote: [m[K                â€˜[01m[Kstd::string line[m[Kâ€™
[1.436s]    24 |     string [01;36m[Kline[m[K;
[1.436s]       |            [01;36m[K^~~~[m[K
[2.101s] gmake[2]: *** [CMakeFiles/detect.dir/build.make:76: CMakeFiles/detect.dir/src/detect.cpp.o] Error 1
[2.101s] gmake[1]: *** [CMakeFiles/Makefile2:137: CMakeFiles/detect.dir/all] Error 2
[2.101s] gmake: *** [Makefile:146: all] Error 2
[2.103s] Invoked command in '/home/basten/ros2_ws/src/MagangBanyubramanta_Basten-Andika-Salim/src/build/tugas_yolo-yolocpp' returned '2': CMAKE_PREFIX_PATH=/opt/ros/humble /usr/bin/cmake --build /home/basten/ros2_ws/src/MagangBanyubramanta_Basten-Andika-Salim/src/build/tugas_yolo-yolocpp -- -j32 -l32
