[01m[K/home/basten/ros2_ws/src/MagangBanyubramanta_Basten-Andika-Salim/src/tugas_opencv/src/colorcheck.cpp:32:43:[m[K [01;31m[Kerror: [m[Kâ€˜[01m[Kcolor[m[Kâ€™ is not a member of â€˜[01m[Ktugas_opencv::msg[m[Kâ€™; did you mean â€˜[01m[KColor[m[Kâ€™?
   32 |      rclcpp::Publisher<tugas_opencv::msg::[01;31m[Kcolor[m[K>::SharedPtr publish_;
      |                                           [01;31m[K^~~~~[m[K
      |                                           [32m[KColor[m[K
[01m[K/home/basten/ros2_ws/src/MagangBanyubramanta_Basten-Andika-Salim/src/tugas_opencv/src/colorcheck.cpp:32:48:[m[K [01;31m[Kerror: [m[Ktemplate argument 1 is invalid
   32 |      rclcpp::Publisher<tugas_opencv::msg::color[01;31m[K>[m[K::SharedPtr publish_;
      |                                                [01;31m[K^[m[K
[01m[K/home/basten/ros2_ws/src/MagangBanyubramanta_Basten-Andika-Salim/src/tugas_opencv/src/colorcheck.cpp:32:51:[m[K [01;31m[Kerror: [m[Kexpected â€˜[01m[K;[m[Kâ€™ at end of member declaration
   32 |      rclcpp::Publisher<tugas_opencv::msg::color>::[01;31m[KSharedPtr[m[K publish_;
      |                                                   [01;31m[K^~~~~~~~~[m[K
      |                                                            [32m[K;[m[K
[01m[K/home/basten/ros2_ws/src/MagangBanyubramanta_Basten-Andika-Salim/src/tugas_opencv/src/colorcheck.cpp:32:61:[m[K [01;31m[Kerror: [m[Kâ€˜[01m[Kpublish_[m[Kâ€™ does not name a type
   32 |      rclcpp::Publisher<tugas_opencv::msg::color>::SharedPtr [01;31m[Kpublish_[m[K;
      |                                                             [01;31m[K^~~~~~~~[m[K
[01m[K/home/basten/ros2_ws/src/MagangBanyubramanta_Basten-Andika-Salim/src/tugas_opencv/src/colorcheck.cpp:33:2:[m[K [01;31m[Kerror: [m[Kexpected â€˜[01m[K;[m[Kâ€™ after class definition
   33 | }
      |  [01;31m[K^[m[K
      |  [32m[K;[m[K
[01m[K/home/basten/ros2_ws/src/MagangBanyubramanta_Basten-Andika-Salim/src/tugas_opencv/src/colorcheck.cpp:[m[K In constructor â€˜[01m[KColor_::Color_()[m[Kâ€™:
[01m[K/home/basten/ros2_ws/src/MagangBanyubramanta_Basten-Andika-Salim/src/tugas_opencv/src/colorcheck.cpp:20:11:[m[K [01;31m[Kerror: [m[Kâ€˜[01m[Kpublish_[m[Kâ€™ was not declared in this scope
   20 |           [01;31m[Kpublish_[m[K = this->create_publisher<tugas_opencv::msg::Color>("detection", 10);
      |           [01;31m[K^~~~~~~~[m[K
[01m[K/home/basten/ros2_ws/src/MagangBanyubramanta_Basten-Andika-Salim/src/tugas_opencv/src/colorcheck.cpp:21:70:[m[K [01;31m[Kerror: [m[Kâ€˜[01m[KColor_::timer_callback[m[Kâ€™ is not a class, namespace, or enumeration
   21 |  timer_ = this->create_wall_timer(500ms, std::bind(&Color_::[01;31m[Ktimer_callback[m[K::this));
      |                                                             [01;31m[K^~~~~~~~~~~~~~[m[K

[01m[K/home/basten/ros2_ws/src/MagangBanyubramanta_Basten-Andika-Salim/src/tugas_opencv/src/colorcheck.cpp:21:86:[m[K [01;31m[Kerror: [m[Kexpected unqualified-id before â€˜[01m[Kthis[m[Kâ€™
   21 | is->create_wall_timer(500ms, std::bind(&Color_::timer_callback::[01;31m[Kthis[m[K));
      |                                                                 [01;31m[K^~~~[m[K

[01m[K/home/basten/ros2_ws/src/MagangBanyubramanta_Basten-Andika-Salim/src/tugas_opencv/src/colorcheck.cpp:[m[K In member function â€˜[01m[Kvoid Color_::timer_callback()[m[Kâ€™:
[01m[K/home/basten/ros2_ws/src/MagangBanyubramanta_Basten-Andika-Salim/src/tugas_opencv/src/colorcheck.cpp:27:11:[m[K [01;31m[Kerror: [m[Kâ€˜[01m[Kpublish_[m[Kâ€™ was not declared in this scope
   27 |           [01;31m[Kpublish_[m[K->publish("HALO");
      |           [01;31m[K^~~~~~~~[m[K
[01m[K/home/basten/ros2_ws/src/MagangBanyubramanta_Basten-Andika-Salim/src/tugas_opencv/src/colorcheck.cpp:[m[K In function â€˜[01m[Kint main(int, char**)[m[Kâ€™:
[01m[K/home/basten/ros2_ws/src/MagangBanyubramanta_Basten-Andika-Salim/src/tugas_opencv/src/colorcheck.cpp:80:38:[m[K [01;31m[Kerror: [m[Kâ€˜[01m[KColor__BGR2HSV[m[Kâ€™ was not declared in this scope
   80 |           cvtColor_(frame, frameHSV, [01;31m[KColor__BGR2HSV[m[K);
      |                                      [01;31m[K^~~~~~~~~~~~~~[m[K
[01m[K/home/basten/ros2_ws/src/MagangBanyubramanta_Basten-Andika-Salim/src/tugas_opencv/src/colorcheck.cpp:80:11:[m[K [01;31m[Kerror: [m[Kâ€˜[01m[KcvtColor_[m[Kâ€™ was not declared in this scope; did you mean â€˜[01m[KColor_[m[Kâ€™?
   80 |           [01;31m[KcvtColor_[m[K(frame, frameHSV, Color__BGR2HSV);
      |           [01;31m[K^~~~~~~~~[m[K
      |           [32m[KColor_[m[K
[01m[K/home/basten/ros2_ws/src/MagangBanyubramanta_Basten-Andika-Salim/src/tugas_opencv/src/colorcheck.cpp:91:18:[m[K [01;35m[Kwarning: [m[Kunused variable â€˜[01m[Karea[m[Kâ€™ [[01;35m[K]8;;https://gcc.gnu.org/onlinedocs/gcc/Warning-Options.html#index-Wunused-variable-Wunused-variable]8;;[m[K]
   91 |           double [01;35m[Karea[m[K = measure.m00;
      |                  [01;35m[K^~~~[m[K
[01m[K/home/basten/ros2_ws/src/MagangBanyubramanta_Basten-Andika-Salim/src/tugas_opencv/src/colorcheck.cpp:92:18:[m[K [01;35m[Kwarning: [m[Kunused variable â€˜[01m[KlengthX[m[Kâ€™ [[01;35m[K]8;;https://gcc.gnu.org/onlinedocs/gcc/Warning-Options.html#index-Wunused-variable-Wunused-variable]8;;[m[K]
   92 |           double [01;35m[KlengthX[m[K = measure.m01;
      |                  [01;35m[K^~~~~~~[m[K
[01m[K/home/basten/ros2_ws/src/MagangBanyubramanta_Basten-Andika-Salim/src/tugas_opencv/src/colorcheck.cpp:93:18:[m[K [01;35m[Kwarning: [m[Kunused variable â€˜[01m[KlengthY[m[Kâ€™ [[01;35m[K]8;;https://gcc.gnu.org/onlinedocs/gcc/Warning-Options.html#index-Wunused-variable-Wunused-variable]8;;[m[K]
   93 |           double [01;35m[KlengthY[m[K = measure.m10;
      |                  [01;35m[K^~~~~~~[m[K
gmake[2]: *** [CMakeFiles/colorcheck.dir/build.make:76: CMakeFiles/colorcheck.dir/src/colorcheck.cpp.o] Error 1
gmake[1]: *** [CMakeFiles/Makefile2:593: CMakeFiles/colorcheck.dir/all] Error 2
gmake: *** [Makefile:146: all] Error 2
