[0.046s] Invoking command in '/home/basten/ros2_ws/src/MagangBanyubramanta_Basten-Andika-Salim/src/build/tugas_opencv': CMAKE_PREFIX_PATH=${CMAKE_PREFIX_PATH}:/opt/ros/humble /usr/bin/cmake --build /home/basten/ros2_ws/src/MagangBanyubramanta_Basten-Andika-Salim/src/build/tugas_opencv -- -j32 -l32
[0.069s] [35m[1mConsolidate compiler generated dependencies of target tugas_opencv__rosidl_generator_c[0m
[0.074s] [  3%] Built target tugas_opencv__cpp
[0.074s] [ 12%] Built target tugas_opencv__rosidl_generator_c
[0.078s] [ 12%] Built target ament_cmake_python_copy_tugas_opencv
[0.078s] [35m[1mConsolidate compiler generated dependencies of target tugas_opencv__rosidl_typesupport_cpp[0m
[0.079s] [35m[1mConsolidate compiler generated dependencies of target tugas_opencv__rosidl_typesupport_fastrtps_cpp[0m
[0.079s] [35m[1mConsolidate compiler generated dependencies of target tugas_opencv__rosidl_typesupport_introspection_cpp[0m
[0.079s] [35m[1mConsolidate compiler generated dependencies of target tugas_opencv__rosidl_typesupport_fastrtps_c[0m
[0.079s] [35m[1mConsolidate compiler generated dependencies of target tugas_opencv__rosidl_typesupport_introspection_c[0m
[0.079s] [35m[1mConsolidate compiler generated dependencies of target tugas_opencv__rosidl_typesupport_c[0m
[0.084s] [ 21%] Built target tugas_opencv__rosidl_typesupport_cpp
[0.085s] [ 30%] Built target tugas_opencv__rosidl_typesupport_introspection_c
[0.085s] [ 39%] Built target tugas_opencv__rosidl_typesupport_introspection_cpp
[0.085s] [ 48%] Built target tugas_opencv__rosidl_typesupport_c
[0.087s] [ 57%] Built target tugas_opencv__rosidl_typesupport_fastrtps_cpp
[0.088s] [ 66%] Built target tugas_opencv__rosidl_typesupport_fastrtps_c
[0.095s] [ 69%] [32mBuilding CXX object CMakeFiles/colorcheck.dir/src/colorcheck.cpp.o[0m
[0.097s] [ 69%] Built target tugas_opencv
[0.106s] [ 72%] Built target tugas_opencv__py
[0.115s] [ 75%] [32mBuilding C object CMakeFiles/tugas_opencv__rosidl_generator_py.dir/rosidl_generator_py/tugas_opencv/msg/_color_s.c.o[0m
[0.161s] [ 78%] [32m[1mLinking C shared library rosidl_generator_py/tugas_opencv/libtugas_opencv__rosidl_generator_py.so[0m
[0.180s] [ 78%] Built target tugas_opencv__rosidl_generator_py
[0.187s] running egg_info
[0.188s] writing tugas_opencv.egg-info/PKG-INFO
[0.188s] writing dependency_links to tugas_opencv.egg-info/dependency_links.txt
[0.188s] writing top-level names to tugas_opencv.egg-info/top_level.txt
[0.189s] reading manifest file 'tugas_opencv.egg-info/SOURCES.txt'
[0.189s] writing manifest file 'tugas_opencv.egg-info/SOURCES.txt'
[0.189s] [ 81%] [32mBuilding C object CMakeFiles/tugas_opencv__rosidl_typesupport_introspection_c__pyext.dir/rosidl_generator_py/tugas_opencv/_tugas_opencv_s.ep.rosidl_typesupport_introspection_c.c.o[0m
[0.189s] [ 84%] [32mBuilding C object CMakeFiles/tugas_opencv__rosidl_typesupport_fastrtps_c__pyext.dir/rosidl_generator_py/tugas_opencv/_tugas_opencv_s.ep.rosidl_typesupport_fastrtps_c.c.o[0m
[0.190s] [ 87%] [32mBuilding C object CMakeFiles/tugas_opencv__rosidl_typesupport_c__pyext.dir/rosidl_generator_py/tugas_opencv/_tugas_opencv_s.ep.rosidl_typesupport_c.c.o[0m
[0.202s] [ 87%] Built target ament_cmake_python_build_tugas_opencv_egg
[0.232s] [ 93%] [32m[1mLinking C shared library rosidl_generator_py/tugas_opencv/tugas_opencv_s__rosidl_typesupport_introspection_c.cpython-310-x86_64-linux-gnu.so[0m
[0.232s] [ 96%] [32m[1mLinking C shared library rosidl_generator_py/tugas_opencv/tugas_opencv_s__rosidl_typesupport_c.cpython-310-x86_64-linux-gnu.so[0m
[0.232s] [ 96%] [32m[1mLinking C shared library rosidl_generator_py/tugas_opencv/tugas_opencv_s__rosidl_typesupport_fastrtps_c.cpython-310-x86_64-linux-gnu.so[0m
[0.247s] [ 96%] Built target tugas_opencv__rosidl_typesupport_c__pyext
[0.247s] [ 96%] Built target tugas_opencv__rosidl_typesupport_introspection_c__pyext
[0.247s] [ 96%] Built target tugas_opencv__rosidl_typesupport_fastrtps_c__pyext
[1.305s] [01m[K/home/basten/ros2_ws/src/MagangBanyubramanta_Basten-Andika-Salim/src/tugas_opencv/src/colorcheck.cpp:32:43:[m[K [01;31m[Kerror: [m[Kâ€˜[01m[Kcolor[m[Kâ€™ is not a member of â€˜[01m[Ktugas_opencv::msg[m[Kâ€™; did you mean â€˜[01m[KColor[m[Kâ€™?
[1.305s]    32 |      rclcpp::Publisher<tugas_opencv::msg::[01;31m[Kcolor[m[K>::SharedPtr publish_;
[1.305s]       |                                           [01;31m[K^~~~~[m[K
[1.305s]       |                                           [32m[KColor[m[K
[1.305s] [01m[K/home/basten/ros2_ws/src/MagangBanyubramanta_Basten-Andika-Salim/src/tugas_opencv/src/colorcheck.cpp:32:48:[m[K [01;31m[Kerror: [m[Ktemplate argument 1 is invalid
[1.305s]    32 |      rclcpp::Publisher<tugas_opencv::msg::color[01;31m[K>[m[K::SharedPtr publish_;
[1.305s]       |                                                [01;31m[K^[m[K
[1.305s] [01m[K/home/basten/ros2_ws/src/MagangBanyubramanta_Basten-Andika-Salim/src/tugas_opencv/src/colorcheck.cpp:32:51:[m[K [01;31m[Kerror: [m[Kexpected â€˜[01m[K;[m[Kâ€™ at end of member declaration
[1.305s]    32 |      rclcpp::Publisher<tugas_opencv::msg::color>::[01;31m[KSharedPtr[m[K publish_;
[1.305s]       |                                                   [01;31m[K^~~~~~~~~[m[K
[1.305s]       |                                                            [32m[K;[m[K
[1.306s] [01m[K/home/basten/ros2_ws/src/MagangBanyubramanta_Basten-Andika-Salim/src/tugas_opencv/src/colorcheck.cpp:32:61:[m[K [01;31m[Kerror: [m[Kâ€˜[01m[Kpublish_[m[Kâ€™ does not name a type
[1.306s]    32 |      rclcpp::Publisher<tugas_opencv::msg::color>::SharedPtr [01;31m[Kpublish_[m[K;
[1.306s]       |                                                             [01;31m[K^~~~~~~~[m[K
[1.306s] [01m[K/home/basten/ros2_ws/src/MagangBanyubramanta_Basten-Andika-Salim/src/tugas_opencv/src/colorcheck.cpp:33:2:[m[K [01;31m[Kerror: [m[Kexpected â€˜[01m[K;[m[Kâ€™ after class definition
[1.306s]    33 | }
[1.306s]       |  [01;31m[K^[m[K
[1.306s]       |  [32m[K;[m[K
[1.310s] [01m[K/home/basten/ros2_ws/src/MagangBanyubramanta_Basten-Andika-Salim/src/tugas_opencv/src/colorcheck.cpp:[m[K In constructor â€˜[01m[KColor_::Color_()[m[Kâ€™:
[1.310s] [01m[K/home/basten/ros2_ws/src/MagangBanyubramanta_Basten-Andika-Salim/src/tugas_opencv/src/colorcheck.cpp:20:11:[m[K [01;31m[Kerror: [m[Kâ€˜[01m[Kpublish_[m[Kâ€™ was not declared in this scope
[1.310s]    20 |           [01;31m[Kpublish_[m[K = this->create_publisher<tugas_opencv::msg::Color>("detection", 10);
[1.310s]       |           [01;31m[K^~~~~~~~[m[K
[1.312s] [01m[K/home/basten/ros2_ws/src/MagangBanyubramanta_Basten-Andika-Salim/src/tugas_opencv/src/colorcheck.cpp:21:70:[m[K [01;31m[Kerror: [m[Kâ€˜[01m[KColor_::timer_callback[m[Kâ€™ is not a class, namespace, or enumeration
[1.312s]    21 |  timer_ = this->create_wall_timer(500ms, std::bind(&Color_::[01;31m[Ktimer_callback[m[K::this));
[1.312s]       |                                                             [01;31m[K^~~~~~~~~~~~~~[m[K
[1.312s] 
[1.312s] [01m[K/home/basten/ros2_ws/src/MagangBanyubramanta_Basten-Andika-Salim/src/tugas_opencv/src/colorcheck.cpp:21:86:[m[K [01;31m[Kerror: [m[Kexpected unqualified-id before â€˜[01m[Kthis[m[Kâ€™
[1.312s]    21 | is->create_wall_timer(500ms, std::bind(&Color_::timer_callback::[01;31m[Kthis[m[K));
[1.312s]       |                                                                 [01;31m[K^~~~[m[K
[1.312s] 
[1.316s] [01m[K/home/basten/ros2_ws/src/MagangBanyubramanta_Basten-Andika-Salim/src/tugas_opencv/src/colorcheck.cpp:[m[K In member function â€˜[01m[Kvoid Color_::timer_callback()[m[Kâ€™:
[1.316s] [01m[K/home/basten/ros2_ws/src/MagangBanyubramanta_Basten-Andika-Salim/src/tugas_opencv/src/colorcheck.cpp:27:11:[m[K [01;31m[Kerror: [m[Kâ€˜[01m[Kpublish_[m[Kâ€™ was not declared in this scope
[1.316s]    27 |           [01;31m[Kpublish_[m[K->publish("HALO");
[1.316s]       |           [01;31m[K^~~~~~~~[m[K
[1.321s] [01m[K/home/basten/ros2_ws/src/MagangBanyubramanta_Basten-Andika-Salim/src/tugas_opencv/src/colorcheck.cpp:[m[K In function â€˜[01m[Kint main(int, char**)[m[Kâ€™:
[1.321s] [01m[K/home/basten/ros2_ws/src/MagangBanyubramanta_Basten-Andika-Salim/src/tugas_opencv/src/colorcheck.cpp:80:38:[m[K [01;31m[Kerror: [m[Kâ€˜[01m[KColor__BGR2HSV[m[Kâ€™ was not declared in this scope
[1.321s]    80 |           cvtColor_(frame, frameHSV, [01;31m[KColor__BGR2HSV[m[K);
[1.321s]       |                                      [01;31m[K^~~~~~~~~~~~~~[m[K
[1.323s] [01m[K/home/basten/ros2_ws/src/MagangBanyubramanta_Basten-Andika-Salim/src/tugas_opencv/src/colorcheck.cpp:80:11:[m[K [01;31m[Kerror: [m[Kâ€˜[01m[KcvtColor_[m[Kâ€™ was not declared in this scope; did you mean â€˜[01m[KColor_[m[Kâ€™?
[1.323s]    80 |           [01;31m[KcvtColor_[m[K(frame, frameHSV, Color__BGR2HSV);
[1.323s]       |           [01;31m[K^~~~~~~~~[m[K
[1.323s]       |           [32m[KColor_[m[K
[1.324s] [01m[K/home/basten/ros2_ws/src/MagangBanyubramanta_Basten-Andika-Salim/src/tugas_opencv/src/colorcheck.cpp:91:18:[m[K [01;35m[Kwarning: [m[Kunused variable â€˜[01m[Karea[m[Kâ€™ [[01;35m[K]8;;https://gcc.gnu.org/onlinedocs/gcc/Warning-Options.html#index-Wunused-variable-Wunused-variable]8;;[m[K]
[1.324s]    91 |           double [01;35m[Karea[m[K = measure.m00;
[1.324s]       |                  [01;35m[K^~~~[m[K
[1.324s] [01m[K/home/basten/ros2_ws/src/MagangBanyubramanta_Basten-Andika-Salim/src/tugas_opencv/src/colorcheck.cpp:92:18:[m[K [01;35m[Kwarning: [m[Kunused variable â€˜[01m[KlengthX[m[Kâ€™ [[01;35m[K]8;;https://gcc.gnu.org/onlinedocs/gcc/Warning-Options.html#index-Wunused-variable-Wunused-variable]8;;[m[K]
[1.324s]    92 |           double [01;35m[KlengthX[m[K = measure.m01;
[1.324s]       |                  [01;35m[K^~~~~~~[m[K
[1.324s] [01m[K/home/basten/ros2_ws/src/MagangBanyubramanta_Basten-Andika-Salim/src/tugas_opencv/src/colorcheck.cpp:93:18:[m[K [01;35m[Kwarning: [m[Kunused variable â€˜[01m[KlengthY[m[Kâ€™ [[01;35m[K]8;;https://gcc.gnu.org/onlinedocs/gcc/Warning-Options.html#index-Wunused-variable-Wunused-variable]8;;[m[K]
[1.324s]    93 |           double [01;35m[KlengthY[m[K = measure.m10;
[1.324s]       |                  [01;35m[K^~~~~~~[m[K
[1.928s] gmake[2]: *** [CMakeFiles/colorcheck.dir/build.make:76: CMakeFiles/colorcheck.dir/src/colorcheck.cpp.o] Error 1
[1.928s] gmake[1]: *** [CMakeFiles/Makefile2:593: CMakeFiles/colorcheck.dir/all] Error 2
[1.928s] gmake: *** [Makefile:146: all] Error 2
[1.930s] Invoked command in '/home/basten/ros2_ws/src/MagangBanyubramanta_Basten-Andika-Salim/src/build/tugas_opencv' returned '2': CMAKE_PREFIX_PATH=${CMAKE_PREFIX_PATH}:/opt/ros/humble /usr/bin/cmake --build /home/basten/ros2_ws/src/MagangBanyubramanta_Basten-Andika-Salim/src/build/tugas_opencv -- -j32 -l32
