-- Found ament_cmake: 1.3.8 (/opt/ros/humble/share/ament_cmake/cmake)
-- Found rclcpp: 16.0.8 (/opt/ros/humble/share/rclcpp/cmake)
-- Found rosidl_generator_c: 3.1.5 (/opt/ros/humble/share/rosidl_generator_c/cmake)
-- Found rosidl_adapter: 3.1.5 (/opt/ros/humble/share/rosidl_adapter/cmake)
-- Found rosidl_generator_cpp: 3.1.5 (/opt/ros/humble/share/rosidl_generator_cpp/cmake)
-- Using all available rosidl_typesupport_c: rosidl_typesupport_fastrtps_c;rosidl_typesupport_introspection_c
-- Using all available rosidl_typesupport_cpp: rosidl_typesupport_fastrtps_cpp;rosidl_typesupport_introspection_cpp
-- Found rmw_implementation_cmake: 6.1.1 (/opt/ros/humble/share/rmw_implementation_cmake/cmake)
-- Found rmw_fastrtps_cpp: 6.2.6 (/opt/ros/humble/share/rmw_fastrtps_cpp/cmake)
-- Using RMW implementation 'rmw_fastrtps_cpp' as default
-- Found sensor_msgs: 4.2.3 (/opt/ros/humble/share/sensor_msgs/cmake)
-- Found cv_bridge: 3.2.1 (/opt/ros/humble/share/cv_bridge/cmake)
-- Found ament_lint_auto: 0.12.10 (/opt/ros/humble/share/ament_lint_auto/cmake)
-- Added test 'cppcheck' to perform static code analysis on C / C++ code
-- Configured cppcheck include dirs: 
-- Configured cppcheck exclude dirs and/or files: 
-- Added test 'lint_cmake' to check CMake code style
-- Added test 'uncrustify' to check C / C++ code style
-- Configured uncrustify additional arguments: 
-- Added test 'xmllint' to check XML markup files
-- Configuring done
-- Generating done
-- Build files have been written to: /home/basten/ros2_ws/src/MagangBanyubramanta_Basten-Andika-Salim/src/build/tugas_yolo
[35m[1mConsolidate compiler generated dependencies of target initCv[0m
[ 50%] [32m[1mLinking CXX executable initCv[0m
/usr/bin/ld: warning: libopencv_imgproc.so.4.5d, needed by /opt/ros/humble/lib/libcv_bridge.so, may conflict with libopencv_imgproc.so.409
/usr/bin/ld: warning: libopencv_core.so.4.5d, needed by /opt/ros/humble/lib/libcv_bridge.so, may conflict with libopencv_core.so.409
/usr/bin/ld: CMakeFiles/initCv.dir/src/initCv.cpp.o:(.data.rel.ro+0x0): undefined reference to `ov::node_validation_failure_loc_string[abi:cxx11](ov::Node const*)'
/usr/bin/ld: CMakeFiles/initCv.dir/src/initCv.cpp.o:(.data.rel.ro+0x8): undefined reference to `ov::as_output_vector(std::vector<std::shared_ptr<ov::Node>, std::allocator<std::shared_ptr<ov::Node> > > const&)'
/usr/bin/ld: CMakeFiles/initCv.dir/src/initCv.cpp.o:(.data.rel.ro+0x10): undefined reference to `ov::as_node_vector(std::vector<ov::Output<ov::Node>, std::allocator<ov::Output<ov::Node> > > const&)'
/usr/bin/ld: CMakeFiles/initCv.dir/src/initCv.cpp.o:(.data.rel.ro+0x18): undefined reference to `ov::as_result_vector(std::vector<ov::Output<ov::Node>, std::allocator<ov::Output<ov::Node> > > const&)'
collect2: error: ld returned 1 exit status
gmake[2]: *** [CMakeFiles/initCv.dir/build.make:191: initCv] Error 1
gmake[1]: *** [CMakeFiles/Makefile2:137: CMakeFiles/initCv.dir/all] Error 2
gmake: *** [Makefile:146: all] Error 2
