[0.039s] Invoking command in '/home/basten/ros2_ws/src/MagangBanyubramanta_Basten-Andika-Salim/src/build/tugas_yolo_yolocpp': CMAKE_PREFIX_PATH=${CMAKE_PREFIX_PATH}:/opt/ros/humble /usr/bin/cmake --build /home/basten/ros2_ws/src/MagangBanyubramanta_Basten-Andika-Salim/src/build/tugas_yolo_yolocpp -- -j32 -l32
[0.068s] [ 50%] [32mBuilding CXX object CMakeFiles/detect.dir/src/detect.cpp.o[0m
[1.352s] [01m[K/home/basten/ros2_ws/src/MagangBanyubramanta_Basten-Andika-Salim/src/tugas_yolo-yolocpp/src/detect.cpp:184:23:[m[K [01;31m[Kerror: [m[Kâ€˜[01m[Ktugas_yolo_yolocpp[m[Kâ€™ was not declared in this scope
[1.352s]   184 |     rclcpp::Publisher<[01;31m[Ktugas_yolo_yolocpp[m[K::msg::Seen()>::SharedPtr publisher_;
[1.352s]       |                       [01;31m[K^~~~~~~~~~~~~~~~~~[m[K
[1.352s] [01m[K/home/basten/ros2_ws/src/MagangBanyubramanta_Basten-Andika-Salim/src/tugas_yolo-yolocpp/src/detect.cpp:184:54:[m[K [01;31m[Kerror: [m[Ktemplate argument 1 is invalid
[1.352s]   184 |     rclcpp::Publisher<tugas_yolo_yolocpp::msg::Seen()[01;31m[K>[m[K::SharedPtr publisher_;
[1.352s]       |                                                      [01;31m[K^[m[K
[1.352s] [01m[K/home/basten/ros2_ws/src/MagangBanyubramanta_Basten-Andika-Salim/src/tugas_yolo-yolocpp/src/detect.cpp:184:57:[m[K [01;31m[Kerror: [m[Kexpected â€˜[01m[K;[m[Kâ€™ at end of member declaration
[1.352s]   184 |     rclcpp::Publisher<tugas_yolo_yolocpp::msg::Seen()>::[01;31m[KSharedPtr[m[K publisher_;
[1.352s]       |                                                         [01;31m[K^~~~~~~~~[m[K
[1.352s]       |                                                                  [32m[K;[m[K
[1.353s] [01m[K/home/basten/ros2_ws/src/MagangBanyubramanta_Basten-Andika-Salim/src/tugas_yolo-yolocpp/src/detect.cpp:184:67:[m[K [01;31m[Kerror: [m[Kâ€˜[01m[Kpublisher_[m[Kâ€™ does not name a type; did you mean â€˜[01m[Krmw_publisher_t[m[Kâ€™?
[1.353s]   184 | lcpp::Publisher<tugas_yolo_yolocpp::msg::Seen()>::SharedPtr [01;31m[Kpublisher_[m[K;
[1.353s]       |                                                             [01;31m[K^~~~~~~~~~[m[K
[1.353s]       |                                                             [32m[Krmw_publisher_t[m[K
[1.362s] [01m[K/home/basten/ros2_ws/src/MagangBanyubramanta_Basten-Andika-Salim/src/tugas_yolo-yolocpp/src/detect.cpp:[m[K In constructor â€˜[01m[KDetection::Detection()[m[Kâ€™:
[1.362s] [01m[K/home/basten/ros2_ws/src/MagangBanyubramanta_Basten-Andika-Salim/src/tugas_yolo-yolocpp/src/detect.cpp:56:13:[m[K [01;31m[Kerror: [m[Kâ€˜[01m[Kpublisher_[m[Kâ€™ was not declared in this scope; did you mean â€˜[01m[Krmw_publisher_t[m[Kâ€™?
[1.362s]    56 |             [01;31m[Kpublisher_[m[K = this->create_publisher<tugas_yolo_yolocpp::msg::Seen()>("yoloOutput", 10);
[1.362s]       |             [01;31m[K^~~~~~~~~~[m[K
[1.362s]       |             [32m[Krmw_publisher_t[m[K
[1.368s] [01m[K/home/basten/ros2_ws/src/MagangBanyubramanta_Basten-Andika-Salim/src/tugas_yolo-yolocpp/src/detect.cpp:56:49:[m[K [01;31m[Kerror: [m[Kâ€˜[01m[Ktugas_yolo_yolocpp[m[Kâ€™ was not declared in this scope
[1.368s]    56 |             publisher_ = this->create_publisher<[01;31m[Ktugas_yolo_yolocpp[m[K::msg::Seen()>("yoloOutput", 10);
[1.369s]       |                                                 [01;31m[K^~~~~~~~~~~~~~~~~~[m[K
[1.369s] [01m[K/home/basten/ros2_ws/src/MagangBanyubramanta_Basten-Andika-Salim/src/tugas_yolo-yolocpp/src/detect.cpp:56:32:[m[K [01;31m[Kerror: [m[Kparse error in template argument list
[1.369s]    56 |             publisher_ = this->[01;31m[Kcreate_publisher<tugas_yolo_yolocpp::msg::Seen()>[m[K("yoloOutput", 10);
[1.369s]       |                                [01;31m[K^~~~~~~~~~~~~~~~~~~~~~~~~~~~~~~~~~~~~~~~~~~~~~~~~[m[K
[1.369s] [01m[K/home/basten/ros2_ws/src/MagangBanyubramanta_Basten-Andika-Salim/src/tugas_yolo-yolocpp/src/detect.cpp:56:81:[m[K [01;31m[Kerror: [m[Kno matching function for call to â€˜[01m[KDetection::create_publisher<<expression error> >(const char [11], int)[m[Kâ€™
[1.369s]    56 | r_ = [01;31m[Kthis->create_publisher<tugas_yolo_yolocpp::msg::Seen()>("yoloOutput", 10)[m[K;
[1.369s]       |      [01;31m[K~~~~~~~~~~~~~~~~~~~~~~~~~~~~~~~~~~~~~~~~~~~~~~~~~~~~~~~^~~~~~~~~~~~~~~~~~[m[K
[1.369s] 
[1.369s] In file included from [01m[K/opt/ros/humble/include/rclcpp/rclcpp/executors/single_threaded_executor.hpp:28[m[K,
[1.369s]                  from [01m[K/opt/ros/humble/include/rclcpp/rclcpp/executors.hpp:22[m[K,
[1.369s]                  from [01m[K/opt/ros/humble/include/rclcpp/rclcpp/rclcpp.hpp:155[m[K,
[1.369s]                  from [01m[K/home/basten/ros2_ws/src/MagangBanyubramanta_Basten-Andika-Salim/src/tugas_yolo-yolocpp/src/detect.cpp:8[m[K:
[1.369s] [01m[K/opt/ros/humble/include/rclcpp/rclcpp/node.hpp:195:3:[m[K [01;36m[Knote: [m[Kcandidate: â€˜[01m[Ktemplate<class MessageT, class AllocatorT, class PublisherT> std::shared_ptr<PublisherT> rclcpp::Node::create_publisher(const string&, const rclcpp::QoS&, const rclcpp::PublisherOptionsWithAllocator<AllocatorT>&)[m[Kâ€™
[1.369s]   195 |   [01;36m[Kcreate_publisher[m[K(
[1.369s]       |   [01;36m[K^~~~~~~~~~~~~~~~[m[K
[1.369s] [01m[K/opt/ros/humble/include/rclcpp/rclcpp/node.hpp:195:3:[m[K [01;36m[Knote: [m[K  template argument deduction/substitution failed:
[1.369s] [01m[K/home/basten/ros2_ws/src/MagangBanyubramanta_Basten-Andika-Salim/src/tugas_yolo-yolocpp/src/detect.cpp:56:81:[m[K [01;31m[Kerror: [m[Ktemplate argument 1 is invalid
[1.369s]    56 | r_ = [01;31m[Kthis->create_publisher<tugas_yolo_yolocpp::msg::Seen()>("yoloOutput", 10)[m[K;
[1.369s]       |      [01;31m[K~~~~~~~~~~~~~~~~~~~~~~~~~~~~~~~~~~~~~~~~~~~~~~~~~~~~~~~^~~~~~~~~~~~~~~~~~[m[K
[1.369s] 
[1.372s] [01m[K/home/basten/ros2_ws/src/MagangBanyubramanta_Basten-Andika-Salim/src/tugas_yolo-yolocpp/src/detect.cpp:[m[K In member function â€˜[01m[Kcv::Mat Detection::post_process(cv::Mat&, std::vector<cv::Mat>&, const std::vector<std::__cxx11::basic_string<char> >&)[m[Kâ€™:
[1.372s] [01m[K/home/basten/ros2_ws/src/MagangBanyubramanta_Basten-Andika-Salim/src/tugas_yolo-yolocpp/src/detect.cpp:137:31:[m[K [01;35m[Kwarning: [m[Kcomparison of integer expressions of different signedness: â€˜[01m[Kint[m[Kâ€™ and â€˜[01m[Kstd::vector<int>::size_type[m[Kâ€™ {aka â€˜[01m[Klong unsigned int[m[Kâ€™} [[01;35m[K]8;;https://gcc.gnu.org/onlinedocs/gcc/Warning-Options.html#index-Wsign-compare-Wsign-compare]8;;[m[K]
[1.372s]   137 |             for (int i = 0; [01;35m[Ki < index.size()[m[K; i++){
[1.372s]       |                             [01;35m[K~~^~~~~~~~~~~~~~[m[K
[1.373s] [01m[K/home/basten/ros2_ws/src/MagangBanyubramanta_Basten-Andika-Salim/src/tugas_yolo-yolocpp/src/detect.cpp:93:23:[m[K [01;35m[Kwarning: [m[Kunused variable â€˜[01m[Kdimensions[m[Kâ€™ [[01;35m[K]8;;https://gcc.gnu.org/onlinedocs/gcc/Warning-Options.html#index-Wunused-variable-Wunused-variable]8;;[m[K]
[1.373s]    93 |             const int [01;35m[Kdimensions[m[K = 85;
[1.373s]       |                       [01;35m[K^~~~~~~~~~[m[K
[2.453s] [01m[K/home/basten/ros2_ws/src/MagangBanyubramanta_Basten-Andika-Salim/src/tugas_yolo-yolocpp/src/detect.cpp:[m[K In member function â€˜[01m[Kstd::vector<cv::Mat> Detection::pre_process(cv::Mat&, cv::dnn::dnn4_v20231225::Net&)[m[Kâ€™:
[2.453s] [01m[K/home/basten/ros2_ws/src/MagangBanyubramanta_Basten-Andika-Salim/src/tugas_yolo-yolocpp/src/detect.cpp:82:9:[m[K [01;35m[Kwarning: [m[Kcontrol reaches end of non-void function [[01;35m[K]8;;https://gcc.gnu.org/onlinedocs/gcc/Warning-Options.html#index-Wreturn-type-Wreturn-type]8;;[m[K]
[2.453s]    82 |         [01;35m[K}[m[K
[2.453s]       |         [01;35m[K^[m[K
[2.547s] gmake[2]: *** [CMakeFiles/detect.dir/build.make:76: CMakeFiles/detect.dir/src/detect.cpp.o] Error 1
[2.548s] gmake[1]: *** [CMakeFiles/Makefile2:137: CMakeFiles/detect.dir/all] Error 2
[2.548s] gmake: *** [Makefile:146: all] Error 2
[2.550s] Invoked command in '/home/basten/ros2_ws/src/MagangBanyubramanta_Basten-Andika-Salim/src/build/tugas_yolo_yolocpp' returned '2': CMAKE_PREFIX_PATH=${CMAKE_PREFIX_PATH}:/opt/ros/humble /usr/bin/cmake --build /home/basten/ros2_ws/src/MagangBanyubramanta_Basten-Andika-Salim/src/build/tugas_yolo_yolocpp -- -j32 -l32
