[  2%] Built target tugas_opencv__cpp
[ 12%] Built target tugas_opencv__rosidl_generator_c
[ 12%] Built target ament_cmake_python_copy_tugas_opencv
[ 21%] Built target tugas_opencv__rosidl_typesupport_cpp
[ 34%] Built target tugas_opencv__rosidl_typesupport_fastrtps_cpp
[ 41%] Built target tugas_opencv__rosidl_typesupport_introspection_cpp
[ 51%] Built target tugas_opencv__rosidl_typesupport_c
[ 60%] Built target tugas_opencv__rosidl_typesupport_fastrtps_c
[ 70%] Built target tugas_opencv__rosidl_typesupport_introspection_c
[35m[1mConsolidate compiler generated dependencies of target colorcheck[0m
[ 70%] Built target tugas_opencv
[ 73%] [32mBuilding CXX object CMakeFiles/colorcheck.dir/src/colorcheck.cpp.o[0m
[ 75%] Built target tugas_opencv__py
[ 82%] Built target tugas_opencv__rosidl_generator_py
[ 87%] Built target tugas_opencv__rosidl_typesupport_fastrtps_c__pyext
[ 92%] Built target tugas_opencv__rosidl_typesupport_c__pyext
[ 97%] Built target tugas_opencv__rosidl_typesupport_introspection_c__pyext
running egg_info
writing tugas_opencv.egg-info/PKG-INFO
writing dependency_links to tugas_opencv.egg-info/dependency_links.txt
writing top-level names to tugas_opencv.egg-info/top_level.txt
reading manifest file 'tugas_opencv.egg-info/SOURCES.txt'
writing manifest file 'tugas_opencv.egg-info/SOURCES.txt'
[ 97%] Built target ament_cmake_python_build_tugas_opencv_egg
[01m[K/home/basten/ros2_ws/src/MagangBanyubramanta_Basten-Andika-Salim/Ros2/src/tugas_opencv/src/colorcheck.cpp:[m[K In member function â€˜[01m[Kvoid Color_::topic_callback(const Image&)[m[Kâ€™:
[01m[K/home/basten/ros2_ws/src/MagangBanyubramanta_Basten-Andika-Salim/Ros2/src/tugas_opencv/src/colorcheck.cpp:107:16:[m[K [01;31m[Kerror: [m[Kâ€˜[01m[Kcamera[m[Kâ€™ was not declared in this scope
  107 |           if (![01;31m[Kcamera[m[K.read(frame)){
      |                [01;31m[K^~~~~~[m[K
[01m[K/home/basten/ros2_ws/src/MagangBanyubramanta_Basten-Andika-Salim/Ros2/src/tugas_opencv/src/colorcheck.cpp:109:16:[m[K [01;31m[Kerror: [m[Kbreak statement not within loop or switch
  109 |                [01;31m[Kbreak[m[K;
      |                [01;31m[K^~~~~[m[K
[01m[K/home/basten/ros2_ws/src/MagangBanyubramanta_Basten-Andika-Salim/Ros2/src/tugas_opencv/src/colorcheck.cpp:119:29:[m[K [01;31m[Kerror: [m[Kâ€˜[01m[KScalacolor_node[m[Kâ€™ was not declared in this scope
  119 |           inRange(frameHSV, [01;31m[KScalacolor_node[m[K->r(20,70,110), Scalar(50, ceilingS, ceilingV), frameYellow);
      |                             [01;31m[K^~~~~~~~~~~~~~~[m[K
[01m[K/home/basten/ros2_ws/src/MagangBanyubramanta_Basten-Andika-Salim/Ros2/src/tugas_opencv/src/colorcheck.cpp:119:92:[m[K [01;31m[Kerror: [m[Kâ€˜[01m[KframeYellow[m[Kâ€™ was not declared in this scope
  119 | lacolor_node->r(20,70,110), Scalar(50, ceilingS, ceilingV), [01;31m[KframeYellow[m[K);
      |                                                             [01;31m[K^~~~~~~~~~~[m[K

gmake[2]: *** [CMakeFiles/colorcheck.dir/build.make:76: CMakeFiles/colorcheck.dir/src/colorcheck.cpp.o] Error 1
gmake[1]: *** [CMakeFiles/Makefile2:593: CMakeFiles/colorcheck.dir/all] Error 2
gmake: *** [Makefile:146: all] Error 2
