[0.021s] Invoking command in '/home/basten/ros2_ws/src/MagangBanyubramanta_Basten-Andika-Salim/Ros2/src/build/tugas_opencv': CMAKE_PREFIX_PATH=/opt/ros/humble /usr/bin/cmake --build /home/basten/ros2_ws/src/MagangBanyubramanta_Basten-Andika-Salim/Ros2/src/build/tugas_opencv -- -j32 -l32
[0.055s] [  2%] Built target tugas_opencv__cpp
[0.056s] [ 12%] Built target tugas_opencv__rosidl_generator_c
[0.060s] [ 12%] Built target ament_cmake_python_copy_tugas_opencv
[0.066s] [ 21%] Built target tugas_opencv__rosidl_typesupport_cpp
[0.066s] [ 34%] Built target tugas_opencv__rosidl_typesupport_fastrtps_cpp
[0.066s] [ 41%] Built target tugas_opencv__rosidl_typesupport_introspection_cpp
[0.066s] [ 51%] Built target tugas_opencv__rosidl_typesupport_c
[0.066s] [ 60%] Built target tugas_opencv__rosidl_typesupport_fastrtps_c
[0.067s] [ 70%] Built target tugas_opencv__rosidl_typesupport_introspection_c
[0.071s] [35m[1mConsolidate compiler generated dependencies of target colorcheck[0m
[0.075s] [ 70%] Built target tugas_opencv
[0.080s] [ 73%] [32mBuilding CXX object CMakeFiles/colorcheck.dir/src/colorcheck.cpp.o[0m
[0.084s] [ 75%] Built target tugas_opencv__py
[0.094s] [ 82%] Built target tugas_opencv__rosidl_generator_py
[0.104s] [ 87%] Built target tugas_opencv__rosidl_typesupport_fastrtps_c__pyext
[0.104s] [ 92%] Built target tugas_opencv__rosidl_typesupport_c__pyext
[0.105s] [ 97%] Built target tugas_opencv__rosidl_typesupport_introspection_c__pyext
[0.145s] running egg_info
[0.151s] writing tugas_opencv.egg-info/PKG-INFO
[0.151s] writing dependency_links to tugas_opencv.egg-info/dependency_links.txt
[0.151s] writing top-level names to tugas_opencv.egg-info/top_level.txt
[0.168s] reading manifest file 'tugas_opencv.egg-info/SOURCES.txt'
[0.168s] writing manifest file 'tugas_opencv.egg-info/SOURCES.txt'
[0.179s] [ 97%] Built target ament_cmake_python_build_tugas_opencv_egg
[1.520s] [01m[K/home/basten/ros2_ws/src/MagangBanyubramanta_Basten-Andika-Salim/Ros2/src/tugas_opencv/src/colorcheck.cpp:[m[K In member function â€˜[01m[Kvoid Color_::topic_callback(const Image&)[m[Kâ€™:
[1.521s] [01m[K/home/basten/ros2_ws/src/MagangBanyubramanta_Basten-Andika-Salim/Ros2/src/tugas_opencv/src/colorcheck.cpp:107:16:[m[K [01;31m[Kerror: [m[Kâ€˜[01m[Kcamera[m[Kâ€™ was not declared in this scope
[1.521s]   107 |           if (![01;31m[Kcamera[m[K.read(frame)){
[1.521s]       |                [01;31m[K^~~~~~[m[K
[1.521s] [01m[K/home/basten/ros2_ws/src/MagangBanyubramanta_Basten-Andika-Salim/Ros2/src/tugas_opencv/src/colorcheck.cpp:109:16:[m[K [01;31m[Kerror: [m[Kbreak statement not within loop or switch
[1.521s]   109 |                [01;31m[Kbreak[m[K;
[1.521s]       |                [01;31m[K^~~~~[m[K
[1.527s] [01m[K/home/basten/ros2_ws/src/MagangBanyubramanta_Basten-Andika-Salim/Ros2/src/tugas_opencv/src/colorcheck.cpp:119:29:[m[K [01;31m[Kerror: [m[Kâ€˜[01m[KScalacolor_node[m[Kâ€™ was not declared in this scope
[1.527s]   119 |           inRange(frameHSV, [01;31m[KScalacolor_node[m[K->r(20,70,110), Scalar(50, ceilingS, ceilingV), frameYellow);
[1.527s]       |                             [01;31m[K^~~~~~~~~~~~~~~[m[K
[1.531s] [01m[K/home/basten/ros2_ws/src/MagangBanyubramanta_Basten-Andika-Salim/Ros2/src/tugas_opencv/src/colorcheck.cpp:119:92:[m[K [01;31m[Kerror: [m[Kâ€˜[01m[KframeYellow[m[Kâ€™ was not declared in this scope
[1.531s]   119 | lacolor_node->r(20,70,110), Scalar(50, ceilingS, ceilingV), [01;31m[KframeYellow[m[K);
[1.531s]       |                                                             [01;31m[K^~~~~~~~~~~[m[K
[1.531s] 
[2.612s] gmake[2]: *** [CMakeFiles/colorcheck.dir/build.make:76: CMakeFiles/colorcheck.dir/src/colorcheck.cpp.o] Error 1
[2.612s] gmake[1]: *** [CMakeFiles/Makefile2:593: CMakeFiles/colorcheck.dir/all] Error 2
[2.612s] gmake: *** [Makefile:146: all] Error 2
[2.615s] Invoked command in '/home/basten/ros2_ws/src/MagangBanyubramanta_Basten-Andika-Salim/Ros2/src/build/tugas_opencv' returned '2': CMAKE_PREFIX_PATH=/opt/ros/humble /usr/bin/cmake --build /home/basten/ros2_ws/src/MagangBanyubramanta_Basten-Andika-Salim/Ros2/src/build/tugas_opencv -- -j32 -l32
