[01m[K/home/basten/ros2_ws/src/MagangBanyubramanta_Basten-Andika-Salim/Ros2/src/tugas_joy/src/publisher.cpp:69:23:[m[K [01;31m[Kerror: [m[Kâ€˜[01m[Kxbox[m[Kâ€™ was not declared in this scope
   69 |     rclcpp::Publisher<[01;31m[Kxbox[m[K::msg::Command>::SharedPtr publish_;
      |                       [01;31m[K^~~~[m[K
[01m[K/home/basten/ros2_ws/src/MagangBanyubramanta_Basten-Andika-Salim/Ros2/src/tugas_joy/src/publisher.cpp:69:41:[m[K [01;31m[Kerror: [m[Ktemplate argument 1 is invalid
   69 |     rclcpp::Publisher<xbox::msg::Command[01;31m[K>[m[K::SharedPtr publish_;
      |                                         [01;31m[K^[m[K
[01m[K/home/basten/ros2_ws/src/MagangBanyubramanta_Basten-Andika-Salim/Ros2/src/tugas_joy/src/publisher.cpp:69:44:[m[K [01;31m[Kerror: [m[Kexpected â€˜[01m[K;[m[Kâ€™ at end of member declaration
   69 |     rclcpp::Publisher<xbox::msg::Command>::[01;31m[KSharedPtr[m[K publish_;
      |                                            [01;31m[K^~~~~~~~~[m[K
      |                                                     [32m[K;[m[K
[01m[K/home/basten/ros2_ws/src/MagangBanyubramanta_Basten-Andika-Salim/Ros2/src/tugas_joy/src/publisher.cpp:69:54:[m[K [01;31m[Kerror: [m[Kâ€˜[01m[Kpublish_[m[Kâ€™ does not name a type
   69 |     rclcpp::Publisher<xbox::msg::Command>::SharedPtr [01;31m[Kpublish_[m[K;
      |                                                      [01;31m[K^~~~~~~~[m[K
[01m[K/home/basten/ros2_ws/src/MagangBanyubramanta_Basten-Andika-Salim/Ros2/src/tugas_joy/src/publisher.cpp:[m[K In constructor â€˜[01m[KCommands::Commands()[m[Kâ€™:
[01m[K/home/basten/ros2_ws/src/MagangBanyubramanta_Basten-Andika-Salim/Ros2/src/tugas_joy/src/publisher.cpp:21:9:[m[K [01;31m[Kerror: [m[Kâ€˜[01m[Kpublish_[m[Kâ€™ was not declared in this scope
   21 |         [01;31m[Kpublish_[m[K = this->create_publisher<xbox::msg::Command>("command", 10);
      |         [01;31m[K^~~~~~~~[m[K
[01m[K/home/basten/ros2_ws/src/MagangBanyubramanta_Basten-Andika-Salim/Ros2/src/tugas_joy/src/publisher.cpp:21:43:[m[K [01;31m[Kerror: [m[Kâ€˜[01m[Kxbox[m[Kâ€™ was not declared in this scope
   21 |         publish_ = this->create_publisher<[01;31m[Kxbox[m[K::msg::Command>("command", 10);
      |                                           [01;31m[K^~~~[m[K
[01m[K/home/basten/ros2_ws/src/MagangBanyubramanta_Basten-Andika-Salim/Ros2/src/tugas_joy/src/publisher.cpp:21:26:[m[K [01;31m[Kerror: [m[Kparse error in template argument list
   21 |         publish_ = this->[01;31m[Kcreate_publisher<xbox::msg::Command>[m[K("command", 10);
      |                          [01;31m[K^~~~~~~~~~~~~~~~~~~~~~~~~~~~~~~~~~~~[m[K
[01m[K/home/basten/ros2_ws/src/MagangBanyubramanta_Basten-Andika-Salim/Ros2/src/tugas_joy/src/publisher.cpp:21:62:[m[K [01;31m[Kerror: [m[Kno matching function for call to â€˜[01m[KCommands::create_publisher<<expression error> >(const char [8], int)[m[Kâ€™
   21 |        publish_ = [01;31m[Kthis->create_publisher<xbox::msg::Command>("command", 10)[m[K;
      |                   [01;31m[K~~~~~~~~~~~~~~~~~~~~~~~~~~~~~~~~~~~~~~~~~~^~~~~~~~~~~~~~~[m[K

In file included from [01m[K/opt/ros/humble/include/rclcpp/rclcpp/executors/single_threaded_executor.hpp:28[m[K,
                 from [01m[K/opt/ros/humble/include/rclcpp/rclcpp/executors.hpp:22[m[K,
                 from [01m[K/opt/ros/humble/include/rclcpp/rclcpp/rclcpp.hpp:155[m[K,
                 from [01m[K/home/basten/ros2_ws/src/MagangBanyubramanta_Basten-Andika-Salim/Ros2/src/tugas_joy/src/publisher.cpp:6[m[K:
[01m[K/opt/ros/humble/include/rclcpp/rclcpp/node.hpp:195:3:[m[K [01;36m[Knote: [m[Kcandidate: â€˜[01m[Ktemplate<class MessageT, class AllocatorT, class PublisherT> std::shared_ptr<PublisherT> rclcpp::Node::create_publisher(const string&, const rclcpp::QoS&, const rclcpp::PublisherOptionsWithAllocator<AllocatorT>&)[m[Kâ€™
  195 |   [01;36m[Kcreate_publisher[m[K(
      |   [01;36m[K^~~~~~~~~~~~~~~~[m[K
[01m[K/opt/ros/humble/include/rclcpp/rclcpp/node.hpp:195:3:[m[K [01;36m[Knote: [m[K  template argument deduction/substitution failed:
[01m[K/home/basten/ros2_ws/src/MagangBanyubramanta_Basten-Andika-Salim/Ros2/src/tugas_joy/src/publisher.cpp:21:62:[m[K [01;31m[Kerror: [m[Ktemplate argument 1 is invalid
   21 |        publish_ = [01;31m[Kthis->create_publisher<xbox::msg::Command>("command", 10)[m[K;
      |                   [01;31m[K~~~~~~~~~~~~~~~~~~~~~~~~~~~~~~~~~~~~~~~~~~^~~~~~~~~~~~~~~[m[K

[01m[K/home/basten/ros2_ws/src/MagangBanyubramanta_Basten-Andika-Salim/Ros2/src/tugas_joy/src/publisher.cpp:[m[K In member function â€˜[01m[Kvoid Commands::topic_callback(const Joy&) const[m[Kâ€™:
[01m[K/home/basten/ros2_ws/src/MagangBanyubramanta_Basten-Andika-Salim/Ros2/src/tugas_joy/src/publisher.cpp:30:22:[m[K [01;31m[Kerror: [m[Kâ€˜[01m[Kxbox[m[Kâ€™ has not been declared
   30 |         auto input = [01;31m[Kxbox[m[K::msg::Command();
      |                      [01;31m[K^~~~[m[K
[01m[K/home/basten/ros2_ws/src/MagangBanyubramanta_Basten-Andika-Salim/Ros2/src/tugas_joy/src/publisher.cpp:59:9:[m[K [01;31m[Kerror: [m[Kâ€˜[01m[Kpublish_[m[Kâ€™ was not declared in this scope
   59 |         [01;31m[Kpublish_[m[K->publish(input);
      |         [01;31m[K^~~~~~~~[m[K
gmake[2]: *** [CMakeFiles/publisher.dir/build.make:76: CMakeFiles/publisher.dir/src/publisher.cpp.o] Error 1
gmake[1]: *** [CMakeFiles/Makefile2:593: CMakeFiles/publisher.dir/all] Error 2
gmake: *** [Makefile:146: all] Error 2
