[0.026s] Invoking command in '/home/basten/ros2_ws/src/MagangBanyubramanta_Basten-Andika-Salim/Ros2/src/build/tugas_joy': CMAKE_PREFIX_PATH=${CMAKE_PREFIX_PATH}:/opt/ros/humble /usr/bin/cmake /home/basten/ros2_ws/src/MagangBanyubramanta_Basten-Andika-Salim/Ros2/src/tugas_joy -DCMAKE_INSTALL_PREFIX=/home/basten/ros2_ws/src/MagangBanyubramanta_Basten-Andika-Salim/Ros2/src/install/tugas_joy
[0.056s] -- The C compiler identification is GNU 11.4.0
[0.091s] -- The CXX compiler identification is GNU 11.4.0
[0.095s] -- Detecting C compiler ABI info
[0.159s] -- Detecting C compiler ABI info - done
[0.164s] -- Check for working C compiler: /usr/bin/cc - skipped
[0.165s] -- Detecting C compile features
[0.165s] -- Detecting C compile features - done
[0.168s] -- Detecting CXX compiler ABI info
[0.223s] -- Detecting CXX compiler ABI info - done
[0.227s] -- Check for working CXX compiler: /usr/bin/c++ - skipped
[0.227s] -- Detecting CXX compile features
[0.227s] -- Detecting CXX compile features - done
[0.228s] -- Found ament_cmake: 1.3.8 (/opt/ros/humble/share/ament_cmake/cmake)
[0.400s] -- Found Python3: /usr/bin/python3 (found version "3.10.12") found components: Interpreter 
[0.443s] -- Found sensor_msgs: 4.2.3 (/opt/ros/humble/share/sensor_msgs/cmake)
[0.460s] -- Found rosidl_generator_c: 3.1.5 (/opt/ros/humble/share/rosidl_generator_c/cmake)
[0.462s] -- Found rosidl_adapter: 3.1.5 (/opt/ros/humble/share/rosidl_adapter/cmake)
[0.466s] -- Found rosidl_generator_cpp: 3.1.5 (/opt/ros/humble/share/rosidl_generator_cpp/cmake)
[0.476s] -- Using all available rosidl_typesupport_c: rosidl_typesupport_fastrtps_c;rosidl_typesupport_introspection_c
[0.491s] -- Using all available rosidl_typesupport_cpp: rosidl_typesupport_fastrtps_cpp;rosidl_typesupport_introspection_cpp
[0.591s] -- Found rclcpp: 16.0.8 (/opt/ros/humble/share/rclcpp/cmake)
[0.619s] -- Found rmw_implementation_cmake: 6.1.1 (/opt/ros/humble/share/rmw_implementation_cmake/cmake)
[0.620s] -- Found rmw_fastrtps_cpp: 6.2.6 (/opt/ros/humble/share/rmw_fastrtps_cpp/cmake)
[0.667s] -- Found OpenSSL: /usr/lib/x86_64-linux-gnu/libcrypto.so (found version "3.0.2")  
[0.680s] -- Found FastRTPS: /opt/ros/humble/include  
[0.703s] -- Using RMW implementation 'rmw_fastrtps_cpp' as default
[0.707s] -- Looking for pthread.h
[0.764s] -- Looking for pthread.h - found
[0.765s] -- Performing Test CMAKE_HAVE_LIBC_PTHREAD
[0.830s] -- Performing Test CMAKE_HAVE_LIBC_PTHREAD - Success
[0.831s] -- Found Threads: TRUE  
[0.895s] -- Found rosidl_default_generators: 1.2.0 (/opt/ros/humble/share/rosidl_default_generators/cmake)
[1.021s] -- Found ament_cmake_ros: 0.10.0 (/opt/ros/humble/share/ament_cmake_ros/cmake)
[1.190s] -- Using all available rosidl_typesupport_c: rosidl_typesupport_fastrtps_c;rosidl_typesupport_introspection_c
[1.252s] -- Using all available rosidl_typesupport_cpp: rosidl_typesupport_fastrtps_cpp;rosidl_typesupport_introspection_cpp
[1.268s] -- Found PythonInterp: /usr/bin/python3 (found suitable version "3.10.12", minimum required is "3.6") 
[1.269s] -- Found python_cmake_module: 0.10.0 (/opt/ros/humble/share/python_cmake_module/cmake)
[1.285s] -- Found PythonLibs: /usr/lib/x86_64-linux-gnu/libpython3.10.so (found suitable version "3.10.12", minimum required is "3.5") 
[1.285s] -- Using PYTHON_EXECUTABLE: /usr/bin/python3
[1.285s] -- Using PYTHON_INCLUDE_DIRS: /usr/include/python3.10
[1.285s] -- Using PYTHON_LIBRARIES: /usr/lib/x86_64-linux-gnu/libpython3.10.so
[1.297s] -- Found PythonExtra: .so  
[1.317s] -- Found ament_lint_auto: 0.12.10 (/opt/ros/humble/share/ament_lint_auto/cmake)
[1.336s] -- Added test 'cppcheck' to perform static code analysis on C / C++ code
[1.336s] -- Configured cppcheck include dirs: 
[1.336s] -- Configured cppcheck exclude dirs and/or files: 
[1.338s] -- Added test 'flake8' to check Python code syntax and style conventions
[1.341s] -- Added test 'lint_cmake' to check CMake code style
[1.342s] -- Added test 'pep257' to check Python code against some of the docstring style conventions in PEP 257
[1.352s] -- Added test 'uncrustify' to check C / C++ code style
[1.352s] -- Configured uncrustify additional arguments: 
[1.354s] -- Added test 'xmllint' to check XML markup files
[1.355s] -- Configuring done
[1.369s] -- Generating done
[1.370s] -- Build files have been written to: /home/basten/ros2_ws/src/MagangBanyubramanta_Basten-Andika-Salim/Ros2/src/build/tugas_joy
[1.377s] Invoked command in '/home/basten/ros2_ws/src/MagangBanyubramanta_Basten-Andika-Salim/Ros2/src/build/tugas_joy' returned '0': CMAKE_PREFIX_PATH=${CMAKE_PREFIX_PATH}:/opt/ros/humble /usr/bin/cmake /home/basten/ros2_ws/src/MagangBanyubramanta_Basten-Andika-Salim/Ros2/src/tugas_joy -DCMAKE_INSTALL_PREFIX=/home/basten/ros2_ws/src/MagangBanyubramanta_Basten-Andika-Salim/Ros2/src/install/tugas_joy
[1.377s] Invoking command in '/home/basten/ros2_ws/src/MagangBanyubramanta_Basten-Andika-Salim/Ros2/src/build/tugas_joy': CMAKE_PREFIX_PATH=${CMAKE_PREFIX_PATH}:/opt/ros/humble /usr/bin/cmake --build /home/basten/ros2_ws/src/MagangBanyubramanta_Basten-Andika-Salim/Ros2/src/build/tugas_joy -- -j32 -l32
[1.398s] [  3%] [34m[1mGenerating C code for ROS interfaces[0m
[1.406s] [  6%] [34m[1mGenerating C++ code for ROS interfaces[0m
[1.411s] [  6%] Built target ament_cmake_python_copy_tugas_joy
[1.498s] running egg_info
[1.499s] creating tugas_joy.egg-info
[1.505s] writing tugas_joy.egg-info/PKG-INFO
[1.505s] writing dependency_links to tugas_joy.egg-info/dependency_links.txt
[1.505s] writing top-level names to tugas_joy.egg-info/top_level.txt
[1.505s] writing manifest file 'tugas_joy.egg-info/SOURCES.txt'
[1.519s] [  9%] [32mBuilding C object CMakeFiles/tugas_joy__rosidl_generator_c.dir/rosidl_generator_c/tugas_joy/msg/detail/command__functions.c.o[0m
[1.520s] [  9%] Built target tugas_joy__cpp
[1.524s] reading manifest file 'tugas_joy.egg-info/SOURCES.txt'
[1.524s] writing manifest file 'tugas_joy.egg-info/SOURCES.txt'
[1.525s] [ 12%] [34m[1mGenerating C++ type support dispatch for ROS interfaces[0m
[1.525s] [ 15%] [34m[1mGenerating C++ type support for eProsima Fast-RTPS[0m
[1.525s] [ 18%] [34m[1mGenerating C++ introspection for ROS interfaces[0m
[1.537s] [ 18%] Built target ament_cmake_python_build_tugas_joy_egg
[1.541s] [ 21%] [32m[1mLinking C shared library libtugas_joy__rosidl_generator_c.so[0m
[1.560s] [ 21%] Built target tugas_joy__rosidl_generator_c
[1.566s] [ 27%] [34m[1mGenerating C introspection for ROS interfaces[0m
[1.566s] [ 27%] [34m[1mGenerating C type support dispatch for ROS interfaces[0m
[1.567s] [ 30%] [34m[1mGenerating C type support for eProsima Fast-RTPS[0m
[1.630s] [ 33%] [32mBuilding CXX object CMakeFiles/tugas_joy__rosidl_typesupport_cpp.dir/rosidl_typesupport_cpp/tugas_joy/msg/command__type_support.cpp.o[0m
[1.638s] [ 36%] [32mBuilding CXX object CMakeFiles/tugas_joy__rosidl_typesupport_introspection_cpp.dir/rosidl_typesupport_introspection_cpp/tugas_joy/msg/detail/command__type_support.cpp.o[0m
[1.642s] [ 39%] [32mBuilding CXX object CMakeFiles/tugas_joy__rosidl_typesupport_fastrtps_cpp.dir/rosidl_typesupport_fastrtps_cpp/tugas_joy/msg/detail/dds_fastrtps/command__type_support.cpp.o[0m
[1.673s] [ 42%] [32mBuilding CXX object CMakeFiles/tugas_joy__rosidl_typesupport_c.dir/rosidl_typesupport_c/tugas_joy/msg/command__type_support.cpp.o[0m
[1.682s] [ 45%] [32mBuilding C object CMakeFiles/tugas_joy__rosidl_typesupport_introspection_c.dir/rosidl_typesupport_introspection_c/tugas_joy/msg/detail/command__type_support.c.o[0m
[1.682s] [ 48%] [32mBuilding CXX object CMakeFiles/tugas_joy__rosidl_typesupport_fastrtps_c.dir/rosidl_typesupport_fastrtps_c/tugas_joy/msg/detail/command__type_support_c.cpp.o[0m
[1.695s] [ 51%] [32m[1mLinking CXX shared library libtugas_joy__rosidl_typesupport_c.so[0m
[1.697s] [ 54%] [32m[1mLinking C shared library libtugas_joy__rosidl_typesupport_introspection_c.so[0m
[1.712s] [ 54%] Built target tugas_joy__rosidl_typesupport_introspection_c
[1.715s] [ 54%] Built target tugas_joy__rosidl_typesupport_c
[1.743s] [ 57%] [32m[1mLinking CXX shared library libtugas_joy__rosidl_typesupport_cpp.so[0m
[1.764s] [ 57%] Built target tugas_joy__rosidl_typesupport_cpp
[1.775s] [ 60%] [32mBuilding CXX object CMakeFiles/publisher.dir/src/publisher.cpp.o[0m
[1.796s] [ 63%] [32m[1mLinking CXX shared library libtugas_joy__rosidl_typesupport_introspection_cpp.so[0m
[1.805s] [ 66%] [32m[1mLinking CXX shared library libtugas_joy__rosidl_typesupport_fastrtps_cpp.so[0m
[1.816s] [ 66%] Built target tugas_joy__rosidl_typesupport_introspection_cpp
[1.823s] [ 69%] [32m[1mLinking CXX shared library libtugas_joy__rosidl_typesupport_fastrtps_c.so[0m
[1.841s] [ 69%] Built target tugas_joy__rosidl_typesupport_fastrtps_cpp
[1.859s] [ 69%] Built target tugas_joy__rosidl_typesupport_fastrtps_c
[1.869s] [ 69%] Built target tugas_joy
[1.879s] [ 72%] [34m[1mGenerating Python code for ROS interfaces[0m
[2.013s] [ 72%] Built target tugas_joy__py
[2.023s] [ 75%] [32mBuilding C object CMakeFiles/tugas_joy__rosidl_generator_py.dir/rosidl_generator_py/tugas_joy/msg/_command_s.c.o[0m
[2.070s] [ 78%] [32m[1mLinking C shared library rosidl_generator_py/tugas_joy/libtugas_joy__rosidl_generator_py.so[0m
[2.090s] [ 78%] Built target tugas_joy__rosidl_generator_py
[2.101s] [ 84%] [32mBuilding C object CMakeFiles/tugas_joy__rosidl_typesupport_introspection_c__pyext.dir/rosidl_generator_py/tugas_joy/_tugas_joy_s.ep.rosidl_typesupport_introspection_c.c.o[0m
[2.101s] [ 84%] [32mBuilding C object CMakeFiles/tugas_joy__rosidl_typesupport_fastrtps_c__pyext.dir/rosidl_generator_py/tugas_joy/_tugas_joy_s.ep.rosidl_typesupport_fastrtps_c.c.o[0m
[2.101s] [ 87%] [32mBuilding C object CMakeFiles/tugas_joy__rosidl_typesupport_c__pyext.dir/rosidl_generator_py/tugas_joy/_tugas_joy_s.ep.rosidl_typesupport_c.c.o[0m
[2.143s] [ 90%] [32m[1mLinking C shared library rosidl_generator_py/tugas_joy/tugas_joy_s__rosidl_typesupport_c.cpython-310-x86_64-linux-gnu.so[0m
[2.144s] [ 93%] [32m[1mLinking C shared library rosidl_generator_py/tugas_joy/tugas_joy_s__rosidl_typesupport_introspection_c.cpython-310-x86_64-linux-gnu.so[0m
[2.144s] [ 96%] [32m[1mLinking C shared library rosidl_generator_py/tugas_joy/tugas_joy_s__rosidl_typesupport_fastrtps_c.cpython-310-x86_64-linux-gnu.so[0m
[2.160s] [ 96%] Built target tugas_joy__rosidl_typesupport_c__pyext
[2.161s] [ 96%] Built target tugas_joy__rosidl_typesupport_introspection_c__pyext
[2.161s] [ 96%] Built target tugas_joy__rosidl_typesupport_fastrtps_c__pyext
[2.776s] [01m[K/home/basten/ros2_ws/src/MagangBanyubramanta_Basten-Andika-Salim/Ros2/src/tugas_joy/src/publisher.cpp:69:23:[m[K [01;31m[Kerror: [m[Kâ€˜[01m[Kxbox[m[Kâ€™ was not declared in this scope
[2.776s]    69 |     rclcpp::Publisher<[01;31m[Kxbox[m[K::msg::Command>::SharedPtr publish_;
[2.776s]       |                       [01;31m[K^~~~[m[K
[2.776s] [01m[K/home/basten/ros2_ws/src/MagangBanyubramanta_Basten-Andika-Salim/Ros2/src/tugas_joy/src/publisher.cpp:69:41:[m[K [01;31m[Kerror: [m[Ktemplate argument 1 is invalid
[2.776s]    69 |     rclcpp::Publisher<xbox::msg::Command[01;31m[K>[m[K::SharedPtr publish_;
[2.776s]       |                                         [01;31m[K^[m[K
[2.776s] [01m[K/home/basten/ros2_ws/src/MagangBanyubramanta_Basten-Andika-Salim/Ros2/src/tugas_joy/src/publisher.cpp:69:44:[m[K [01;31m[Kerror: [m[Kexpected â€˜[01m[K;[m[Kâ€™ at end of member declaration
[2.776s]    69 |     rclcpp::Publisher<xbox::msg::Command>::[01;31m[KSharedPtr[m[K publish_;
[2.776s]       |                                            [01;31m[K^~~~~~~~~[m[K
[2.776s]       |                                                     [32m[K;[m[K
[2.776s] [01m[K/home/basten/ros2_ws/src/MagangBanyubramanta_Basten-Andika-Salim/Ros2/src/tugas_joy/src/publisher.cpp:69:54:[m[K [01;31m[Kerror: [m[Kâ€˜[01m[Kpublish_[m[Kâ€™ does not name a type
[2.776s]    69 |     rclcpp::Publisher<xbox::msg::Command>::SharedPtr [01;31m[Kpublish_[m[K;
[2.776s]       |                                                      [01;31m[K^~~~~~~~[m[K
[2.796s] [01m[K/home/basten/ros2_ws/src/MagangBanyubramanta_Basten-Andika-Salim/Ros2/src/tugas_joy/src/publisher.cpp:[m[K In constructor â€˜[01m[KCommands::Commands()[m[Kâ€™:
[2.796s] [01m[K/home/basten/ros2_ws/src/MagangBanyubramanta_Basten-Andika-Salim/Ros2/src/tugas_joy/src/publisher.cpp:21:9:[m[K [01;31m[Kerror: [m[Kâ€˜[01m[Kpublish_[m[Kâ€™ was not declared in this scope
[2.796s]    21 |         [01;31m[Kpublish_[m[K = this->create_publisher<xbox::msg::Command>("command", 10);
[2.796s]       |         [01;31m[K^~~~~~~~[m[K
[2.799s] [01m[K/home/basten/ros2_ws/src/MagangBanyubramanta_Basten-Andika-Salim/Ros2/src/tugas_joy/src/publisher.cpp:21:43:[m[K [01;31m[Kerror: [m[Kâ€˜[01m[Kxbox[m[Kâ€™ was not declared in this scope
[2.799s]    21 |         publish_ = this->create_publisher<[01;31m[Kxbox[m[K::msg::Command>("command", 10);
[2.799s]       |                                           [01;31m[K^~~~[m[K
[2.799s] [01m[K/home/basten/ros2_ws/src/MagangBanyubramanta_Basten-Andika-Salim/Ros2/src/tugas_joy/src/publisher.cpp:21:26:[m[K [01;31m[Kerror: [m[Kparse error in template argument list
[2.799s]    21 |         publish_ = this->[01;31m[Kcreate_publisher<xbox::msg::Command>[m[K("command", 10);
[2.799s]       |                          [01;31m[K^~~~~~~~~~~~~~~~~~~~~~~~~~~~~~~~~~~~[m[K
[2.799s] [01m[K/home/basten/ros2_ws/src/MagangBanyubramanta_Basten-Andika-Salim/Ros2/src/tugas_joy/src/publisher.cpp:21:62:[m[K [01;31m[Kerror: [m[Kno matching function for call to â€˜[01m[KCommands::create_publisher<<expression error> >(const char [8], int)[m[Kâ€™
[2.799s]    21 |        publish_ = [01;31m[Kthis->create_publisher<xbox::msg::Command>("command", 10)[m[K;
[2.799s]       |                   [01;31m[K~~~~~~~~~~~~~~~~~~~~~~~~~~~~~~~~~~~~~~~~~~^~~~~~~~~~~~~~~[m[K
[2.799s] 
[2.799s] In file included from [01m[K/opt/ros/humble/include/rclcpp/rclcpp/executors/single_threaded_executor.hpp:28[m[K,
[2.799s]                  from [01m[K/opt/ros/humble/include/rclcpp/rclcpp/executors.hpp:22[m[K,
[2.799s]                  from [01m[K/opt/ros/humble/include/rclcpp/rclcpp/rclcpp.hpp:155[m[K,
[2.799s]                  from [01m[K/home/basten/ros2_ws/src/MagangBanyubramanta_Basten-Andika-Salim/Ros2/src/tugas_joy/src/publisher.cpp:6[m[K:
[2.799s] [01m[K/opt/ros/humble/include/rclcpp/rclcpp/node.hpp:195:3:[m[K [01;36m[Knote: [m[Kcandidate: â€˜[01m[Ktemplate<class MessageT, class AllocatorT, class PublisherT> std::shared_ptr<PublisherT> rclcpp::Node::create_publisher(const string&, const rclcpp::QoS&, const rclcpp::PublisherOptionsWithAllocator<AllocatorT>&)[m[Kâ€™
[2.799s]   195 |   [01;36m[Kcreate_publisher[m[K(
[2.799s]       |   [01;36m[K^~~~~~~~~~~~~~~~[m[K
[2.799s] [01m[K/opt/ros/humble/include/rclcpp/rclcpp/node.hpp:195:3:[m[K [01;36m[Knote: [m[K  template argument deduction/substitution failed:
[2.799s] [01m[K/home/basten/ros2_ws/src/MagangBanyubramanta_Basten-Andika-Salim/Ros2/src/tugas_joy/src/publisher.cpp:21:62:[m[K [01;31m[Kerror: [m[Ktemplate argument 1 is invalid
[2.799s]    21 |        publish_ = [01;31m[Kthis->create_publisher<xbox::msg::Command>("command", 10)[m[K;
[2.799s]       |                   [01;31m[K~~~~~~~~~~~~~~~~~~~~~~~~~~~~~~~~~~~~~~~~~~^~~~~~~~~~~~~~~[m[K
[2.799s] 
[2.803s] [01m[K/home/basten/ros2_ws/src/MagangBanyubramanta_Basten-Andika-Salim/Ros2/src/tugas_joy/src/publisher.cpp:[m[K In member function â€˜[01m[Kvoid Commands::topic_callback(const Joy&) const[m[Kâ€™:
[2.803s] [01m[K/home/basten/ros2_ws/src/MagangBanyubramanta_Basten-Andika-Salim/Ros2/src/tugas_joy/src/publisher.cpp:30:22:[m[K [01;31m[Kerror: [m[Kâ€˜[01m[Kxbox[m[Kâ€™ has not been declared
[2.803s]    30 |         auto input = [01;31m[Kxbox[m[K::msg::Command();
[2.803s]       |                      [01;31m[K^~~~[m[K
[2.806s] [01m[K/home/basten/ros2_ws/src/MagangBanyubramanta_Basten-Andika-Salim/Ros2/src/tugas_joy/src/publisher.cpp:59:9:[m[K [01;31m[Kerror: [m[Kâ€˜[01m[Kpublish_[m[Kâ€™ was not declared in this scope
[2.806s]    59 |         [01;31m[Kpublish_[m[K->publish(input);
[2.806s]       |         [01;31m[K^~~~~~~~[m[K
[3.863s] gmake[2]: *** [CMakeFiles/publisher.dir/build.make:76: CMakeFiles/publisher.dir/src/publisher.cpp.o] Error 1
[3.864s] gmake[1]: *** [CMakeFiles/Makefile2:593: CMakeFiles/publisher.dir/all] Error 2
[3.864s] gmake: *** [Makefile:146: all] Error 2
[3.865s] Invoked command in '/home/basten/ros2_ws/src/MagangBanyubramanta_Basten-Andika-Salim/Ros2/src/build/tugas_joy' returned '2': CMAKE_PREFIX_PATH=${CMAKE_PREFIX_PATH}:/opt/ros/humble /usr/bin/cmake --build /home/basten/ros2_ws/src/MagangBanyubramanta_Basten-Andika-Salim/Ros2/src/build/tugas_joy -- -j32 -l32
