[0.025s] Invoking command in '/home/basten/ros2_ws/src/MagangBanyubramanta_Basten-Andika-Salim/src/build/tugas_opencv': CMAKE_PREFIX_PATH=${CMAKE_PREFIX_PATH}:/opt/ros/humble /usr/bin/cmake --build /home/basten/ros2_ws/src/MagangBanyubramanta_Basten-Andika-Salim/src/build/tugas_opencv -- -j32 -l32
[0.050s] [  3%] Built target tugas_opencv__cpp
[0.050s] [ 12%] Built target tugas_opencv__rosidl_generator_c
[0.054s] [ 12%] Built target ament_cmake_python_copy_tugas_opencv
[0.060s] [ 21%] Built target tugas_opencv__rosidl_typesupport_introspection_c
[0.060s] [ 30%] Built target tugas_opencv__rosidl_typesupport_cpp
[0.060s] [ 39%] Built target tugas_opencv__rosidl_typesupport_fastrtps_cpp
[0.061s] [ 48%] Built target tugas_opencv__rosidl_typesupport_c
[0.061s] [ 57%] Built target tugas_opencv__rosidl_typesupport_introspection_cpp
[0.064s] [ 66%] Built target tugas_opencv__rosidl_typesupport_fastrtps_c
[0.066s] [35m[1mConsolidate compiler generated dependencies of target colorcheck[0m
[0.072s] [ 66%] Built target tugas_opencv
[0.074s] [ 69%] [32mBuilding CXX object CMakeFiles/colorcheck.dir/src/colorcheck.cpp.o[0m
[0.081s] [ 72%] Built target tugas_opencv__py
[0.092s] [ 78%] Built target tugas_opencv__rosidl_generator_py
[0.103s] [ 90%] Built target tugas_opencv__rosidl_typesupport_fastrtps_c__pyext
[0.103s] [ 90%] Built target tugas_opencv__rosidl_typesupport_c__pyext
[0.103s] [ 96%] Built target tugas_opencv__rosidl_typesupport_introspection_c__pyext
[0.157s] running egg_info
[0.157s] writing tugas_opencv.egg-info/PKG-INFO
[0.157s] writing dependency_links to tugas_opencv.egg-info/dependency_links.txt
[0.158s] writing top-level names to tugas_opencv.egg-info/top_level.txt
[0.158s] reading manifest file 'tugas_opencv.egg-info/SOURCES.txt'
[0.159s] writing manifest file 'tugas_opencv.egg-info/SOURCES.txt'
[0.172s] [ 96%] Built target ament_cmake_python_build_tugas_opencv_egg
[1.285s] [01m[K/home/basten/ros2_ws/src/MagangBanyubramanta_Basten-Andika-Salim/src/tugas_opencv/src/colorcheck.cpp:[m[K In member function â€˜[01m[Kvoid Color_::publish_func(const SharedPtr&)[m[Kâ€™:
[1.285s] [01m[K/home/basten/ros2_ws/src/MagangBanyubramanta_Basten-Andika-Salim/src/tugas_opencv/src/colorcheck.cpp:24:87:[m[K [01;35m[Kwarning: [m[Kunused parameter â€˜[01m[Kpublish_[m[Kâ€™ [[01;35m[K]8;;https://gcc.gnu.org/onlinedocs/gcc/Warning-Options.html#index-Wunused-parameter-Wunused-parameter]8;;[m[K]
[1.285s]    24 | [01;35m[Konst rclcpp::Publisher<tugas_opencv::msg::Color>::SharedPtr & publish_[m[K)
[1.285s]       | [01;35m[K~~~~~~~~~~~~~~~~~~~~~~~~~~~~~~~~~~~~~~~~~~~~~~~~~~~~~~~~~~~~~~^~~~~~~~[m[K
[1.285s] 
[1.288s] [01m[K/home/basten/ros2_ws/src/MagangBanyubramanta_Basten-Andika-Salim/src/tugas_opencv/src/colorcheck.cpp:[m[K In function â€˜[01m[Kint main(int, char**)[m[Kâ€™:
[1.288s] [01m[K/home/basten/ros2_ws/src/MagangBanyubramanta_Basten-Andika-Salim/src/tugas_opencv/src/colorcheck.cpp:98:24:[m[K [01;31m[Kerror: [m[Kâ€˜[01m[Kpublish_[m[Kâ€™ was not declared in this scope
[1.288s]    98 |           publish_func([01;31m[Kpublish_[m[K);
[1.288s]       |                        [01;31m[K^~~~~~~~[m[K
[1.291s] [01m[K/home/basten/ros2_ws/src/MagangBanyubramanta_Basten-Andika-Salim/src/tugas_opencv/src/colorcheck.cpp:98:11:[m[K [01;31m[Kerror: [m[Kâ€˜[01m[Kpublish_func[m[Kâ€™ was not declared in this scope
[1.291s]    98 |           [01;31m[Kpublish_func[m[K(publish_);
[1.291s]       |           [01;31m[K^~~~~~~~~~~~[m[K
[1.291s] [01m[K/home/basten/ros2_ws/src/MagangBanyubramanta_Basten-Andika-Salim/src/tugas_opencv/src/colorcheck.cpp:91:18:[m[K [01;35m[Kwarning: [m[Kunused variable â€˜[01m[Karea[m[Kâ€™ [[01;35m[K]8;;https://gcc.gnu.org/onlinedocs/gcc/Warning-Options.html#index-Wunused-variable-Wunused-variable]8;;[m[K]
[1.291s]    91 |           double [01;35m[Karea[m[K = measure.m00;
[1.291s]       |                  [01;35m[K^~~~[m[K
[1.291s] [01m[K/home/basten/ros2_ws/src/MagangBanyubramanta_Basten-Andika-Salim/src/tugas_opencv/src/colorcheck.cpp:92:18:[m[K [01;35m[Kwarning: [m[Kunused variable â€˜[01m[KlengthX[m[Kâ€™ [[01;35m[K]8;;https://gcc.gnu.org/onlinedocs/gcc/Warning-Options.html#index-Wunused-variable-Wunused-variable]8;;[m[K]
[1.291s]    92 |           double [01;35m[KlengthX[m[K = measure.m01;
[1.291s]       |                  [01;35m[K^~~~~~~[m[K
[1.291s] [01m[K/home/basten/ros2_ws/src/MagangBanyubramanta_Basten-Andika-Salim/src/tugas_opencv/src/colorcheck.cpp:93:18:[m[K [01;35m[Kwarning: [m[Kunused variable â€˜[01m[KlengthY[m[Kâ€™ [[01;35m[K]8;;https://gcc.gnu.org/onlinedocs/gcc/Warning-Options.html#index-Wunused-variable-Wunused-variable]8;;[m[K]
[1.292s]    93 |           double [01;35m[KlengthY[m[K = measure.m10;
[1.292s]       |                  [01;35m[K^~~~~~~[m[K
[1.886s] gmake[2]: *** [CMakeFiles/colorcheck.dir/build.make:76: CMakeFiles/colorcheck.dir/src/colorcheck.cpp.o] Error 1
[1.886s] gmake[1]: *** [CMakeFiles/Makefile2:593: CMakeFiles/colorcheck.dir/all] Error 2
[1.886s] gmake: *** [Makefile:146: all] Error 2
[1.888s] Invoked command in '/home/basten/ros2_ws/src/MagangBanyubramanta_Basten-Andika-Salim/src/build/tugas_opencv' returned '2': CMAKE_PREFIX_PATH=${CMAKE_PREFIX_PATH}:/opt/ros/humble /usr/bin/cmake --build /home/basten/ros2_ws/src/MagangBanyubramanta_Basten-Andika-Salim/src/build/tugas_opencv -- -j32 -l32
