[0.027s] Invoking command in '/home/basten/ros2_ws/src/MagangBanyubramanta_Basten-Andika-Salim/src/build/tugas_yolo-yolocpp': CMAKE_PREFIX_PATH=${CMAKE_PREFIX_PATH}:/opt/ros/humble /usr/bin/cmake --build /home/basten/ros2_ws/src/MagangBanyubramanta_Basten-Andika-Salim/src/build/tugas_yolo-yolocpp -- -j32 -l32
[0.046s] [35m[1mConsolidate compiler generated dependencies of target detect[0m
[0.057s] [ 50%] [32mBuilding CXX object CMakeFiles/detect.dir/src/detect.cpp.o[0m
[1.307s] [01m[K/home/basten/ros2_ws/src/MagangBanyubramanta_Basten-Andika-Salim/src/tugas_yolo-yolocpp/src/detect.cpp:74:21:[m[K [01;31m[Kerror: [m[Kâ€˜[01m[Kstd::vector<cv::Mat> Detection::pre_process(cv::Mat&, cv::dnn::dnn4_v20231225::Net&)[m[Kâ€™ cannot be overloaded with â€˜[01m[Kstd::vector<cv::Mat> Detection::pre_process(cv::Mat&, cv::dnn::dnn4_v20231225::Net&)[m[Kâ€™
[1.307s]    74 |         vector<Mat> [01;31m[Kpre_process[m[K(Mat &input_image, Net &net){
[1.307s]       |                     [01;31m[K^~~~~~~~~~~[m[K
[1.307s] [01m[K/home/basten/ros2_ws/src/MagangBanyubramanta_Basten-Andika-Salim/src/tugas_yolo-yolocpp/src/detect.cpp:62:21:[m[K [01;36m[Knote: [m[Kprevious declaration â€˜[01m[Kstd::vector<cv::Mat> Detection::pre_process(cv::Mat&, cv::dnn::dnn4_v20231225::Net&)[m[Kâ€™
[1.307s]    62 |         vector<Mat> [01;36m[Kpre_process[m[K(Mat &input_image, Net &net){
[1.307s]       |                     [01;36m[K^~~~~~~~~~~[m[K
[1.308s] [01m[K/home/basten/ros2_ws/src/MagangBanyubramanta_Basten-Andika-Salim/src/tugas_yolo-yolocpp/src/detect.cpp:160:9:[m[K [01;31m[Kerror: [m[Kâ€˜[01m[Kvoic[m[Kâ€™ does not name a type; did you mean â€˜[01m[Kvoid[m[Kâ€™?
[1.308s]   160 |         [01;31m[Kvoic[m[K topic_callback(const sensor::msg::Image &img_msg){
[1.308s]       |         [01;31m[K^~~~[m[K
[1.308s]       |         [32m[Kvoid[m[K
[1.326s] [01m[K/home/basten/ros2_ws/src/MagangBanyubramanta_Basten-Andika-Salim/src/tugas_yolo-yolocpp/src/detect.cpp:179:28:[m[K [01;31m[Kerror: [m[Kâ€˜[01m[Kmsg[m[Kâ€™ is not a member of â€˜[01m[Kstd[m[Kâ€™
[1.326s]   179 |     rclcpp::Publisher<std::[01;31m[Kmsg[m[K::String>::SharedPtr publisher_;
[1.326s]       |                            [01;31m[K^~~[m[K
[1.326s] [01m[K/home/basten/ros2_ws/src/MagangBanyubramanta_Basten-Andika-Salim/src/tugas_yolo-yolocpp/src/detect.cpp:179:28:[m[K [01;36m[Knote: [m[Ksuggested alternatives:
[1.326s] In file included from [01m[K/opt/ros/humble/include/builtin_interfaces/builtin_interfaces/msg/duration.hpp:7[m[K,
[1.326s]                  from [01m[K/opt/ros/humble/include/rclcpp/rclcpp/duration.hpp:20[m[K,
[1.326s]                  from [01m[K/opt/ros/humble/include/rclcpp/rclcpp/qos.hpp:20[m[K,
[1.326s]                  from [01m[K/opt/ros/humble/include/rclcpp/rclcpp/node_interfaces/node_graph_interface.hpp:32[m[K,
[1.326s]                  from [01m[K/opt/ros/humble/include/rclcpp/rclcpp/client.hpp:42[m[K,
[1.326s]                  from [01m[K/opt/ros/humble/include/rclcpp/rclcpp/callback_group.hpp:24[m[K,
[1.326s]                  from [01m[K/opt/ros/humble/include/rclcpp/rclcpp/any_executable.hpp:20[m[K,
[1.326s]                  from [01m[K/opt/ros/humble/include/rclcpp/rclcpp/memory_strategy.hpp:25[m[K,
[1.326s]                  from [01m[K/opt/ros/humble/include/rclcpp/rclcpp/memory_strategies.hpp:18[m[K,
[1.326s]                  from [01m[K/opt/ros/humble/include/rclcpp/rclcpp/executor_options.hpp:20[m[K,
[1.326s]                  from [01m[K/opt/ros/humble/include/rclcpp/rclcpp/executor.hpp:37[m[K,
[1.326s]                  from [01m[K/opt/ros/humble/include/rclcpp/rclcpp/executors/multi_threaded_executor.hpp:25[m[K,
[1.326s]                  from [01m[K/opt/ros/humble/include/rclcpp/rclcpp/executors.hpp:21[m[K,
[1.326s]                  from [01m[K/opt/ros/humble/include/rclcpp/rclcpp/rclcpp.hpp:155[m[K,
[1.326s]                  from [01m[K/home/basten/ros2_ws/src/MagangBanyubramanta_Basten-Andika-Salim/src/tugas_yolo-yolocpp/src/detect.cpp:8[m[K:
[1.326s] [01m[K/opt/ros/humble/include/builtin_interfaces/builtin_interfaces/msg/detail/duration__struct.hpp:27:11:[m[K [01;36m[Knote: [m[K  â€˜[01m[Kbuiltin_interfaces::msg[m[Kâ€™
[1.326s]    27 | namespace [01;36m[Kmsg[m[K
[1.326s]       |           [01;36m[K^~~[m[K
[1.327s] In file included from [01m[K/opt/ros/humble/include/rcl_interfaces/rcl_interfaces/msg/set_parameters_result.hpp:7[m[K,
[1.327s]                  from [01m[K/opt/ros/humble/include/rclcpp/rclcpp/qos_overriding_options.hpp:28[m[K,
[1.327s]                  from [01m[K/opt/ros/humble/include/rclcpp/rclcpp/subscription_options.hpp:30[m[K,
[1.327s]                  from [01m[K/opt/ros/humble/include/rclcpp/rclcpp/subscription.hpp:45[m[K,
[1.327s]                  from [01m[K/opt/ros/humble/include/rclcpp/rclcpp/any_executable.hpp:25[m[K,
[1.327s]                  from [01m[K/opt/ros/humble/include/rclcpp/rclcpp/memory_strategy.hpp:25[m[K,
[1.327s]                  from [01m[K/opt/ros/humble/include/rclcpp/rclcpp/memory_strategies.hpp:18[m[K,
[1.327s]                  from [01m[K/opt/ros/humble/include/rclcpp/rclcpp/executor_options.hpp:20[m[K,
[1.327s]                  from [01m[K/opt/ros/humble/include/rclcpp/rclcpp/executor.hpp:37[m[K,
[1.327s]                  from [01m[K/opt/ros/humble/include/rclcpp/rclcpp/executors/multi_threaded_executor.hpp:25[m[K,
[1.327s]                  from [01m[K/opt/ros/humble/include/rclcpp/rclcpp/executors.hpp:21[m[K,
[1.327s]                  from [01m[K/opt/ros/humble/include/rclcpp/rclcpp/rclcpp.hpp:155[m[K,
[1.327s]                  from [01m[K/home/basten/ros2_ws/src/MagangBanyubramanta_Basten-Andika-Salim/src/tugas_yolo-yolocpp/src/detect.cpp:8[m[K:
[1.327s] [01m[K/opt/ros/humble/include/rcl_interfaces/rcl_interfaces/msg/detail/set_parameters_result__struct.hpp:27:11:[m[K [01;36m[Knote: [m[K  â€˜[01m[Krcl_interfaces::msg[m[Kâ€™
[1.327s]    27 | namespace [01;36m[Kmsg[m[K
[1.327s]       |           [01;36m[K^~~[m[K
[1.327s] In file included from [01m[K/opt/ros/humble/include/statistics_msgs/statistics_msgs/msg/detail/metrics_message__struct.hpp:23[m[K,
[1.327s]                  from [01m[K/opt/ros/humble/include/statistics_msgs/statistics_msgs/msg/metrics_message.hpp:7[m[K,
[1.327s]                  from [01m[K/opt/ros/humble/include/libstatistics_collector/libstatistics_collector/collector/generate_statistics_message.hpp:21[m[K,
[1.327s]                  from [01m[K/opt/ros/humble/include/rclcpp/rclcpp/topic_statistics/subscription_topic_statistics.hpp:23[m[K,
[1.327s]                  from [01m[K/opt/ros/humble/include/rclcpp/rclcpp/subscription.hpp:50[m[K,
[1.327s]                  from [01m[K/opt/ros/humble/include/rclcpp/rclcpp/any_executable.hpp:25[m[K,
[1.327s]                  from [01m[K/opt/ros/humble/include/rclcpp/rclcpp/memory_strategy.hpp:25[m[K,
[1.327s]                  from [01m[K/opt/ros/humble/include/rclcpp/rclcpp/memory_strategies.hpp:18[m[K,
[1.327s]                  from [01m[K/opt/ros/humble/include/rclcpp/rclcpp/executor_options.hpp:20[m[K,
[1.327s]                  from [01m[K/opt/ros/humble/include/rclcpp/rclcpp/executor.hpp:37[m[K,
[1.327s]                  from [01m[K/opt/ros/humble/include/rclcpp/rclcpp/executors/multi_threaded_executor.hpp:25[m[K,
[1.327s]                  from [01m[K/opt/ros/humble/include/rclcpp/rclcpp/executors.hpp:21[m[K,
[1.327s]                  from [01m[K/opt/ros/humble/include/rclcpp/rclcpp/rclcpp.hpp:155[m[K,
[1.327s]                  from [01m[K/home/basten/ros2_ws/src/MagangBanyubramanta_Basten-Andika-Salim/src/tugas_yolo-yolocpp/src/detect.cpp:8[m[K:
[1.327s] [01m[K/opt/ros/humble/include/statistics_msgs/statistics_msgs/msg/detail/statistic_data_point__struct.hpp:27:11:[m[K [01;36m[Knote: [m[K  â€˜[01m[Kstatistics_msgs::msg[m[Kâ€™
[1.327s]    27 | namespace [01;36m[Kmsg[m[K
[1.327s]       |           [01;36m[K^~~[m[K
[1.327s] In file included from [01m[K/opt/ros/humble/include/sensor_msgs/sensor_msgs/msg/detail/image__struct.hpp:20[m[K,
[1.327s]                  from [01m[K/opt/ros/humble/include/sensor_msgs/sensor_msgs/msg/image.hpp:7[m[K,
[1.327s]                  from [01m[K/home/basten/ros2_ws/src/MagangBanyubramanta_Basten-Andika-Salim/src/tugas_yolo-yolocpp/src/detect.cpp:9[m[K:
[1.327s] [01m[K/opt/ros/humble/include/std_msgs/std_msgs/msg/detail/header__struct.hpp:31:11:[m[K [01;36m[Knote: [m[K  â€˜[01m[Kstd_msgs::msg[m[Kâ€™
[1.327s]    31 | namespace [01;36m[Kmsg[m[K
[1.327s]       |           [01;36m[K^~~[m[K
[1.327s] In file included from [01m[K/opt/ros/humble/include/sensor_msgs/sensor_msgs/msg/image.hpp:7[m[K,
[1.327s]                  from [01m[K/home/basten/ros2_ws/src/MagangBanyubramanta_Basten-Andika-Salim/src/tugas_yolo-yolocpp/src/detect.cpp:9[m[K:
[1.328s] [01m[K/opt/ros/humble/include/sensor_msgs/sensor_msgs/msg/detail/image__struct.hpp:31:11:[m[K [01;36m[Knote: [m[K  â€˜[01m[Ksensor_msgs::msg[m[Kâ€™
[1.328s]    31 | namespace [01;36m[Kmsg[m[K
[1.328s]       |           [01;36m[K^~~[m[K
[1.328s] [01m[K/home/basten/ros2_ws/src/MagangBanyubramanta_Basten-Andika-Salim/src/tugas_yolo-yolocpp/src/detect.cpp:179:39:[m[K [01;31m[Kerror: [m[Ktemplate argument 1 is invalid
[1.328s]   179 |     rclcpp::Publisher<std::msg::String[01;31m[K>[m[K::SharedPtr publisher_;
[1.328s]       |                                       [01;31m[K^[m[K
[1.328s] [01m[K/home/basten/ros2_ws/src/MagangBanyubramanta_Basten-Andika-Salim/src/tugas_yolo-yolocpp/src/detect.cpp:179:42:[m[K [01;31m[Kerror: [m[Kexpected â€˜[01m[K;[m[Kâ€™ at end of member declaration
[1.328s]   179 |     rclcpp::Publisher<std::msg::String>::[01;31m[KSharedPtr[m[K publisher_;
[1.328s]       |                                          [01;31m[K^~~~~~~~~[m[K
[1.328s]       |                                                   [32m[K;[m[K
[1.328s] [01m[K/home/basten/ros2_ws/src/MagangBanyubramanta_Basten-Andika-Salim/src/tugas_yolo-yolocpp/src/detect.cpp:179:52:[m[K [01;31m[Kerror: [m[Kâ€˜[01m[Kpublisher_[m[Kâ€™ does not name a type; did you mean â€˜[01m[Krmw_publisher_t[m[Kâ€™?
[1.328s]   179 |     rclcpp::Publisher<std::msg::String>::SharedPtr [01;31m[Kpublisher_[m[K;
[1.328s]       |                                                    [01;31m[K^~~~~~~~~~[m[K
[1.328s]       |                                                    [32m[Krmw_publisher_t[m[K
[1.328s] [01m[K/home/basten/ros2_ws/src/MagangBanyubramanta_Basten-Andika-Salim/src/tugas_yolo-yolocpp/src/detect.cpp:181:1:[m[K [01;31m[Kerror: [m[Kâ€˜[01m[Knet[m[Kâ€™ does not name a type
[1.328s]   181 | [01;31m[Knet[m[K = readNet("tugas_yolo-yolocpp/model/yolov5n.onnx");
[1.328s]       | [01;31m[K^~~[m[K
[1.328s] [01m[K/home/basten/ros2_ws/src/MagangBanyubramanta_Basten-Andika-Salim/src/tugas_yolo-yolocpp/src/detect.cpp:185:14:[m[K [01;31m[Kerror: [m[Kexpected identifier before string constant
[1.328s]   185 | ifstream ifs([01;31m[K"tugas_yolo-yolocpp/coco.names"[m[K);
[1.328s]       |              [01;31m[K^~~~~~~~~~~~~~~~~~~~~~~~~~~~~~~[m[K
[1.328s] [01m[K/home/basten/ros2_ws/src/MagangBanyubramanta_Basten-Andika-Salim/src/tugas_yolo-yolocpp/src/detect.cpp:185:14:[m[K [01;31m[Kerror: [m[Kexpected â€˜[01m[K,[m[Kâ€™ or â€˜[01m[K...[m[Kâ€™ before string constant
[1.328s] [01m[K/home/basten/ros2_ws/src/MagangBanyubramanta_Basten-Andika-Salim/src/tugas_yolo-yolocpp/src/detect.cpp:187:1:[m[K [01;31m[Kerror: [m[Kexpected unqualified-id before â€˜[01m[Kwhile[m[Kâ€™
[1.328s]   187 | [01;31m[Kwhile[m[K (getline(ifs, line)){
[1.328s]       | [01;31m[K^~~~~[m[K
[1.329s] [01m[K/home/basten/ros2_ws/src/MagangBanyubramanta_Basten-Andika-Salim/src/tugas_yolo-yolocpp/src/detect.cpp:[m[K In constructor â€˜[01m[KDetection::Detection()[m[Kâ€™:
[1.329s] [01m[K/home/basten/ros2_ws/src/MagangBanyubramanta_Basten-Andika-Salim/src/tugas_yolo-yolocpp/src/detect.cpp:45:118:[m[K [01;31m[Kerror: [m[Kâ€˜[01m[Ktopic_callback[m[Kâ€™ is not a member of â€˜[01m[KDetection[m[Kâ€™
[1.329s]    45 | r_msgs::msg::Image>("openCamera", 10, std::bind(&Detection::[01;31m[Ktopic_callback[m[K, this, _1));
[1.329s]       |                                                             [01;31m[K^~~~~~~~~~~~~~[m[K
[1.329s] 
[1.329s] [01m[K/home/basten/ros2_ws/src/MagangBanyubramanta_Basten-Andika-Salim/src/tugas_yolo-yolocpp/src/detect.cpp:45:140:[m[K [01;31m[Kerror: [m[Kâ€˜[01m[K_1[m[Kâ€™ was not declared in this scope; did you mean â€˜[01m[Kstd::placeholders::_1[m[Kâ€™?
[1.329s]    45 | ge>("openCamera", 10, std::bind(&Detection::topic_callback, this, [01;31m[K_1[m[K));
[1.329s]       |                                                                   [01;31m[K^~[m[K
[1.329s]       |                                                                   [32m[Kstd::placeholders::_1[m[K
[1.329s] In file included from [01m[K/home/basten/ros2_ws/src/MagangBanyubramanta_Basten-Andika-Salim/src/tugas_yolo-yolocpp/src/detect.cpp:2[m[K:
[1.330s] [01m[K/usr/include/c++/11/functional:225:34:[m[K [01;36m[Knote: [m[Kâ€˜[01m[Kstd::placeholders::_1[m[Kâ€™ declared here
[1.330s]   225 |     extern const _Placeholder<1> [01;36m[K_1[m[K;
[1.330s]       |                                  [01;36m[K^~[m[K
[1.334s] [01m[K/home/basten/ros2_ws/src/MagangBanyubramanta_Basten-Andika-Salim/src/tugas_yolo-yolocpp/src/detect.cpp:46:13:[m[K [01;31m[Kerror: [m[Kâ€˜[01m[Kpublisher_[m[Kâ€™ was not declared in this scope; did you mean â€˜[01m[Krmw_publisher_t[m[Kâ€™?
[1.334s]    46 |             [01;31m[Kpublisher_[m[K = this->create_publisher<std_msgs::msgs::String>("yoloOutput", 10);
[1.334s]       |             [01;31m[K^~~~~~~~~~[m[K
[1.334s]       |             [32m[Krmw_publisher_t[m[K
[1.334s] [01m[K/home/basten/ros2_ws/src/MagangBanyubramanta_Basten-Andika-Salim/src/tugas_yolo-yolocpp/src/detect.cpp:46:59:[m[K [01;31m[Kerror: [m[Kâ€˜[01m[Kmsgs[m[Kâ€™ is not a member of â€˜[01m[Kstd_msgs[m[Kâ€™; did you mean â€˜[01m[Kmsg[m[Kâ€™?
[1.334s]    46 |             publisher_ = this->create_publisher<std_msgs::[01;31m[Kmsgs[m[K::String>("yoloOutput", 10);
[1.334s]       |                                                           [01;31m[K^~~~[m[K
[1.334s]       |                                                           [32m[Kmsg[m[K
[1.334s] [01m[K/home/basten/ros2_ws/src/MagangBanyubramanta_Basten-Andika-Salim/src/tugas_yolo-yolocpp/src/detect.cpp:46:32:[m[K [01;31m[Kerror: [m[Kparse error in template argument list
[1.334s]    46 |             publisher_ = this->[01;31m[Kcreate_publisher<std_msgs::msgs::String>[m[K("yoloOutput", 10);
[1.334s]       |                                [01;31m[K^~~~~~~~~~~~~~~~~~~~~~~~~~~~~~~~~~~~~~~~[m[K
[1.334s] [01m[K/home/basten/ros2_ws/src/MagangBanyubramanta_Basten-Andika-Salim/src/tugas_yolo-yolocpp/src/detect.cpp:46:72:[m[K [01;31m[Kerror: [m[Kno matching function for call to â€˜[01m[KDetection::create_publisher<<expression error> >(const char [11], int)[m[Kâ€™
[1.334s]    46 |  publisher_ = [01;31m[Kthis->create_publisher<std_msgs::msgs::String>("yoloOutput", 10)[m[K;
[1.334s]       |               [01;31m[K~~~~~~~~~~~~~~~~~~~~~~~~~~~~~~~~~~~~~~~~~~~~~~^~~~~~~~~~~~~~~~~~[m[K
[1.334s] 
[1.334s] In file included from [01m[K/opt/ros/humble/include/rclcpp/rclcpp/executors/single_threaded_executor.hpp:28[m[K,
[1.334s]                  from [01m[K/opt/ros/humble/include/rclcpp/rclcpp/executors.hpp:22[m[K,
[1.334s]                  from [01m[K/opt/ros/humble/include/rclcpp/rclcpp/rclcpp.hpp:155[m[K,
[1.334s]                  from [01m[K/home/basten/ros2_ws/src/MagangBanyubramanta_Basten-Andika-Salim/src/tugas_yolo-yolocpp/src/detect.cpp:8[m[K:
[1.334s] [01m[K/opt/ros/humble/include/rclcpp/rclcpp/node.hpp:195:3:[m[K [01;36m[Knote: [m[Kcandidate: â€˜[01m[Ktemplate<class MessageT, class AllocatorT, class PublisherT> std::shared_ptr<PublisherT> rclcpp::Node::create_publisher(const string&, const rclcpp::QoS&, const rclcpp::PublisherOptionsWithAllocator<AllocatorT>&)[m[Kâ€™
[1.334s]   195 |   [01;36m[Kcreate_publisher[m[K(
[1.334s]       |   [01;36m[K^~~~~~~~~~~~~~~~[m[K
[1.334s] [01m[K/opt/ros/humble/include/rclcpp/rclcpp/node.hpp:195:3:[m[K [01;36m[Knote: [m[K  template argument deduction/substitution failed:
[1.334s] [01m[K/home/basten/ros2_ws/src/MagangBanyubramanta_Basten-Andika-Salim/src/tugas_yolo-yolocpp/src/detect.cpp:46:72:[m[K [01;31m[Kerror: [m[Ktemplate argument 1 is invalid
[1.334s]    46 |  publisher_ = [01;31m[Kthis->create_publisher<std_msgs::msgs::String>("yoloOutput", 10)[m[K;
[1.334s]       |               [01;31m[K~~~~~~~~~~~~~~~~~~~~~~~~~~~~~~~~~~~~~~~~~~~~~~^~~~~~~~~~~~~~~~~~[m[K
[1.334s] 
[1.338s] [01m[K/home/basten/ros2_ws/src/MagangBanyubramanta_Basten-Andika-Salim/src/tugas_yolo-yolocpp/src/detect.cpp:[m[K In member function â€˜[01m[Kcv::Mat Detection::post_process(cv::Mat&, std::vector<cv::Mat>&, const std::vector<std::__cxx11::basic_string<char> >&)[m[Kâ€™:
[1.338s] [01m[K/home/basten/ros2_ws/src/MagangBanyubramanta_Basten-Andika-Salim/src/tugas_yolo-yolocpp/src/detect.cpp:139:31:[m[K [01;35m[Kwarning: [m[Kcomparison of integer expressions of different signedness: â€˜[01m[Kint[m[Kâ€™ and â€˜[01m[Kstd::vector<int>::size_type[m[Kâ€™ {aka â€˜[01m[Klong unsigned int[m[Kâ€™} [[01;35m[K]8;;https://gcc.gnu.org/onlinedocs/gcc/Warning-Options.html#index-Wsign-compare-Wsign-compare]8;;[m[K]
[1.338s]   139 |             for (int i = 0; [01;35m[Ki < index.size()[m[K; i++){
[1.338s]       |                             [01;35m[K~~^~~~~~~~~~~~~~[m[K
[1.338s] [01m[K/home/basten/ros2_ws/src/MagangBanyubramanta_Basten-Andika-Salim/src/tugas_yolo-yolocpp/src/detect.cpp:95:23:[m[K [01;35m[Kwarning: [m[Kunused variable â€˜[01m[Kdimensions[m[Kâ€™ [[01;35m[K]8;;https://gcc.gnu.org/onlinedocs/gcc/Warning-Options.html#index-Wunused-variable-Wunused-variable]8;;[m[K]
[1.338s]    95 |             const int [01;35m[Kdimensions[m[K = 85;
[1.338s]       |                       [01;35m[K^~~~~~~~~~[m[K
[1.886s] gmake[2]: *** [CMakeFiles/detect.dir/build.make:76: CMakeFiles/detect.dir/src/detect.cpp.o] Error 1
[1.886s] gmake[1]: *** [CMakeFiles/Makefile2:137: CMakeFiles/detect.dir/all] Error 2
[1.886s] gmake: *** [Makefile:146: all] Error 2
[1.888s] Invoked command in '/home/basten/ros2_ws/src/MagangBanyubramanta_Basten-Andika-Salim/src/build/tugas_yolo-yolocpp' returned '2': CMAKE_PREFIX_PATH=${CMAKE_PREFIX_PATH}:/opt/ros/humble /usr/bin/cmake --build /home/basten/ros2_ws/src/MagangBanyubramanta_Basten-Andika-Salim/src/build/tugas_yolo-yolocpp -- -j32 -l32
