[0.020s] Invoking command in '/home/basten/ros2_ws/src/MagangBanyubramanta_Basten-Andika-Salim/Ros2/build/communicator': CMAKE_PREFIX_PATH=/opt/ros/humble /usr/bin/cmake --build /home/basten/ros2_ws/src/MagangBanyubramanta_Basten-Andika-Salim/Ros2/build/communicator -- -j32 -l32
[0.054s] [ 50%] [32mBuilding CXX object CMakeFiles/communicator.dir/src/communicator.cpp.o[0m
[1.243s] [01m[K/home/basten/ros2_ws/src/MagangBanyubramanta_Basten-Andika-Salim/Ros2/src/communicator/src/communicator.cpp:18:14:[m[K [01;31m[Kerror: [m[Kâ€˜[01m[Ktugas_joy[m[Kâ€™ has not been declared
[1.243s]    18 | auto input = [01;31m[Ktugas_joy[m[K::msg::Command();
[1.243s]       |              [01;31m[K^~~~~~~~~[m[K
[1.253s] [01m[K/home/basten/ros2_ws/src/MagangBanyubramanta_Basten-Andika-Salim/Ros2/src/communicator/src/communicator.cpp:[m[K In function â€˜[01m[Kint main(int, char**)[m[Kâ€™:
[1.253s] [01m[K/home/basten/ros2_ws/src/MagangBanyubramanta_Basten-Andika-Salim/Ros2/src/communicator/src/communicator.cpp:52:14:[m[K [01;35m[Kwarning: [m[Kunused parameter â€˜[01m[Kargc[m[Kâ€™ [[01;35m[K]8;;https://gcc.gnu.org/onlinedocs/gcc/Warning-Options.html#index-Wunused-parameter-Wunused-parameter]8;;[m[K]
[1.253s]    52 | int main([01;35m[Kint argc[m[K, char *argv[])
[1.253s]       |          [01;35m[K~~~~^~~~[m[K
[1.253s] [01m[K/home/basten/ros2_ws/src/MagangBanyubramanta_Basten-Andika-Salim/Ros2/src/communicator/src/communicator.cpp:52:26:[m[K [01;35m[Kwarning: [m[Kunused parameter â€˜[01m[Kargv[m[Kâ€™ [[01;35m[K]8;;https://gcc.gnu.org/onlinedocs/gcc/Warning-Options.html#index-Wunused-parameter-Wunused-parameter]8;;[m[K]
[1.253s]    52 | int main(int argc, [01;35m[Kchar *argv[][m[K)
[1.253s]       |                    [01;35m[K~~~~~~^~~~~~[m[K
[1.452s] gmake[2]: *** [CMakeFiles/communicator.dir/build.make:76: CMakeFiles/communicator.dir/src/communicator.cpp.o] Error 1
[1.452s] gmake[1]: *** [CMakeFiles/Makefile2:137: CMakeFiles/communicator.dir/all] Error 2
[1.453s] gmake: *** [Makefile:146: all] Error 2
[1.455s] Invoked command in '/home/basten/ros2_ws/src/MagangBanyubramanta_Basten-Andika-Salim/Ros2/build/communicator' returned '2': CMAKE_PREFIX_PATH=/opt/ros/humble /usr/bin/cmake --build /home/basten/ros2_ws/src/MagangBanyubramanta_Basten-Andika-Salim/Ros2/build/communicator -- -j32 -l32
