[35m[1mConsolidate compiler generated dependencies of target communicator[0m
[ 50%] [32mBuilding CXX object CMakeFiles/communicator.dir/src/communicator.cpp.o[0m
[01m[K/home/basten/ros2_ws/src/MagangBanyubramanta_Basten-Andika-Salim/Ros2/src/communicator/src/communicator.cpp:[m[K In constructor â€˜[01m[KCommunicator::Communicator()[m[Kâ€™:
[01m[K/home/basten/ros2_ws/src/MagangBanyubramanta_Basten-Andika-Salim/Ros2/src/communicator/src/communicator.cpp:29:123:[m[K [01;31m[Kerror: [m[Kâ€˜[01m[Kcolor_callback[m[Kâ€™ is not a member of â€˜[01m[KCommunicator[m[Kâ€™
   29 | cv::msg::Color>("colordetect", 10, std::bind(&Communicator::[01;31m[Kcolor_callback[m[K, this, _1));
      |                                                             [01;31m[K^~~~~~~~~~~~~~[m[K

[01m[K/home/basten/ros2_ws/src/MagangBanyubramanta_Basten-Andika-Salim/Ros2/src/communicator/src/communicator.cpp:30:132:[m[K [01;31m[Kerror: [m[Kâ€˜[01m[Kcolorpos_callback[m[Kâ€™ is not a member of â€˜[01m[KCommunicator[m[Kâ€™
   30 | g::Position>("positiondetect", 10, std::bind(&Communicator::[01;31m[Kcolorpos_callback[m[K, this, _1));
      |                                                             [01;31m[K^~~~~~~~~~~~~~~~~[m[K

[01m[K/home/basten/ros2_ws/src/MagangBanyubramanta_Basten-Andika-Salim/Ros2/src/communicator/src/communicator.cpp:31:128:[m[K [01;31m[Kerror: [m[Kâ€˜[01m[Kobject_callback[m[Kâ€™ is not a member of â€˜[01m[KCommunicator[m[Kâ€™
   31 | ocpp::msg::Seen>("yoloOutput", 10, std::bind(&Communicator::[01;31m[Kobject_callback[m[K, this, _1));
      |                                                             [01;31m[K^~~~~~~~~~~~~~~[m[K

gmake[2]: *** [CMakeFiles/communicator.dir/build.make:76: CMakeFiles/communicator.dir/src/communicator.cpp.o] Error 1
gmake[1]: *** [CMakeFiles/Makefile2:137: CMakeFiles/communicator.dir/all] Error 2
gmake: *** [Makefile:146: all] Error 2
