[0.032s] Invoking command in '/home/basten/ros2_ws/src/MagangBanyubramanta_Basten-Andika-Salim/Ros2/build/communicator': CMAKE_PREFIX_PATH=/home/basten/ros2_ws/src/MagangBanyubramanta_Basten-Andika-Salim/Ros2/install/tugas_yolo_yolocpp:/home/basten/ros2_ws/src/MagangBanyubramanta_Basten-Andika-Salim/Ros2/install/tugas_opencv:/home/basten/ros2_ws/src/MagangBanyubramanta_Basten-Andika-Salim/Ros2/install/tugas_joy:/home/basten/ros2_ws/src/MagangBanyubramanta_Basten-Andika-Salim/Ros2/install/xbox:/home/basten/ros2_ws/src/MagangBanyubramanta_Basten-Andika-Salim/Ros2/install/tugas_yolo:/home/basten/ros2_ws/src/MagangBanyubramanta_Basten-Andika-Salim/Ros2/install/communicator:/opt/ros/humble LD_LIBRARY_PATH=/home/basten/ros2_ws/src/MagangBanyubramanta_Basten-Andika-Salim/Ros2/install/tugas_yolo_yolocpp/lib:/home/basten/ros2_ws/src/MagangBanyubramanta_Basten-Andika-Salim/Ros2/install/tugas_opencv/lib:/home/basten/ros2_ws/src/MagangBanyubramanta_Basten-Andika-Salim/Ros2/install/tugas_joy/lib:/home/basten/ros2_ws/src/MagangBanyubramanta_Basten-Andika-Salim/Ros2/install/xbox/lib:/opt/ros/humble/opt/rviz_ogre_vendor/lib:/opt/ros/humble/lib/x86_64-linux-gnu:/opt/ros/humble/lib /usr/bin/cmake --build /home/basten/ros2_ws/src/MagangBanyubramanta_Basten-Andika-Salim/Ros2/build/communicator -- -j32 -l32
[0.057s] [35m[1mConsolidate compiler generated dependencies of target communicator[0m
[0.074s] [ 50%] [32mBuilding CXX object CMakeFiles/communicator.dir/src/communicator.cpp.o[0m
[1.354s] [01m[K/home/basten/ros2_ws/src/MagangBanyubramanta_Basten-Andika-Salim/Ros2/src/communicator/src/communicator.cpp:[m[K In constructor â€˜[01m[KCommunicator::Communicator()[m[Kâ€™:
[1.354s] [01m[K/home/basten/ros2_ws/src/MagangBanyubramanta_Basten-Andika-Salim/Ros2/src/communicator/src/communicator.cpp:29:123:[m[K [01;31m[Kerror: [m[Kâ€˜[01m[Kcolor_callback[m[Kâ€™ is not a member of â€˜[01m[KCommunicator[m[Kâ€™
[1.354s]    29 | cv::msg::Color>("colordetect", 10, std::bind(&Communicator::[01;31m[Kcolor_callback[m[K, this, _1));
[1.354s]       |                                                             [01;31m[K^~~~~~~~~~~~~~[m[K
[1.354s] 
[1.354s] [01m[K/home/basten/ros2_ws/src/MagangBanyubramanta_Basten-Andika-Salim/Ros2/src/communicator/src/communicator.cpp:30:132:[m[K [01;31m[Kerror: [m[Kâ€˜[01m[Kcolorpos_callback[m[Kâ€™ is not a member of â€˜[01m[KCommunicator[m[Kâ€™
[1.354s]    30 | g::Position>("positiondetect", 10, std::bind(&Communicator::[01;31m[Kcolorpos_callback[m[K, this, _1));
[1.354s]       |                                                             [01;31m[K^~~~~~~~~~~~~~~~~[m[K
[1.354s] 
[1.354s] [01m[K/home/basten/ros2_ws/src/MagangBanyubramanta_Basten-Andika-Salim/Ros2/src/communicator/src/communicator.cpp:31:128:[m[K [01;31m[Kerror: [m[Kâ€˜[01m[Kobject_callback[m[Kâ€™ is not a member of â€˜[01m[KCommunicator[m[Kâ€™
[1.354s]    31 | ocpp::msg::Seen>("yoloOutput", 10, std::bind(&Communicator::[01;31m[Kobject_callback[m[K, this, _1));
[1.354s]       |                                                             [01;31m[K^~~~~~~~~~~~~~~[m[K
[1.354s] 
[2.365s] gmake[2]: *** [CMakeFiles/communicator.dir/build.make:76: CMakeFiles/communicator.dir/src/communicator.cpp.o] Error 1
[2.365s] gmake[1]: *** [CMakeFiles/Makefile2:137: CMakeFiles/communicator.dir/all] Error 2
[2.365s] gmake: *** [Makefile:146: all] Error 2
[2.367s] Invoked command in '/home/basten/ros2_ws/src/MagangBanyubramanta_Basten-Andika-Salim/Ros2/build/communicator' returned '2': CMAKE_PREFIX_PATH=/home/basten/ros2_ws/src/MagangBanyubramanta_Basten-Andika-Salim/Ros2/install/tugas_yolo_yolocpp:/home/basten/ros2_ws/src/MagangBanyubramanta_Basten-Andika-Salim/Ros2/install/tugas_opencv:/home/basten/ros2_ws/src/MagangBanyubramanta_Basten-Andika-Salim/Ros2/install/tugas_joy:/home/basten/ros2_ws/src/MagangBanyubramanta_Basten-Andika-Salim/Ros2/install/xbox:/home/basten/ros2_ws/src/MagangBanyubramanta_Basten-Andika-Salim/Ros2/install/tugas_yolo:/home/basten/ros2_ws/src/MagangBanyubramanta_Basten-Andika-Salim/Ros2/install/communicator:/opt/ros/humble LD_LIBRARY_PATH=/home/basten/ros2_ws/src/MagangBanyubramanta_Basten-Andika-Salim/Ros2/install/tugas_yolo_yolocpp/lib:/home/basten/ros2_ws/src/MagangBanyubramanta_Basten-Andika-Salim/Ros2/install/tugas_opencv/lib:/home/basten/ros2_ws/src/MagangBanyubramanta_Basten-Andika-Salim/Ros2/install/tugas_joy/lib:/home/basten/ros2_ws/src/MagangBanyubramanta_Basten-Andika-Salim/Ros2/install/xbox/lib:/opt/ros/humble/opt/rviz_ogre_vendor/lib:/opt/ros/humble/lib/x86_64-linux-gnu:/opt/ros/humble/lib /usr/bin/cmake --build /home/basten/ros2_ws/src/MagangBanyubramanta_Basten-Andika-Salim/Ros2/build/communicator -- -j32 -l32
