[0.031s] Invoking command in '/home/basten/ros2_ws/src/MagangBanyubramanta_Basten-Andika-Salim/src/build/tugas_yolo': CMAKE_PREFIX_PATH=${CMAKE_PREFIX_PATH}:/opt/ros/humble /usr/bin/cmake --build /home/basten/ros2_ws/src/MagangBanyubramanta_Basten-Andika-Salim/src/build/tugas_yolo -- -j32 -l32
[0.062s] [ 50%] [32mBuilding CXX object CMakeFiles/initCv.dir/src/initCv.cpp.o[0m
[1.401s] In file included from [01m[K/opt/ros/humble/include/rclcpp/rclcpp/client.hpp:40[m[K,
[1.401s]                  from [01m[K/opt/ros/humble/include/rclcpp/rclcpp/callback_group.hpp:24[m[K,
[1.401s]                  from [01m[K/opt/ros/humble/include/rclcpp/rclcpp/any_executable.hpp:20[m[K,
[1.401s]                  from [01m[K/opt/ros/humble/include/rclcpp/rclcpp/memory_strategy.hpp:25[m[K,
[1.401s]                  from [01m[K/opt/ros/humble/include/rclcpp/rclcpp/memory_strategies.hpp:18[m[K,
[1.401s]                  from [01m[K/opt/ros/humble/include/rclcpp/rclcpp/executor_options.hpp:20[m[K,
[1.401s]                  from [01m[K/opt/ros/humble/include/rclcpp/rclcpp/executor.hpp:37[m[K,
[1.401s]                  from [01m[K/opt/ros/humble/include/rclcpp/rclcpp/executors/multi_threaded_executor.hpp:25[m[K,
[1.401s]                  from [01m[K/opt/ros/humble/include/rclcpp/rclcpp/executors.hpp:21[m[K,
[1.401s]                  from [01m[K/opt/ros/humble/include/rclcpp/rclcpp/rclcpp.hpp:155[m[K,
[1.401s]                  from [01m[K/home/basten/ros2_ws/src/MagangBanyubramanta_Basten-Andika-Salim/src/tugas_yolo/src/initCv.cpp:4[m[K:
[1.401s] [01m[K/home/basten/ros2_ws/src/MagangBanyubramanta_Basten-Andika-Salim/src/tugas_yolo/src/initCv.cpp:[m[K In function â€˜[01m[Kvoid publishImage(cv::Mat, rclcpp::Publisher<sensor_msgs::msg::Image_<std::allocator<void> > >::SharedPtr)[m[Kâ€™:
[1.401s] [01m[K/home/basten/ros2_ws/src/MagangBanyubramanta_Basten-Andika-Salim/src/tugas_yolo/src/initCv.cpp:23:17:[m[K [01;31m[Kerror: [m[Kinvalid use of â€˜[01m[Kthis[m[Kâ€™ in non-member function
[1.401s]    23 |     RCLCPP_INFO([01;31m[Kthis[m[K->get_logger(), "Image published.");
[1.401s]       |                 [01;31m[K^~~~[m[K
[1.401s] [01m[K/home/basten/ros2_ws/src/MagangBanyubramanta_Basten-Andika-Salim/src/tugas_yolo/src/initCv.cpp:23:17:[m[K [01;31m[Kerror: [m[Kinvalid use of â€˜[01m[Kthis[m[Kâ€™ in non-member function
[1.401s] [01m[K/home/basten/ros2_ws/src/MagangBanyubramanta_Basten-Andika-Salim/src/tugas_yolo/src/initCv.cpp:23:5:[m[K [01;31m[Kerror: [m[Ktemplate argument 1 is invalid
[1.401s]    23 |     [01;31m[KRCLCPP_INFO[m[K(this->get_logger(), "Image published.");
[1.401s]       |     [01;31m[K^~~~~~~~~~~[m[K
[1.401s] [01m[K/home/basten/ros2_ws/src/MagangBanyubramanta_Basten-Andika-Salim/src/tugas_yolo/src/initCv.cpp:23:5:[m[K [01;31m[Kerror: [m[Kâ€˜[01m[K<declaration error>[m[Kâ€™ is not a template [[01;31m[K]8;;https://gcc.gnu.org/onlinedocs/gcc/Warning-Options.html#index-fpermissive-fpermissive]8;;[m[K]
[1.401s]    23 |     [01;31m[KRCLCPP_INFO[m[K(this->get_logger(), "Image published.");
[1.401s]       |     [01;31m[K^~~~~~~~~~~[m[K
[1.401s] [01m[K/home/basten/ros2_ws/src/MagangBanyubramanta_Basten-Andika-Salim/src/tugas_yolo/src/initCv.cpp:23:5:[m[K [01;31m[Kerror: [m[Ktemplate argument 1 is invalid
[1.402s]    23 |     [01;31m[KRCLCPP_INFO[m[K(this->get_logger(), "Image published.");
[1.402s]       |     [01;31m[K^~~~~~~~~~~[m[K
[1.402s] [01m[K/home/basten/ros2_ws/src/MagangBanyubramanta_Basten-Andika-Salim/src/tugas_yolo/src/initCv.cpp:23:5:[m[K [01;31m[Kerror: [m[Kâ€˜[01m[K<declaration error>[m[Kâ€™ is not a template [[01;31m[K]8;;https://gcc.gnu.org/onlinedocs/gcc/Warning-Options.html#index-fpermissive-fpermissive]8;;[m[K]
[1.402s]    23 |     [01;31m[KRCLCPP_INFO[m[K(this->get_logger(), "Image published.");
[1.402s]       |     [01;31m[K^~~~~~~~~~~[m[K
[1.402s] [01m[K/home/basten/ros2_ws/src/MagangBanyubramanta_Basten-Andika-Salim/src/tugas_yolo/src/initCv.cpp:23:5:[m[K [01;31m[Kerror: [m[Ktemplate argument 1 is invalid
[1.402s]    23 |     [01;31m[KRCLCPP_INFO[m[K(this->get_logger(), "Image published.");
[1.402s]       |     [01;31m[K^~~~~~~~~~~[m[K
[1.402s] In file included from [01m[K/opt/ros/humble/include/rclcpp/rclcpp/logging.hpp:24[m[K,
[1.402s]                  from [01m[K/opt/ros/humble/include/rclcpp/rclcpp/client.hpp:40[m[K,
[1.402s]                  from [01m[K/opt/ros/humble/include/rclcpp/rclcpp/callback_group.hpp:24[m[K,
[1.402s]                  from [01m[K/opt/ros/humble/include/rclcpp/rclcpp/any_executable.hpp:20[m[K,
[1.402s]                  from [01m[K/opt/ros/humble/include/rclcpp/rclcpp/memory_strategy.hpp:25[m[K,
[1.402s]                  from [01m[K/opt/ros/humble/include/rclcpp/rclcpp/memory_strategies.hpp:18[m[K,
[1.402s]                  from [01m[K/opt/ros/humble/include/rclcpp/rclcpp/executor_options.hpp:20[m[K,
[1.402s]                  from [01m[K/opt/ros/humble/include/rclcpp/rclcpp/executor.hpp:37[m[K,
[1.402s]                  from [01m[K/opt/ros/humble/include/rclcpp/rclcpp/executors/multi_threaded_executor.hpp:25[m[K,
[1.402s]                  from [01m[K/opt/ros/humble/include/rclcpp/rclcpp/executors.hpp:21[m[K,
[1.402s]                  from [01m[K/opt/ros/humble/include/rclcpp/rclcpp/rclcpp.hpp:155[m[K,
[1.402s]                  from [01m[K/home/basten/ros2_ws/src/MagangBanyubramanta_Basten-Andika-Salim/src/tugas_yolo/src/initCv.cpp:4[m[K:
[1.402s] [01m[K/home/basten/ros2_ws/src/MagangBanyubramanta_Basten-Andika-Salim/src/tugas_yolo/src/initCv.cpp:23:17:[m[K [01;31m[Kerror: [m[Kinvalid use of â€˜[01m[Kthis[m[Kâ€™ in non-member function
[1.402s]    23 |     RCLCPP_INFO([01;31m[Kthis[m[K->get_logger(), "Image published.");
[1.402s]       |                 [01;31m[K^~~~[m[K
[1.402s] [01m[K/home/basten/ros2_ws/src/MagangBanyubramanta_Basten-Andika-Salim/src/tugas_yolo/src/initCv.cpp:23:17:[m[K [01;31m[Kerror: [m[Kinvalid use of â€˜[01m[Kthis[m[Kâ€™ in non-member function
[1.402s]    23 |     RCLCPP_INFO([01;31m[Kthis[m[K->get_logger(), "Image published.");
[1.402s]       |                 [01;31m[K^~~~[m[K
[1.928s] gmake[2]: *** [CMakeFiles/initCv.dir/build.make:76: CMakeFiles/initCv.dir/src/initCv.cpp.o] Error 1
[1.928s] gmake[1]: *** [CMakeFiles/Makefile2:137: CMakeFiles/initCv.dir/all] Error 2
[1.928s] gmake: *** [Makefile:146: all] Error 2
[1.930s] Invoked command in '/home/basten/ros2_ws/src/MagangBanyubramanta_Basten-Andika-Salim/src/build/tugas_yolo' returned '2': CMAKE_PREFIX_PATH=${CMAKE_PREFIX_PATH}:/opt/ros/humble /usr/bin/cmake --build /home/basten/ros2_ws/src/MagangBanyubramanta_Basten-Andika-Salim/src/build/tugas_yolo -- -j32 -l32
