[01m[K/home/basten/ros2_ws/src/MagangBanyubramanta_Basten-Andika-Salim/src/tugas_yolo-yolocpp/src/detect.cpp:[m[K In function â€˜[01m[Kvoid draw_label(cv::Mat&, std::string, int, int)[m[Kâ€™:
[01m[K/home/basten/ros2_ws/src/MagangBanyubramanta_Basten-Andika-Salim/src/tugas_yolo-yolocpp/src/detect.cpp:40:57:[m[K [01;31m[Kerror: [m[Kâ€˜[01m[KFIiLLED[m[Kâ€™ was not declared in this scope; did you mean â€˜[01m[KFILE[m[Kâ€™?
   40 |     rectangle(input_image, topLeft, bottomRight, BLACK, [01;31m[KFIiLLED[m[K);
      |                                                         [01;31m[K^~~~~~~[m[K
      |                                                         [32m[KFILE[m[K
[01m[K/home/basten/ros2_ws/src/MagangBanyubramanta_Basten-Andika-Salim/src/tugas_yolo-yolocpp/src/detect.cpp:[m[K At global scope:
[01m[K/home/basten/ros2_ws/src/MagangBanyubramanta_Basten-Andika-Salim/src/tugas_yolo-yolocpp/src/detect.cpp:45:43:[m[K [01;31m[Kerror: [m[Kâ€˜[01m[KNet[m[Kâ€™ has not been declared
   45 | vector<Mat> pre_process(Mat &input_image, [01;31m[KNet[m[K &net){
      |                                           [01;31m[K^~~[m[K
[01m[K/home/basten/ros2_ws/src/MagangBanyubramanta_Basten-Andika-Salim/src/tugas_yolo-yolocpp/src/detect.cpp:[m[K In function â€˜[01m[Kstd::vector<cv::Mat> pre_process(cv::Mat&, int&)[m[Kâ€™:
[01m[K/home/basten/ros2_ws/src/MagangBanyubramanta_Basten-Andika-Salim/src/tugas_yolo-yolocpp/src/detect.cpp:48:5:[m[K [01;31m[Kerror: [m[Kâ€˜[01m[KblobFromImage[m[Kâ€™ was not declared in this scope; did you mean â€˜[01m[Kcv::dnn::dnn4_v20231225::blobFromImage[m[Kâ€™?
   48 |     [01;31m[KblobFromImage[m[K(input_image, blob, 1./255., Size(WIDTH, HEIGHT), Scalar(), true, false);
      |     [01;31m[K^~~~~~~~~~~~~[m[K
      |     [32m[Kcv::dnn::dnn4_v20231225::blobFromImage[m[K
In file included from [01m[K/usr/local/include/opencv4/opencv2/dnn.hpp:76[m[K,
                 from [01m[K/usr/local/include/opencv4/opencv2/opencv.hpp:62[m[K,
                 from [01m[K/home/basten/ros2_ws/src/MagangBanyubramanta_Basten-Andika-Salim/src/tugas_yolo-yolocpp/src/detect.cpp:10[m[K:
[01m[K/usr/local/include/opencv4/opencv2/dnn/dnn.hpp:1148:21:[m[K [01;36m[Knote: [m[Kâ€˜[01m[Kcv::dnn::dnn4_v20231225::blobFromImage[m[Kâ€™ declared here
 1148 |     CV_EXPORTS void [01;36m[KblobFromImage[m[K(InputArray image, OutputArray blob, double scalefactor=1.0,
      |                     [01;36m[K^~~~~~~~~~~~~[m[K
[01m[K/home/basten/ros2_ws/src/MagangBanyubramanta_Basten-Andika-Salim/src/tugas_yolo-yolocpp/src/detect.cpp:50:9:[m[K [01;31m[Kerror: [m[Krequest for member â€˜[01m[KsetInput[m[Kâ€™ in â€˜[01m[Knet[m[Kâ€™, which is of non-class type â€˜[01m[Kint[m[Kâ€™
   50 |     net.[01;31m[KsetInput[m[K(blob);
      |         [01;31m[K^~~~~~~~[m[K
[01m[K/home/basten/ros2_ws/src/MagangBanyubramanta_Basten-Andika-Salim/src/tugas_yolo-yolocpp/src/detect.cpp:53:9:[m[K [01;31m[Kerror: [m[Krequest for member â€˜[01m[Kforward[m[Kâ€™ in â€˜[01m[Knet[m[Kâ€™, which is of non-class type â€˜[01m[Kint[m[Kâ€™
   53 |     net.[01;31m[Kforward[m[K(outputs, net.getUnconnectedOutLayersNames());
      |         [01;31m[K^~~~~~~[m[K
[01m[K/home/basten/ros2_ws/src/MagangBanyubramanta_Basten-Andika-Salim/src/tugas_yolo-yolocpp/src/detect.cpp:53:30:[m[K [01;31m[Kerror: [m[Krequest for member â€˜[01m[KgetUnconnectedOutLayersNames[m[Kâ€™ in â€˜[01m[Knet[m[Kâ€™, which is of non-class type â€˜[01m[Kint[m[Kâ€™
   53 |     net.forward(outputs, net.[01;31m[KgetUnconnectedOutLayersNames[m[K());
      |                              [01;31m[K^~~~~~~~~~~~~~~~~~~~~~~~~~~~[m[K
[01m[K/home/basten/ros2_ws/src/MagangBanyubramanta_Basten-Andika-Salim/src/tugas_yolo-yolocpp/src/detect.cpp:[m[K In function â€˜[01m[Kcv::Mat post_process(cv::Mat&, std::vector<cv::Mat>&)[m[Kâ€™:
[01m[K/home/basten/ros2_ws/src/MagangBanyubramanta_Basten-Andika-Salim/src/tugas_yolo-yolocpp/src/detect.cpp:62:11:[m[K [01;35m[Kwarning: [m[Kunused variable â€˜[01m[Kx_factor[m[Kâ€™ [[01;35m[K]8;;https://gcc.gnu.org/onlinedocs/gcc/Warning-Options.html#index-Wunused-variable-Wunused-variable]8;;[m[K]
   62 |     float [01;35m[Kx_factor[m[K = input_image.cols / WIDTH;
      |           [01;35m[K^~~~~~~~[m[K
[01m[K/home/basten/ros2_ws/src/MagangBanyubramanta_Basten-Andika-Salim/src/tugas_yolo-yolocpp/src/detect.cpp:63:11:[m[K [01;35m[Kwarning: [m[Kunused variable â€˜[01m[Ky_factor[m[Kâ€™ [[01;35m[K]8;;https://gcc.gnu.org/onlinedocs/gcc/Warning-Options.html#index-Wunused-variable-Wunused-variable]8;;[m[K]
   63 |     float [01;35m[Ky_factor[m[K = input_image.rows / HEIGHT;
      |           [01;35m[K^~~~~~~~[m[K
[01m[K/home/basten/ros2_ws/src/MagangBanyubramanta_Basten-Andika-Salim/src/tugas_yolo-yolocpp/src/detect.cpp:65:15:[m[K [01;35m[Kwarning: [m[Kunused variable â€˜[01m[Kdimensions[m[Kâ€™ [[01;35m[K]8;;https://gcc.gnu.org/onlinedocs/gcc/Warning-Options.html#index-Wunused-variable-Wunused-variable]8;;[m[K]
   65 |     const int [01;35m[Kdimensions[m[K = 85;
      |               [01;35m[K^~~~~~~~~~[m[K
[01m[K/home/basten/ros2_ws/src/MagangBanyubramanta_Basten-Andika-Salim/src/tugas_yolo-yolocpp/src/detect.cpp:[m[K In function â€˜[01m[Kint main(int, const char**)[m[Kâ€™:
[01m[K/home/basten/ros2_ws/src/MagangBanyubramanta_Basten-Andika-Salim/src/tugas_yolo-yolocpp/src/detect.cpp:80:5:[m[K [01;31m[Kerror: [m[Kâ€˜[01m[KNet[m[Kâ€™ was not declared in this scope; did you mean â€˜[01m[Kcv::dnn::dnn4_v20231225::Net[m[Kâ€™?
   80 |     [01;31m[KNet[m[K net;
      |     [01;31m[K^~~[m[K
      |     [32m[Kcv::dnn::dnn4_v20231225::Net[m[K
In file included from [01m[K/usr/local/include/opencv4/opencv2/dnn.hpp:76[m[K,
                 from [01m[K/usr/local/include/opencv4/opencv2/opencv.hpp:62[m[K,
                 from [01m[K/home/basten/ros2_ws/src/MagangBanyubramanta_Basten-Andika-Salim/src/tugas_yolo-yolocpp/src/detect.cpp:10[m[K:
[01m[K/usr/local/include/opencv4/opencv2/dnn/dnn.hpp:474:31:[m[K [01;36m[Knote: [m[Kâ€˜[01m[Kcv::dnn::dnn4_v20231225::Net[m[Kâ€™ declared here
  474 |     class CV_EXPORTS_W_SIMPLE [01;36m[KNet[m[K
      |                               [01;36m[K^~~[m[K
[01m[K/home/basten/ros2_ws/src/MagangBanyubramanta_Basten-Andika-Salim/src/tugas_yolo-yolocpp/src/detect.cpp:81:5:[m[K [01;31m[Kerror: [m[Kâ€˜[01m[Knet[m[Kâ€™ was not declared in this scope
   81 |     [01;31m[Knet[m[K = readNet("../model/yolov5n.onnx");
      |     [01;31m[K^~~[m[K
[01m[K/home/basten/ros2_ws/src/MagangBanyubramanta_Basten-Andika-Salim/src/tugas_yolo-yolocpp/src/detect.cpp:81:11:[m[K [01;31m[Kerror: [m[Kâ€˜[01m[KreadNet[m[Kâ€™ was not declared in this scope; did you mean â€˜[01m[Kcv::dnn::dnn4_v20231225::readNet[m[Kâ€™?
   81 |     net = [01;31m[KreadNet[m[K("../model/yolov5n.onnx");
      |           [01;31m[K^~~~~~~[m[K
      |           [32m[Kcv::dnn::dnn4_v20231225::readNet[m[K
In file included from [01m[K/usr/local/include/opencv4/opencv2/dnn.hpp:76[m[K,
                 from [01m[K/usr/local/include/opencv4/opencv2/opencv.hpp:62[m[K,
                 from [01m[K/home/basten/ros2_ws/src/MagangBanyubramanta_Basten-Andika-Salim/src/tugas_yolo-yolocpp/src/detect.cpp:10[m[K:
[01m[K/usr/local/include/opencv4/opencv2/dnn/dnn.hpp:1051:23:[m[K [01;36m[Knote: [m[Kâ€˜[01m[Kcv::dnn::dnn4_v20231225::readNet[m[Kâ€™ declared here
 1051 |      CV_EXPORTS_W Net [01;36m[KreadNet[m[K(const String& framework, const std::vector<uchar>& bufferModel,
      |                       [01;36m[K^~~~~~~[m[K
[01m[K/home/basten/ros2_ws/src/MagangBanyubramanta_Basten-Andika-Salim/src/tugas_yolo-yolocpp/src/detect.cpp:76:14:[m[K [01;35m[Kwarning: [m[Kunused parameter â€˜[01m[Kargc[m[Kâ€™ [[01;35m[K]8;;https://gcc.gnu.org/onlinedocs/gcc/Warning-Options.html#index-Wunused-parameter-Wunused-parameter]8;;[m[K]
   76 | int main([01;35m[Kint argc[m[K, char const *argv[]) {
      |          [01;35m[K~~~~^~~~[m[K
[01m[K/home/basten/ros2_ws/src/MagangBanyubramanta_Basten-Andika-Salim/src/tugas_yolo-yolocpp/src/detect.cpp:76:32:[m[K [01;35m[Kwarning: [m[Kunused parameter â€˜[01m[Kargv[m[Kâ€™ [[01;35m[K]8;;https://gcc.gnu.org/onlinedocs/gcc/Warning-Options.html#index-Wunused-parameter-Wunused-parameter]8;;[m[K]
   76 | int main(int argc, [01;35m[Kchar const *argv[][m[K) {
      |                    [01;35m[K~~~~~~~~~~~~^~~~~~[m[K
gmake[2]: *** [CMakeFiles/detect.dir/build.make:76: CMakeFiles/detect.dir/src/detect.cpp.o] Error 1
gmake[1]: *** [CMakeFiles/Makefile2:137: CMakeFiles/detect.dir/all] Error 2
gmake: *** [Makefile:146: all] Error 2
