[0.022s] Invoking command in '/home/basten/ros2_ws/src/MagangBanyubramanta_Basten-Andika-Salim/src/build/tugas_yolo': CMAKE_PREFIX_PATH=/opt/ros/humble /usr/bin/cmake --build /home/basten/ros2_ws/src/MagangBanyubramanta_Basten-Andika-Salim/src/build/tugas_yolo -- -j32 -l32
[0.048s] -- Found ament_cmake: 1.3.8 (/opt/ros/humble/share/ament_cmake/cmake)
[0.125s] -- Found rclcpp: 16.0.8 (/opt/ros/humble/share/rclcpp/cmake)
[0.150s] -- Found rosidl_generator_c: 3.1.5 (/opt/ros/humble/share/rosidl_generator_c/cmake)
[0.152s] -- Found rosidl_adapter: 3.1.5 (/opt/ros/humble/share/rosidl_adapter/cmake)
[0.157s] -- Found rosidl_generator_cpp: 3.1.5 (/opt/ros/humble/share/rosidl_generator_cpp/cmake)
[0.163s] -- Using all available rosidl_typesupport_c: rosidl_typesupport_fastrtps_c;rosidl_typesupport_introspection_c
[0.172s] -- Using all available rosidl_typesupport_cpp: rosidl_typesupport_fastrtps_cpp;rosidl_typesupport_introspection_cpp
[0.205s] -- Found rmw_implementation_cmake: 6.1.1 (/opt/ros/humble/share/rmw_implementation_cmake/cmake)
[0.206s] -- Found rmw_fastrtps_cpp: 6.2.6 (/opt/ros/humble/share/rmw_fastrtps_cpp/cmake)
[0.265s] -- Using RMW implementation 'rmw_fastrtps_cpp' as default
[0.346s] -- Found sensor_msgs: 4.2.3 (/opt/ros/humble/share/sensor_msgs/cmake)
[0.407s] -- Found cv_bridge: 3.2.1 (/opt/ros/humble/share/cv_bridge/cmake)
[0.411s] [33mCMake Warning at /usr/lib/cmake/inferenceengine2023.3.0/InferenceEngineConfig.cmake:62 (message):
[0.411s]   find_package(InferenceEngine) is deprecated and will be removed in 2024.0
[0.411s]   release.  Please, use find_package(OpenVINO)
[0.411s] Call Stack (most recent call first):
[0.411s]   CMakeLists.txt:15 (find_package)
[0.411s] 
[0.411s] [0m
[0.414s] -- Found ament_lint_auto: 0.12.10 (/opt/ros/humble/share/ament_lint_auto/cmake)
[0.451s] -- Added test 'cppcheck' to perform static code analysis on C / C++ code
[0.451s] -- Configured cppcheck include dirs: 
[0.451s] -- Configured cppcheck exclude dirs and/or files: 
[0.451s] -- Added test 'lint_cmake' to check CMake code style
[0.451s] -- Added test 'uncrustify' to check C / C++ code style
[0.451s] -- Configured uncrustify additional arguments: 
[0.451s] -- Added test 'xmllint' to check XML markup files
[0.453s] -- Configuring done
[0.460s] -- Generating done
[0.461s] -- Build files have been written to: /home/basten/ros2_ws/src/MagangBanyubramanta_Basten-Andika-Salim/src/build/tugas_yolo
[0.475s] [35m[1mConsolidate compiler generated dependencies of target initCv[0m
[0.513s] [ 50%] [32mBuilding CXX object CMakeFiles/initCv.dir/src/initCv.cpp.o[0m
[3.497s] [100%] [32m[1mLinking CXX executable initCv[0m
[3.605s] /usr/bin/ld: warning: libopencv_imgproc.so.4.5d, needed by /opt/ros/humble/lib/libcv_bridge.so, may conflict with libopencv_imgproc.so.409
[3.606s] /usr/bin/ld: warning: libopencv_core.so.4.5d, needed by /opt/ros/humble/lib/libcv_bridge.so, may conflict with libopencv_core.so.409
[3.778s] /usr/bin/ld: CMakeFiles/initCv.dir/src/initCv.cpp.o:(.data.rel.ro+0x0): undefined reference to `ov::node_validation_failure_loc_string[abi:cxx11](ov::Node const*)'
[3.778s] /usr/bin/ld: CMakeFiles/initCv.dir/src/initCv.cpp.o:(.data.rel.ro+0x8): undefined reference to `ov::as_output_vector(std::vector<std::shared_ptr<ov::Node>, std::allocator<std::shared_ptr<ov::Node> > > const&)'
[3.778s] /usr/bin/ld: CMakeFiles/initCv.dir/src/initCv.cpp.o:(.data.rel.ro+0x10): undefined reference to `ov::as_node_vector(std::vector<ov::Output<ov::Node>, std::allocator<ov::Output<ov::Node> > > const&)'
[3.778s] /usr/bin/ld: CMakeFiles/initCv.dir/src/initCv.cpp.o:(.data.rel.ro+0x18): undefined reference to `ov::as_result_vector(std::vector<ov::Output<ov::Node>, std::allocator<ov::Output<ov::Node> > > const&)'
[3.795s] collect2: error: ld returned 1 exit status
[3.796s] gmake[2]: *** [CMakeFiles/initCv.dir/build.make:191: initCv] Error 1
[3.796s] gmake[1]: *** [CMakeFiles/Makefile2:137: CMakeFiles/initCv.dir/all] Error 2
[3.796s] gmake: *** [Makefile:146: all] Error 2
[3.798s] Invoked command in '/home/basten/ros2_ws/src/MagangBanyubramanta_Basten-Andika-Salim/src/build/tugas_yolo' returned '2': CMAKE_PREFIX_PATH=/opt/ros/humble /usr/bin/cmake --build /home/basten/ros2_ws/src/MagangBanyubramanta_Basten-Andika-Salim/src/build/tugas_yolo -- -j32 -l32
