[0.044s] Invoking command in '/home/basten/ros2_ws/src/MagangBanyubramanta_Basten-Andika-Salim/src/build/tugas_opencv': CMAKE_PREFIX_PATH=${CMAKE_PREFIX_PATH}:/opt/ros/humble /usr/bin/cmake --build /home/basten/ros2_ws/src/MagangBanyubramanta_Basten-Andika-Salim/src/build/tugas_opencv -- -j32 -l32
[0.067s] [  3%] Built target tugas_opencv__cpp
[0.067s] [ 12%] Built target tugas_opencv__rosidl_generator_c
[0.071s] [ 12%] Built target ament_cmake_python_copy_tugas_opencv
[0.076s] [ 21%] Built target tugas_opencv__rosidl_typesupport_cpp
[0.076s] [ 30%] Built target tugas_opencv__rosidl_typesupport_fastrtps_cpp
[0.078s] [ 48%] Built target tugas_opencv__rosidl_typesupport_introspection_cpp
[0.079s] [ 45%] Built target tugas_opencv__rosidl_typesupport_introspection_c
[0.079s] [ 57%] Built target tugas_opencv__rosidl_typesupport_fastrtps_c
[0.079s] [ 66%] Built target tugas_opencv__rosidl_typesupport_c
[0.082s] [35m[1mConsolidate compiler generated dependencies of target colorcheck[0m
[0.088s] [ 66%] Built target tugas_opencv
[0.090s] [ 69%] [32mBuilding CXX object CMakeFiles/colorcheck.dir/src/colorcheck.cpp.o[0m
[0.098s] [ 72%] Built target tugas_opencv__py
[0.107s] [ 78%] Built target tugas_opencv__rosidl_generator_py
[0.118s] [ 84%] Built target tugas_opencv__rosidl_typesupport_fastrtps_c__pyext
[0.118s] [ 90%] Built target tugas_opencv__rosidl_typesupport_c__pyext
[0.119s] [ 96%] Built target tugas_opencv__rosidl_typesupport_introspection_c__pyext
[0.173s] running egg_info
[0.174s] writing tugas_opencv.egg-info/PKG-INFO
[0.174s] writing dependency_links to tugas_opencv.egg-info/dependency_links.txt
[0.174s] writing top-level names to tugas_opencv.egg-info/top_level.txt
[0.175s] reading manifest file 'tugas_opencv.egg-info/SOURCES.txt'
[0.175s] writing manifest file 'tugas_opencv.egg-info/SOURCES.txt'
[0.187s] [ 96%] Built target ament_cmake_python_build_tugas_opencv_egg
[1.299s] [01m[K/home/basten/ros2_ws/src/MagangBanyubramanta_Basten-Andika-Salim/src/tugas_opencv/src/colorcheck.cpp:[m[K In function â€˜[01m[Kint main(int, char**)[m[Kâ€™:
[1.300s] [01m[K/home/basten/ros2_ws/src/MagangBanyubramanta_Basten-Andika-Salim/src/tugas_opencv/src/colorcheck.cpp:80:11:[m[K [01;31m[Kerror: [m[Kâ€˜[01m[KcvtColor_[m[Kâ€™ was not declared in this scope; did you mean â€˜[01m[KColor_[m[Kâ€™?
[1.300s]    80 |           [01;31m[KcvtColor_[m[K(frame, frameHSV, COLOR_BGR2HSV);
[1.300s]       |           [01;31m[K^~~~~~~~~[m[K
[1.300s]       |           [32m[KColor_[m[K
[1.300s] [01m[K/home/basten/ros2_ws/src/MagangBanyubramanta_Basten-Andika-Salim/src/tugas_opencv/src/colorcheck.cpp:91:18:[m[K [01;35m[Kwarning: [m[Kunused variable â€˜[01m[Karea[m[Kâ€™ [[01;35m[K]8;;https://gcc.gnu.org/onlinedocs/gcc/Warning-Options.html#index-Wunused-variable-Wunused-variable]8;;[m[K]
[1.300s]    91 |           double [01;35m[Karea[m[K = measure.m00;
[1.300s]       |                  [01;35m[K^~~~[m[K
[1.300s] [01m[K/home/basten/ros2_ws/src/MagangBanyubramanta_Basten-Andika-Salim/src/tugas_opencv/src/colorcheck.cpp:92:18:[m[K [01;35m[Kwarning: [m[Kunused variable â€˜[01m[KlengthX[m[Kâ€™ [[01;35m[K]8;;https://gcc.gnu.org/onlinedocs/gcc/Warning-Options.html#index-Wunused-variable-Wunused-variable]8;;[m[K]
[1.300s]    92 |           double [01;35m[KlengthX[m[K = measure.m01;
[1.300s]       |                  [01;35m[K^~~~~~~[m[K
[1.300s] [01m[K/home/basten/ros2_ws/src/MagangBanyubramanta_Basten-Andika-Salim/src/tugas_opencv/src/colorcheck.cpp:93:18:[m[K [01;35m[Kwarning: [m[Kunused variable â€˜[01m[KlengthY[m[Kâ€™ [[01;35m[K]8;;https://gcc.gnu.org/onlinedocs/gcc/Warning-Options.html#index-Wunused-variable-Wunused-variable]8;;[m[K]
[1.300s]    93 |           double [01;35m[KlengthY[m[K = measure.m10;
[1.300s]       |                  [01;35m[K^~~~~~~[m[K
[1.929s] gmake[2]: *** [CMakeFiles/colorcheck.dir/build.make:76: CMakeFiles/colorcheck.dir/src/colorcheck.cpp.o] Error 1
[1.929s] gmake[1]: *** [CMakeFiles/Makefile2:593: CMakeFiles/colorcheck.dir/all] Error 2
[1.929s] gmake: *** [Makefile:146: all] Error 2
[1.932s] Invoked command in '/home/basten/ros2_ws/src/MagangBanyubramanta_Basten-Andika-Salim/src/build/tugas_opencv' returned '2': CMAKE_PREFIX_PATH=${CMAKE_PREFIX_PATH}:/opt/ros/humble /usr/bin/cmake --build /home/basten/ros2_ws/src/MagangBanyubramanta_Basten-Andika-Salim/src/build/tugas_opencv -- -j32 -l32
