[  9%] Built target tugas_opencv__rosidl_generator_c
[ 12%] Built target tugas_opencv__cpp
[ 12%] Built target ament_cmake_python_copy_tugas_opencv
[ 21%] Built target tugas_opencv__rosidl_typesupport_introspection_c
[ 30%] Built target tugas_opencv__rosidl_typesupport_fastrtps_c
[ 39%] Built target tugas_opencv__rosidl_typesupport_c
[ 48%] Built target tugas_opencv__rosidl_typesupport_introspection_cpp
[ 57%] Built target tugas_opencv__rosidl_typesupport_cpp
[ 66%] Built target tugas_opencv__rosidl_typesupport_fastrtps_cpp
[35m[1mConsolidate compiler generated dependencies of target colorcheck[0m
[ 66%] Built target tugas_opencv
[ 69%] [32mBuilding CXX object CMakeFiles/colorcheck.dir/src/colorcheck.cpp.o[0m
[ 72%] Built target tugas_opencv__py
[ 78%] Built target tugas_opencv__rosidl_generator_py
[ 90%] Built target tugas_opencv__rosidl_typesupport_introspection_c__pyext
[ 90%] Built target tugas_opencv__rosidl_typesupport_fastrtps_c__pyext
[ 96%] Built target tugas_opencv__rosidl_typesupport_c__pyext
running egg_info
writing tugas_opencv.egg-info/PKG-INFO
writing dependency_links to tugas_opencv.egg-info/dependency_links.txt
writing top-level names to tugas_opencv.egg-info/top_level.txt
reading manifest file 'tugas_opencv.egg-info/SOURCES.txt'
writing manifest file 'tugas_opencv.egg-info/SOURCES.txt'
[ 96%] Built target ament_cmake_python_build_tugas_opencv_egg
[01m[K/home/basten/ros2_ws/src/MagangBanyubramanta_Basten-Andika-Salim/src/tugas_opencv/src/colorcheck.cpp:[m[K In member function â€˜[01m[Kvoid Color_::publish_func(const SharedPtr&)[m[Kâ€™:
[01m[K/home/basten/ros2_ws/src/MagangBanyubramanta_Basten-Andika-Salim/src/tugas_opencv/src/colorcheck.cpp:24:87:[m[K [01;35m[Kwarning: [m[Kunused parameter â€˜[01m[Kpublish_[m[Kâ€™ [[01;35m[K]8;;https://gcc.gnu.org/onlinedocs/gcc/Warning-Options.html#index-Wunused-parameter-Wunused-parameter]8;;[m[K]
   24 | [01;35m[Konst rclcpp::Publisher<tugas_opencv::msg::Color>::SharedPtr & publish_[m[K)
      | [01;35m[K~~~~~~~~~~~~~~~~~~~~~~~~~~~~~~~~~~~~~~~~~~~~~~~~~~~~~~~~~~~~~~^~~~~~~~[m[K

[01m[K/home/basten/ros2_ws/src/MagangBanyubramanta_Basten-Andika-Salim/src/tugas_opencv/src/colorcheck.cpp:[m[K In function â€˜[01m[Kint main(int, char**)[m[Kâ€™:
[01m[K/home/basten/ros2_ws/src/MagangBanyubramanta_Basten-Andika-Salim/src/tugas_opencv/src/colorcheck.cpp:98:35:[m[K [01;31m[Kerror: [m[Kno matching function for call to â€˜[01m[KColor_::publish_func()[m[Kâ€™
   98 |           [01;31m[Kcolor_node->publish_func()[m[K;
      |           [01;31m[K~~~~~~~~~~~~~~~~~~~~~~~~^~[m[K
[01m[K/home/basten/ros2_ws/src/MagangBanyubramanta_Basten-Andika-Salim/src/tugas_opencv/src/colorcheck.cpp:24:11:[m[K [01;36m[Knote: [m[Kcandidate: â€˜[01m[Kvoid Color_::publish_func(const SharedPtr&)[m[Kâ€™
   24 |      void [01;36m[Kpublish_func[m[K(const rclcpp::Publisher<tugas_opencv::msg::Color>::SharedPtr & publish_)
      |           [01;36m[K^~~~~~~~~~~~[m[K
[01m[K/home/basten/ros2_ws/src/MagangBanyubramanta_Basten-Andika-Salim/src/tugas_opencv/src/colorcheck.cpp:24:11:[m[K [01;36m[Knote: [m[K  candidate expects 1 argument, 0 provided
[01m[K/home/basten/ros2_ws/src/MagangBanyubramanta_Basten-Andika-Salim/src/tugas_opencv/src/colorcheck.cpp:91:18:[m[K [01;35m[Kwarning: [m[Kunused variable â€˜[01m[Karea[m[Kâ€™ [[01;35m[K]8;;https://gcc.gnu.org/onlinedocs/gcc/Warning-Options.html#index-Wunused-variable-Wunused-variable]8;;[m[K]
   91 |           double [01;35m[Karea[m[K = measure.m00;
      |                  [01;35m[K^~~~[m[K
[01m[K/home/basten/ros2_ws/src/MagangBanyubramanta_Basten-Andika-Salim/src/tugas_opencv/src/colorcheck.cpp:92:18:[m[K [01;35m[Kwarning: [m[Kunused variable â€˜[01m[KlengthX[m[Kâ€™ [[01;35m[K]8;;https://gcc.gnu.org/onlinedocs/gcc/Warning-Options.html#index-Wunused-variable-Wunused-variable]8;;[m[K]
   92 |           double [01;35m[KlengthX[m[K = measure.m01;
      |                  [01;35m[K^~~~~~~[m[K
[01m[K/home/basten/ros2_ws/src/MagangBanyubramanta_Basten-Andika-Salim/src/tugas_opencv/src/colorcheck.cpp:93:18:[m[K [01;35m[Kwarning: [m[Kunused variable â€˜[01m[KlengthY[m[Kâ€™ [[01;35m[K]8;;https://gcc.gnu.org/onlinedocs/gcc/Warning-Options.html#index-Wunused-variable-Wunused-variable]8;;[m[K]
   93 |           double [01;35m[KlengthY[m[K = measure.m10;
      |                  [01;35m[K^~~~~~~[m[K
gmake[2]: *** [CMakeFiles/colorcheck.dir/build.make:76: CMakeFiles/colorcheck.dir/src/colorcheck.cpp.o] Error 1
gmake[1]: *** [CMakeFiles/Makefile2:593: CMakeFiles/colorcheck.dir/all] Error 2
gmake: *** [Makefile:146: all] Error 2
