[0.026s] Invoking command in '/home/basten/ros2_ws/src/MagangBanyubramanta_Basten-Andika-Salim/Ros2/build/tugas_opencv': CMAKE_PREFIX_PATH=${CMAKE_PREFIX_PATH}:/opt/ros/humble /usr/bin/cmake --build /home/basten/ros2_ws/src/MagangBanyubramanta_Basten-Andika-Salim/Ros2/build/tugas_opencv -- -j32 -l32
[0.055s] [  2%] Built target tugas_opencv__cpp
[0.055s] [ 12%] Built target tugas_opencv__rosidl_generator_c
[0.061s] [ 12%] Built target ament_cmake_python_copy_tugas_opencv
[0.066s] [ 21%] Built target tugas_opencv__rosidl_typesupport_cpp
[0.066s] [ 31%] Built target tugas_opencv__rosidl_typesupport_fastrtps_cpp
[0.066s] [ 43%] Built target tugas_opencv__rosidl_typesupport_introspection_cpp
[0.067s] [ 53%] Built target tugas_opencv__rosidl_typesupport_fastrtps_c
[0.067s] [ 60%] Built target tugas_opencv__rosidl_typesupport_introspection_c
[0.067s] [ 70%] Built target tugas_opencv__rosidl_typesupport_c
[0.072s] [35m[1mConsolidate compiler generated dependencies of target colorcheck[0m
[0.076s] [ 70%] Built target tugas_opencv
[0.081s] [ 73%] [32mBuilding CXX object CMakeFiles/colorcheck.dir/src/colorcheck.cpp.o[0m
[0.086s] [ 75%] Built target tugas_opencv__py
[0.096s] [ 82%] Built target tugas_opencv__rosidl_generator_py
[0.107s] [ 87%] Built target tugas_opencv__rosidl_typesupport_fastrtps_c__pyext
[0.107s] [ 92%] Built target tugas_opencv__rosidl_typesupport_introspection_c__pyext
[0.107s] [ 97%] Built target tugas_opencv__rosidl_typesupport_c__pyext
[0.152s] running egg_info
[0.159s] writing tugas_opencv.egg-info/PKG-INFO
[0.159s] writing dependency_links to tugas_opencv.egg-info/dependency_links.txt
[0.159s] writing top-level names to tugas_opencv.egg-info/top_level.txt
[0.178s] reading manifest file 'tugas_opencv.egg-info/SOURCES.txt'
[0.178s] writing manifest file 'tugas_opencv.egg-info/SOURCES.txt'
[0.191s] [ 97%] Built target ament_cmake_python_build_tugas_opencv_egg
[1.530s] [01m[K/home/basten/ros2_ws/src/MagangBanyubramanta_Basten-Andika-Salim/Ros2/src/tugas_opencv/src/colorcheck.cpp:[m[K In function â€˜[01m[Kcv::Point boundBox(cv::Mat&, cv::Mat&, cv::Point*, cv::Point*)[m[Kâ€™:
[1.530s] [01m[K/home/basten/ros2_ws/src/MagangBanyubramanta_Basten-Andika-Salim/Ros2/src/tugas_opencv/src/colorcheck.cpp:61:11:[m[K [01;31m[Kerror: [m[Kinvalid type argument of unary â€˜[01m[K*[m[Kâ€™ (have â€˜[01m[Kint[m[Kâ€™)
[1.530s]    61 |           [01;31m[K*topLeft->x[m[K = boundRect.x;
[1.530s]       |           [01;31m[K^~~~~~~~~~~[m[K
[1.530s] [01m[K/home/basten/ros2_ws/src/MagangBanyubramanta_Basten-Andika-Salim/Ros2/src/tugas_opencv/src/colorcheck.cpp:62:11:[m[K [01;31m[Kerror: [m[Kinvalid type argument of unary â€˜[01m[K*[m[Kâ€™ (have â€˜[01m[Kint[m[Kâ€™)
[1.530s]    62 |           [01;31m[K*topLeft->y[m[K = boundRect.y;
[1.530s]       |           [01;31m[K^~~~~~~~~~~[m[K
[1.530s] [01m[K/home/basten/ros2_ws/src/MagangBanyubramanta_Basten-Andika-Salim/Ros2/src/tugas_opencv/src/colorcheck.cpp:64:11:[m[K [01;31m[Kerror: [m[Kinvalid type argument of unary â€˜[01m[K*[m[Kâ€™ (have â€˜[01m[Kint[m[Kâ€™)
[1.530s]    64 |           [01;31m[K*botRight->x[m[K = boundRect.x + boundRect.width;
[1.530s]       |           [01;31m[K^~~~~~~~~~~~[m[K
[1.530s] [01m[K/home/basten/ros2_ws/src/MagangBanyubramanta_Basten-Andika-Salim/Ros2/src/tugas_opencv/src/colorcheck.cpp:65:11:[m[K [01;31m[Kerror: [m[Kinvalid type argument of unary â€˜[01m[K*[m[Kâ€™ (have â€˜[01m[Kint[m[Kâ€™)
[1.530s]    65 |           [01;31m[K*botRight->y[m[K = boundRect.y + boundRect.height;
[1.530s]       |           [01;31m[K^~~~~~~~~~~~[m[K
[1.530s] [01m[K/home/basten/ros2_ws/src/MagangBanyubramanta_Basten-Andika-Salim/Ros2/src/tugas_opencv/src/colorcheck.cpp:52:36:[m[K [01;35m[Kwarning: [m[Kunused parameter â€˜[01m[KoriginalFrame[m[Kâ€™ [[01;35m[K]8;;https://gcc.gnu.org/onlinedocs/gcc/Warning-Options.html#index-Wunused-parameter-Wunused-parameter]8;;[m[K]
[1.530s]    52 | Point boundBox(Mat &hsvFrame, [01;35m[KMat &originalFrame[m[K, Point *topLeft, Point *botRight){
[1.530s]       |                               [01;35m[K~~~~~^~~~~~~~~~~~~[m[K
[1.533s] [01m[K/home/basten/ros2_ws/src/MagangBanyubramanta_Basten-Andika-Salim/Ros2/src/tugas_opencv/src/colorcheck.cpp:[m[K In function â€˜[01m[Kint main(int, char**)[m[Kâ€™:
[1.533s] [01m[K/home/basten/ros2_ws/src/MagangBanyubramanta_Basten-Andika-Salim/Ros2/src/tugas_opencv/src/colorcheck.cpp:150:18:[m[K [01;35m[Kwarning: [m[Kunused variable â€˜[01m[KareaR[m[Kâ€™ [[01;35m[K]8;;https://gcc.gnu.org/onlinedocs/gcc/Warning-Options.html#index-Wunused-variable-Wunused-variable]8;;[m[K]
[1.533s]   150 |           double [01;35m[KareaR[m[K = measureR.m00;
[1.533s]       |                  [01;35m[K^~~~~[m[K
[1.533s] [01m[K/home/basten/ros2_ws/src/MagangBanyubramanta_Basten-Andika-Salim/Ros2/src/tugas_opencv/src/colorcheck.cpp:153:18:[m[K [01;35m[Kwarning: [m[Kunused variable â€˜[01m[KareaG[m[Kâ€™ [[01;35m[K]8;;https://gcc.gnu.org/onlinedocs/gcc/Warning-Options.html#index-Wunused-variable-Wunused-variable]8;;[m[K]
[1.533s]   153 |           double [01;35m[KareaG[m[K = measureG.m00;
[1.533s]       |                  [01;35m[K^~~~~[m[K
[1.533s] [01m[K/home/basten/ros2_ws/src/MagangBanyubramanta_Basten-Andika-Salim/Ros2/src/tugas_opencv/src/colorcheck.cpp:156:18:[m[K [01;35m[Kwarning: [m[Kunused variable â€˜[01m[KareaB[m[Kâ€™ [[01;35m[K]8;;https://gcc.gnu.org/onlinedocs/gcc/Warning-Options.html#index-Wunused-variable-Wunused-variable]8;;[m[K]
[1.533s]   156 |           double [01;35m[KareaB[m[K = measureB.m00;
[1.533s]       |                  [01;35m[K^~~~~[m[K
[2.109s] gmake[2]: *** [CMakeFiles/colorcheck.dir/build.make:76: CMakeFiles/colorcheck.dir/src/colorcheck.cpp.o] Error 1
[2.110s] gmake[1]: *** [CMakeFiles/Makefile2:593: CMakeFiles/colorcheck.dir/all] Error 2
[2.110s] gmake: *** [Makefile:146: all] Error 2
[2.111s] Invoked command in '/home/basten/ros2_ws/src/MagangBanyubramanta_Basten-Andika-Salim/Ros2/build/tugas_opencv' returned '2': CMAKE_PREFIX_PATH=${CMAKE_PREFIX_PATH}:/opt/ros/humble /usr/bin/cmake --build /home/basten/ros2_ws/src/MagangBanyubramanta_Basten-Andika-Salim/Ros2/build/tugas_opencv -- -j32 -l32
