[01m[K/home/basten/ros2_ws/src/MagangBanyubramanta_Basten-Andika-Salim/src/tugas_opencv/src/colorcheck.cpp:7:10:[m[K [01;31m[Kfatal error: [m[Ktugas_opencv/msg/Color.hpp: No such file or directory
    7 | #include [01;31m[K"tugas_opencv/msg/Color.hpp"[m[K
      |          [01;31m[K^~~~~~~~~~~~~~~~~~~~~~~~~~~~[m[K
compilation terminated.
gmake[2]: *** [CMakeFiles/colorcheck.dir/build.make:76: CMakeFiles/colorcheck.dir/src/colorcheck.cpp.o] Error 1
gmake[1]: *** [CMakeFiles/Makefile2:593: CMakeFiles/colorcheck.dir/all] Error 2
gmake[1]: *** Waiting for unfinished jobs....
gmake: *** [Makefile:146: all] Error 2
