[  3%] Built target tugas_opencv__cpp
[ 12%] Built target tugas_opencv__rosidl_generator_c
[ 12%] Built target ament_cmake_python_copy_tugas_opencv
[ 21%] Built target tugas_opencv__rosidl_typesupport_cpp
[ 48%] Built target tugas_opencv__rosidl_typesupport_introspection_cpp
[ 48%] Built target tugas_opencv__rosidl_typesupport_introspection_c
[ 48%] Built target tugas_opencv__rosidl_typesupport_fastrtps_cpp
[ 57%] Built target tugas_opencv__rosidl_typesupport_fastrtps_c
[ 66%] Built target tugas_opencv__rosidl_typesupport_c
[35m[1mConsolidate compiler generated dependencies of target colorcheck[0m
[ 66%] Built target tugas_opencv
[ 69%] [32mBuilding CXX object CMakeFiles/colorcheck.dir/src/colorcheck.cpp.o[0m
[ 72%] Built target tugas_opencv__py
[ 78%] Built target tugas_opencv__rosidl_generator_py
[ 90%] Built target tugas_opencv__rosidl_typesupport_introspection_c__pyext
[ 90%] Built target tugas_opencv__rosidl_typesupport_fastrtps_c__pyext
[ 96%] Built target tugas_opencv__rosidl_typesupport_c__pyext
running egg_info
writing tugas_opencv.egg-info/PKG-INFO
writing dependency_links to tugas_opencv.egg-info/dependency_links.txt
writing top-level names to tugas_opencv.egg-info/top_level.txt
reading manifest file 'tugas_opencv.egg-info/SOURCES.txt'
writing manifest file 'tugas_opencv.egg-info/SOURCES.txt'
[ 96%] Built target ament_cmake_python_build_tugas_opencv_egg
[01m[K/home/basten/ros2_ws/src/MagangBanyubramanta_Basten-Andika-Salim/src/tugas_opencv/src/colorcheck.cpp:[m[K In function â€˜[01m[Kint main(int, char**)[m[Kâ€™:
[01m[K/home/basten/ros2_ws/src/MagangBanyubramanta_Basten-Andika-Salim/src/tugas_opencv/src/colorcheck.cpp:128:17:[m[K [01;31m[Kerror: [m[Kexpected unqualified-id before â€˜[01m[K->[m[Kâ€™ token
  128 |           Color_[01;31m[K->[m[Kpublish_func();
      |                 [01;31m[K^~[m[K
gmake[2]: *** [CMakeFiles/colorcheck.dir/build.make:76: CMakeFiles/colorcheck.dir/src/colorcheck.cpp.o] Error 1
gmake[1]: *** [CMakeFiles/Makefile2:593: CMakeFiles/colorcheck.dir/all] Error 2
gmake: *** [Makefile:146: all] Error 2
