[0.034s] Invoking command in '/home/basten/ros2_ws/src/MagangBanyubramanta_Basten-Andika-Salim/src/build/tugas_opencv': CMAKE_PREFIX_PATH=${CMAKE_PREFIX_PATH}:/opt/ros/humble /usr/bin/cmake --build /home/basten/ros2_ws/src/MagangBanyubramanta_Basten-Andika-Salim/src/build/tugas_opencv -- -j32 -l32
[0.084s] [  3%] Built target tugas_opencv__cpp
[0.085s] [ 12%] Built target tugas_opencv__rosidl_generator_c
[0.089s] [ 12%] Built target ament_cmake_python_copy_tugas_opencv
[0.095s] [ 21%] Built target tugas_opencv__rosidl_typesupport_cpp
[0.096s] [ 48%] Built target tugas_opencv__rosidl_typesupport_introspection_cpp
[0.096s] [ 48%] Built target tugas_opencv__rosidl_typesupport_introspection_c
[0.096s] [ 48%] Built target tugas_opencv__rosidl_typesupport_fastrtps_cpp
[0.096s] [ 57%] Built target tugas_opencv__rosidl_typesupport_fastrtps_c
[0.096s] [ 66%] Built target tugas_opencv__rosidl_typesupport_c
[0.102s] [35m[1mConsolidate compiler generated dependencies of target colorcheck[0m
[0.105s] [ 66%] Built target tugas_opencv
[0.115s] [ 69%] [32mBuilding CXX object CMakeFiles/colorcheck.dir/src/colorcheck.cpp.o[0m
[0.115s] [ 72%] Built target tugas_opencv__py
[0.126s] [ 78%] Built target tugas_opencv__rosidl_generator_py
[0.137s] [ 90%] Built target tugas_opencv__rosidl_typesupport_introspection_c__pyext
[0.137s] [ 90%] Built target tugas_opencv__rosidl_typesupport_fastrtps_c__pyext
[0.139s] [ 96%] Built target tugas_opencv__rosidl_typesupport_c__pyext
[0.191s] running egg_info
[0.192s] writing tugas_opencv.egg-info/PKG-INFO
[0.192s] writing dependency_links to tugas_opencv.egg-info/dependency_links.txt
[0.192s] writing top-level names to tugas_opencv.egg-info/top_level.txt
[0.193s] reading manifest file 'tugas_opencv.egg-info/SOURCES.txt'
[0.193s] writing manifest file 'tugas_opencv.egg-info/SOURCES.txt'
[0.205s] [ 96%] Built target ament_cmake_python_build_tugas_opencv_egg
[1.430s] [01m[K/home/basten/ros2_ws/src/MagangBanyubramanta_Basten-Andika-Salim/src/tugas_opencv/src/colorcheck.cpp:[m[K In function â€˜[01m[Kint main(int, char**)[m[Kâ€™:
[1.430s] [01m[K/home/basten/ros2_ws/src/MagangBanyubramanta_Basten-Andika-Salim/src/tugas_opencv/src/colorcheck.cpp:128:17:[m[K [01;31m[Kerror: [m[Kexpected unqualified-id before â€˜[01m[K->[m[Kâ€™ token
[1.430s]   128 |           Color_[01;31m[K->[m[Kpublish_func();
[1.430s]       |                 [01;31m[K^~[m[K
[2.121s] gmake[2]: *** [CMakeFiles/colorcheck.dir/build.make:76: CMakeFiles/colorcheck.dir/src/colorcheck.cpp.o] Error 1
[2.121s] gmake[1]: *** [CMakeFiles/Makefile2:593: CMakeFiles/colorcheck.dir/all] Error 2
[2.121s] gmake: *** [Makefile:146: all] Error 2
[2.123s] Invoked command in '/home/basten/ros2_ws/src/MagangBanyubramanta_Basten-Andika-Salim/src/build/tugas_opencv' returned '2': CMAKE_PREFIX_PATH=${CMAKE_PREFIX_PATH}:/opt/ros/humble /usr/bin/cmake --build /home/basten/ros2_ws/src/MagangBanyubramanta_Basten-Andika-Salim/src/build/tugas_opencv -- -j32 -l32
