[35m[1mConsolidate compiler generated dependencies of target tugas_opencv__rosidl_generator_c[0m
[  2%] Built target tugas_opencv__cpp
[ 12%] Built target tugas_opencv__rosidl_generator_c
[ 12%] Built target ament_cmake_python_copy_tugas_opencv
[35m[1mConsolidate compiler generated dependencies of target tugas_opencv__rosidl_typesupport_cpp[0m
[35m[1mConsolidate compiler generated dependencies of target tugas_opencv__rosidl_typesupport_fastrtps_cpp[0m
[35m[1mConsolidate compiler generated dependencies of target tugas_opencv__rosidl_typesupport_introspection_c[0m
[35m[1mConsolidate compiler generated dependencies of target tugas_opencv__rosidl_typesupport_introspection_cpp[0m
[35m[1mConsolidate compiler generated dependencies of target tugas_opencv__rosidl_typesupport_fastrtps_c[0m
[35m[1mConsolidate compiler generated dependencies of target tugas_opencv__rosidl_typesupport_c[0m
[ 29%] Built target tugas_opencv__rosidl_typesupport_introspection_c
[ 31%] Built target tugas_opencv__rosidl_typesupport_cpp
[ 41%] Built target tugas_opencv__rosidl_typesupport_c
[ 51%] Built target tugas_opencv__rosidl_typesupport_fastrtps_c
[ 60%] Built target tugas_opencv__rosidl_typesupport_fastrtps_cpp
[ 70%] Built target tugas_opencv__rosidl_typesupport_introspection_cpp
[35m[1mConsolidate compiler generated dependencies of target colorcheck[0m
[ 70%] Built target tugas_opencv
[ 73%] [32mBuilding CXX object CMakeFiles/colorcheck.dir/src/colorcheck.cpp.o[0m
[ 75%] Built target tugas_opencv__py
[35m[1mConsolidate compiler generated dependencies of target tugas_opencv__rosidl_generator_py[0m
[ 82%] Built target tugas_opencv__rosidl_generator_py
[35m[1mConsolidate compiler generated dependencies of target tugas_opencv__rosidl_typesupport_fastrtps_c__pyext[0m
[35m[1mConsolidate compiler generated dependencies of target tugas_opencv__rosidl_typesupport_introspection_c__pyext[0m
[35m[1mConsolidate compiler generated dependencies of target tugas_opencv__rosidl_typesupport_c__pyext[0m
[ 87%] Built target tugas_opencv__rosidl_typesupport_fastrtps_c__pyext
[ 92%] Built target tugas_opencv__rosidl_typesupport_introspection_c__pyext
[ 97%] Built target tugas_opencv__rosidl_typesupport_c__pyext
running egg_info
writing tugas_opencv.egg-info/PKG-INFO
writing dependency_links to tugas_opencv.egg-info/dependency_links.txt
writing top-level names to tugas_opencv.egg-info/top_level.txt
reading manifest file 'tugas_opencv.egg-info/SOURCES.txt'
writing manifest file 'tugas_opencv.egg-info/SOURCES.txt'
[ 97%] Built target ament_cmake_python_build_tugas_opencv_egg
[01m[K/home/basten/ros2_ws/src/MagangBanyubramanta_Basten-Andika-Salim/src/tugas_opencv/src/colorcheck.cpp:[m[K In constructor â€˜[01m[KColor_::Color_()[m[Kâ€™:
[01m[K/home/basten/ros2_ws/src/MagangBanyubramanta_Basten-Andika-Salim/src/tugas_opencv/src/colorcheck.cpp:26:11:[m[K [01;31m[Kerror: [m[Kâ€˜[01m[KpublishColor_[m[Kâ€™ was not declared in this scope; did you mean â€˜[01m[Kpublish_[m[Kâ€™?
   26 |           [01;31m[KpublishColor_[m[K = this->create_publisher<tugas_opencv::msg::Position>("detection", 10);
      |           [01;31m[K^~~~~~~~~~~~~[m[K
      |           [32m[Kpublish_[m[K
[01m[K/home/basten/ros2_ws/src/MagangBanyubramanta_Basten-Andika-Salim/src/tugas_opencv/src/colorcheck.cpp:[m[K In member function â€˜[01m[Kvoid Color_::publish_func()[m[Kâ€™:
[01m[K/home/basten/ros2_ws/src/MagangBanyubramanta_Basten-Andika-Salim/src/tugas_opencv/src/colorcheck.cpp:32:16:[m[K [01;31m[Kerror: [m[Kâ€˜[01m[KpublishColor_[m[Kâ€™ was not declared in this scope; did you mean â€˜[01m[Kpublish_[m[Kâ€™?
   32 |                [01;31m[KpublishColor_[m[K->publish(colorRed);
      |                [01;31m[K^~~~~~~~~~~~~[m[K
      |                [32m[Kpublish_[m[K
gmake[2]: *** [CMakeFiles/colorcheck.dir/build.make:76: CMakeFiles/colorcheck.dir/src/colorcheck.cpp.o] Error 1
gmake[1]: *** [CMakeFiles/Makefile2:593: CMakeFiles/colorcheck.dir/all] Error 2
gmake: *** [Makefile:146: all] Error 2
