[0.026s] Invoking command in '/home/basten/ros2_ws/src/MagangBanyubramanta_Basten-Andika-Salim/src/build/tugas_opencv': CMAKE_PREFIX_PATH=${CMAKE_PREFIX_PATH}:/opt/ros/humble /usr/bin/cmake --build /home/basten/ros2_ws/src/MagangBanyubramanta_Basten-Andika-Salim/src/build/tugas_opencv -- -j32 -l32
[0.046s] [35m[1mConsolidate compiler generated dependencies of target tugas_opencv__rosidl_generator_c[0m
[0.050s] [  2%] Built target tugas_opencv__cpp
[0.052s] [ 12%] Built target tugas_opencv__rosidl_generator_c
[0.054s] [ 12%] Built target ament_cmake_python_copy_tugas_opencv
[0.056s] [35m[1mConsolidate compiler generated dependencies of target tugas_opencv__rosidl_typesupport_cpp[0m
[0.056s] [35m[1mConsolidate compiler generated dependencies of target tugas_opencv__rosidl_typesupport_fastrtps_cpp[0m
[0.056s] [35m[1mConsolidate compiler generated dependencies of target tugas_opencv__rosidl_typesupport_introspection_c[0m
[0.056s] [35m[1mConsolidate compiler generated dependencies of target tugas_opencv__rosidl_typesupport_introspection_cpp[0m
[0.056s] [35m[1mConsolidate compiler generated dependencies of target tugas_opencv__rosidl_typesupport_fastrtps_c[0m
[0.057s] [35m[1mConsolidate compiler generated dependencies of target tugas_opencv__rosidl_typesupport_c[0m
[0.062s] [ 29%] Built target tugas_opencv__rosidl_typesupport_introspection_c
[0.062s] [ 31%] Built target tugas_opencv__rosidl_typesupport_cpp
[0.062s] [ 41%] Built target tugas_opencv__rosidl_typesupport_c
[0.062s] [ 51%] Built target tugas_opencv__rosidl_typesupport_fastrtps_c
[0.063s] [ 60%] Built target tugas_opencv__rosidl_typesupport_fastrtps_cpp
[0.063s] [ 70%] Built target tugas_opencv__rosidl_typesupport_introspection_cpp
[0.068s] [35m[1mConsolidate compiler generated dependencies of target colorcheck[0m
[0.072s] [ 70%] Built target tugas_opencv
[0.076s] [ 73%] [32mBuilding CXX object CMakeFiles/colorcheck.dir/src/colorcheck.cpp.o[0m
[0.081s] [ 75%] Built target tugas_opencv__py
[0.086s] [35m[1mConsolidate compiler generated dependencies of target tugas_opencv__rosidl_generator_py[0m
[0.093s] [ 82%] Built target tugas_opencv__rosidl_generator_py
[0.098s] [35m[1mConsolidate compiler generated dependencies of target tugas_opencv__rosidl_typesupport_fastrtps_c__pyext[0m
[0.098s] [35m[1mConsolidate compiler generated dependencies of target tugas_opencv__rosidl_typesupport_introspection_c__pyext[0m
[0.099s] [35m[1mConsolidate compiler generated dependencies of target tugas_opencv__rosidl_typesupport_c__pyext[0m
[0.104s] [ 87%] Built target tugas_opencv__rosidl_typesupport_fastrtps_c__pyext
[0.105s] [ 92%] Built target tugas_opencv__rosidl_typesupport_introspection_c__pyext
[0.105s] [ 97%] Built target tugas_opencv__rosidl_typesupport_c__pyext
[0.139s] running egg_info
[0.145s] writing tugas_opencv.egg-info/PKG-INFO
[0.145s] writing dependency_links to tugas_opencv.egg-info/dependency_links.txt
[0.145s] writing top-level names to tugas_opencv.egg-info/top_level.txt
[0.161s] reading manifest file 'tugas_opencv.egg-info/SOURCES.txt'
[0.161s] writing manifest file 'tugas_opencv.egg-info/SOURCES.txt'
[0.174s] [ 97%] Built target ament_cmake_python_build_tugas_opencv_egg
[1.280s] [01m[K/home/basten/ros2_ws/src/MagangBanyubramanta_Basten-Andika-Salim/src/tugas_opencv/src/colorcheck.cpp:[m[K In constructor â€˜[01m[KColor_::Color_()[m[Kâ€™:
[1.280s] [01m[K/home/basten/ros2_ws/src/MagangBanyubramanta_Basten-Andika-Salim/src/tugas_opencv/src/colorcheck.cpp:26:11:[m[K [01;31m[Kerror: [m[Kâ€˜[01m[KpublishColor_[m[Kâ€™ was not declared in this scope; did you mean â€˜[01m[Kpublish_[m[Kâ€™?
[1.280s]    26 |           [01;31m[KpublishColor_[m[K = this->create_publisher<tugas_opencv::msg::Position>("detection", 10);
[1.280s]       |           [01;31m[K^~~~~~~~~~~~~[m[K
[1.280s]       |           [32m[Kpublish_[m[K
[1.286s] [01m[K/home/basten/ros2_ws/src/MagangBanyubramanta_Basten-Andika-Salim/src/tugas_opencv/src/colorcheck.cpp:[m[K In member function â€˜[01m[Kvoid Color_::publish_func()[m[Kâ€™:
[1.286s] [01m[K/home/basten/ros2_ws/src/MagangBanyubramanta_Basten-Andika-Salim/src/tugas_opencv/src/colorcheck.cpp:32:16:[m[K [01;31m[Kerror: [m[Kâ€˜[01m[KpublishColor_[m[Kâ€™ was not declared in this scope; did you mean â€˜[01m[Kpublish_[m[Kâ€™?
[1.286s]    32 |                [01;31m[KpublishColor_[m[K->publish(colorRed);
[1.286s]       |                [01;31m[K^~~~~~~~~~~~~[m[K
[1.286s]       |                [32m[Kpublish_[m[K
[1.962s] gmake[2]: *** [CMakeFiles/colorcheck.dir/build.make:76: CMakeFiles/colorcheck.dir/src/colorcheck.cpp.o] Error 1
[1.963s] gmake[1]: *** [CMakeFiles/Makefile2:593: CMakeFiles/colorcheck.dir/all] Error 2
[1.963s] gmake: *** [Makefile:146: all] Error 2
[1.965s] Invoked command in '/home/basten/ros2_ws/src/MagangBanyubramanta_Basten-Andika-Salim/src/build/tugas_opencv' returned '2': CMAKE_PREFIX_PATH=${CMAKE_PREFIX_PATH}:/opt/ros/humble /usr/bin/cmake --build /home/basten/ros2_ws/src/MagangBanyubramanta_Basten-Andika-Salim/src/build/tugas_opencv -- -j32 -l32
