[0.028s] Invoking command in '/home/basten/ros2_ws/src/MagangBanyubramanta_Basten-Andika-Salim/Ros2/build/communicator': CMAKE_PREFIX_PATH=/home/basten/ros2_ws/src/MagangBanyubramanta_Basten-Andika-Salim/Ros2/install/tugas_joy:/home/basten/ros2_ws/src/MagangBanyubramanta_Basten-Andika-Salim/Ros2/install/xbox:/home/basten/ros2_ws/src/MagangBanyubramanta_Basten-Andika-Salim/Ros2/install/tugas_yolo_yolocpp:/home/basten/ros2_ws/src/MagangBanyubramanta_Basten-Andika-Salim/Ros2/install/tugas_yolo:/home/basten/ros2_ws/src/MagangBanyubramanta_Basten-Andika-Salim/Ros2/install/tugas_opencv:/home/basten/ros2_ws/src/MagangBanyubramanta_Basten-Andika-Salim/Ros2/install/communicator:/opt/ros/humble LD_LIBRARY_PATH=/home/basten/ros2_ws/src/MagangBanyubramanta_Basten-Andika-Salim/Ros2/install/tugas_joy/lib:/home/basten/ros2_ws/src/MagangBanyubramanta_Basten-Andika-Salim/Ros2/install/xbox/lib:/home/basten/ros2_ws/src/MagangBanyubramanta_Basten-Andika-Salim/Ros2/install/tugas_yolo_yolocpp/lib:/home/basten/ros2_ws/src/MagangBanyubramanta_Basten-Andika-Salim/Ros2/install/tugas_opencv/lib:/opt/ros/humble/opt/rviz_ogre_vendor/lib:/opt/ros/humble/lib/x86_64-linux-gnu:/opt/ros/humble/lib /usr/bin/cmake --build /home/basten/ros2_ws/src/MagangBanyubramanta_Basten-Andika-Salim/Ros2/build/communicator -- -j32 -l32
[0.052s] [35m[1mConsolidate compiler generated dependencies of target communicator[0m
[0.069s] [ 50%] [32mBuilding CXX object CMakeFiles/communicator.dir/src/communicator.cpp.o[0m
[1.263s] [01m[K/home/basten/ros2_ws/src/MagangBanyubramanta_Basten-Andika-Salim/Ros2/src/communicator/src/communicator.cpp:54:23:[m[K [01;31m[Kerror: [m[Kâ€˜[01m[Kxbox[m[Kâ€™ was not declared in this scope
[1.264s]    54 |     rclcpp::Publisher<[01;31m[Kxbox[m[K::msg::Command>::SharedPtr publish_;
[1.264s]       |                       [01;31m[K^~~~[m[K
[1.264s] [01m[K/home/basten/ros2_ws/src/MagangBanyubramanta_Basten-Andika-Salim/Ros2/src/communicator/src/communicator.cpp:54:41:[m[K [01;31m[Kerror: [m[Ktemplate argument 1 is invalid
[1.264s]    54 |     rclcpp::Publisher<xbox::msg::Command[01;31m[K>[m[K::SharedPtr publish_;
[1.264s]       |                                         [01;31m[K^[m[K
[1.264s] [01m[K/home/basten/ros2_ws/src/MagangBanyubramanta_Basten-Andika-Salim/Ros2/src/communicator/src/communicator.cpp:54:44:[m[K [01;31m[Kerror: [m[Kexpected â€˜[01m[K;[m[Kâ€™ at end of member declaration
[1.264s]    54 |     rclcpp::Publisher<xbox::msg::Command>::[01;31m[KSharedPtr[m[K publish_;
[1.264s]       |                                            [01;31m[K^~~~~~~~~[m[K
[1.264s]       |                                                     [32m[K;[m[K
[1.265s] [01m[K/home/basten/ros2_ws/src/MagangBanyubramanta_Basten-Andika-Salim/Ros2/src/communicator/src/communicator.cpp:54:54:[m[K [01;31m[Kerror: [m[Kâ€˜[01m[Kpublish_[m[Kâ€™ does not name a type
[1.265s]    54 |     rclcpp::Publisher<xbox::msg::Command>::SharedPtr [01;31m[Kpublish_[m[K;
[1.265s]       |                                                      [01;31m[K^~~~~~~~[m[K
[1.265s] [01m[K/home/basten/ros2_ws/src/MagangBanyubramanta_Basten-Andika-Salim/Ros2/src/communicator/src/communicator.cpp:55:42:[m[K [01;31m[Kerror: [m[Ktemplate argument 1 is invalid
[1.265s]    55 |     rclcpp::Subscription<tugas_joy::msg::[01;31m[K>[m[K::SharedPtr subscribe_;
[1.265s]       |                                          [01;31m[K^[m[K
[1.265s] [01m[K/home/basten/ros2_ws/src/MagangBanyubramanta_Basten-Andika-Salim/Ros2/src/communicator/src/communicator.cpp:55:42:[m[K [01;31m[Kerror: [m[Ktemplate argument 3 is invalid
[1.265s] [01m[K/home/basten/ros2_ws/src/MagangBanyubramanta_Basten-Andika-Salim/Ros2/src/communicator/src/communicator.cpp:55:42:[m[K [01;31m[Kerror: [m[Ktemplate argument 4 is invalid
[1.265s] [01m[K/home/basten/ros2_ws/src/MagangBanyubramanta_Basten-Andika-Salim/Ros2/src/communicator/src/communicator.cpp:55:42:[m[K [01;31m[Kerror: [m[Ktemplate argument 5 is invalid
[1.265s] [01m[K/home/basten/ros2_ws/src/MagangBanyubramanta_Basten-Andika-Salim/Ros2/src/communicator/src/communicator.cpp:55:45:[m[K [01;31m[Kerror: [m[Kexpected â€˜[01m[K;[m[Kâ€™ at end of member declaration
[1.265s]    55 |     rclcpp::Subscription<tugas_joy::msg::>::[01;31m[KSharedPtr[m[K subscribe_;
[1.265s]       |                                             [01;31m[K^~~~~~~~~[m[K
[1.265s]       |                                                      [32m[K;[m[K
[1.265s] [01m[K/home/basten/ros2_ws/src/MagangBanyubramanta_Basten-Andika-Salim/Ros2/src/communicator/src/communicator.cpp:55:45:[m[K [01;31m[Kerror: [m[Kredeclaration of â€˜[01m[Kint Communicator::SharedPtr[m[Kâ€™
[1.265s] [01m[K/home/basten/ros2_ws/src/MagangBanyubramanta_Basten-Andika-Salim/Ros2/src/communicator/src/communicator.cpp:54:44:[m[K [01;36m[Knote: [m[Kprevious declaration â€˜[01m[Kint Communicator::SharedPtr[m[Kâ€™
[1.265s]    54 |     rclcpp::Publisher<xbox::msg::Command>::[01;36m[KSharedPtr[m[K publish_;
[1.265s]       |                                            [01;36m[K^~~~~~~~~[m[K
[1.266s] [01m[K/home/basten/ros2_ws/src/MagangBanyubramanta_Basten-Andika-Salim/Ros2/src/communicator/src/communicator.cpp:55:55:[m[K [01;31m[Kerror: [m[Kâ€˜[01m[Ksubscribe_[m[Kâ€™ does not name a type
[1.266s]    55 |     rclcpp::Subscription<tugas_joy::msg::>::SharedPtr [01;31m[Ksubscribe_[m[K;
[1.266s]       |                                                       [01;31m[K^~~~~~~~~~[m[K
[1.270s] [01m[K/home/basten/ros2_ws/src/MagangBanyubramanta_Basten-Andika-Salim/Ros2/src/communicator/src/communicator.cpp:[m[K In constructor â€˜[01m[KCommunicator::Communicator()[m[Kâ€™:
[1.270s] [01m[K/home/basten/ros2_ws/src/MagangBanyubramanta_Basten-Andika-Salim/Ros2/src/communicator/src/communicator.cpp:25:9:[m[K [01;31m[Kerror: [m[Kâ€˜[01m[Ksubscribe_[m[Kâ€™ was not declared in this scope
[1.270s]    25 |         [01;31m[Ksubscribe_[m[K = this->create_subscription<tugas_joy::msg::Command>("command", 10, std::bind(&Communicator::topic_callback, this, _1));
[1.271s]       |         [01;31m[K^~~~~~~~~~[m[K
[2.230s] gmake[2]: *** [CMakeFiles/communicator.dir/build.make:76: CMakeFiles/communicator.dir/src/communicator.cpp.o] Error 1
[2.230s] gmake[1]: *** [CMakeFiles/Makefile2:137: CMakeFiles/communicator.dir/all] Error 2
[2.230s] gmake: *** [Makefile:146: all] Error 2
[2.232s] Invoked command in '/home/basten/ros2_ws/src/MagangBanyubramanta_Basten-Andika-Salim/Ros2/build/communicator' returned '2': CMAKE_PREFIX_PATH=/home/basten/ros2_ws/src/MagangBanyubramanta_Basten-Andika-Salim/Ros2/install/tugas_joy:/home/basten/ros2_ws/src/MagangBanyubramanta_Basten-Andika-Salim/Ros2/install/xbox:/home/basten/ros2_ws/src/MagangBanyubramanta_Basten-Andika-Salim/Ros2/install/tugas_yolo_yolocpp:/home/basten/ros2_ws/src/MagangBanyubramanta_Basten-Andika-Salim/Ros2/install/tugas_yolo:/home/basten/ros2_ws/src/MagangBanyubramanta_Basten-Andika-Salim/Ros2/install/tugas_opencv:/home/basten/ros2_ws/src/MagangBanyubramanta_Basten-Andika-Salim/Ros2/install/communicator:/opt/ros/humble LD_LIBRARY_PATH=/home/basten/ros2_ws/src/MagangBanyubramanta_Basten-Andika-Salim/Ros2/install/tugas_joy/lib:/home/basten/ros2_ws/src/MagangBanyubramanta_Basten-Andika-Salim/Ros2/install/xbox/lib:/home/basten/ros2_ws/src/MagangBanyubramanta_Basten-Andika-Salim/Ros2/install/tugas_yolo_yolocpp/lib:/home/basten/ros2_ws/src/MagangBanyubramanta_Basten-Andika-Salim/Ros2/install/tugas_opencv/lib:/opt/ros/humble/opt/rviz_ogre_vendor/lib:/opt/ros/humble/lib/x86_64-linux-gnu:/opt/ros/humble/lib /usr/bin/cmake --build /home/basten/ros2_ws/src/MagangBanyubramanta_Basten-Andika-Salim/Ros2/build/communicator -- -j32 -l32
