-- Found ament_cmake: 1.3.8 (/opt/ros/humble/share/ament_cmake/cmake)
-- Found rclcpp: 16.0.8 (/opt/ros/humble/share/rclcpp/cmake)
-- Found rosidl_generator_c: 3.1.5 (/opt/ros/humble/share/rosidl_generator_c/cmake)
-- Found rosidl_adapter: 3.1.5 (/opt/ros/humble/share/rosidl_adapter/cmake)
-- Found rosidl_generator_cpp: 3.1.5 (/opt/ros/humble/share/rosidl_generator_cpp/cmake)
-- Using all available rosidl_typesupport_c: rosidl_typesupport_fastrtps_c;rosidl_typesupport_introspection_c
-- Using all available rosidl_typesupport_cpp: rosidl_typesupport_fastrtps_cpp;rosidl_typesupport_introspection_cpp
-- Found rmw_implementation_cmake: 6.1.1 (/opt/ros/humble/share/rmw_implementation_cmake/cmake)
-- Found rmw_fastrtps_cpp: 6.2.6 (/opt/ros/humble/share/rmw_fastrtps_cpp/cmake)
-- Using RMW implementation 'rmw_fastrtps_cpp' as default
-- Found sensor_msgs: 4.2.3 (/opt/ros/humble/share/sensor_msgs/cmake)
-- Found cv_bridge: 3.2.1 (/opt/ros/humble/share/cv_bridge/cmake)
-- OpenCV library status:
-- version:4.5.4
-- libraries:opencv_calib3d;opencv_core;opencv_dnn;opencv_features2d;opencv_flann;opencv_gapi;opencv_highgui;opencv_imgcodecs;opencv_imgproc;opencv_ml;opencv_objdetect;opencv_photo;opencv_stitching;opencv_video;opencv_videoio;opencv_calib3d;opencv_core;opencv_dnn;opencv_features2d;opencv_flann;opencv_gapi;opencv_highgui;opencv_imgcodecs;opencv_imgproc;opencv_ml;opencv_objdetect;opencv_photo;opencv_stitching;opencv_video;opencv_videoio
-- include path:/usr/local/include/opencv4
-- Found ament_lint_auto: 0.12.10 (/opt/ros/humble/share/ament_lint_auto/cmake)
-- Added test 'cppcheck' to perform static code analysis on C / C++ code
-- Configured cppcheck include dirs: /home/basten/ros2_ws/src/MagangBanyubramanta_Basten-Andika-Salim/src/tugas_yolo-yolov5cpp/include
-- Configured cppcheck exclude dirs and/or files: 
-- Added test 'lint_cmake' to check CMake code style
-- Added test 'uncrustify' to check C / C++ code style
-- Configured uncrustify additional arguments: 
-- Added test 'xmllint' to check XML markup files
-- Configuring done
-- Generating done
-- Build files have been written to: /home/basten/ros2_ws/src/MagangBanyubramanta_Basten-Andika-Salim/src/build/tugas_yolo-yolov5cpp
[35m[1mConsolidate compiler generated dependencies of target detector[0m
[35m[1mConsolidate compiler generated dependencies of target detects[0m
[ 33%] Built target detector
[ 50%] [32m[1mLinking CXX executable detects[0m
[ 66%] [32mBuilding CXX object CMakeFiles/tugas_yolo-yolov5cpp.dir/src/detect.cpp.o[0m
[01m[K/home/basten/ros2_ws/src/MagangBanyubramanta_Basten-Andika-Salim/src/tugas_yolo-yolov5cpp/src/detect.cpp:11:10:[m[K [01;31m[Kfatal error: [m[Ksensor_msgs/msg/image.hpp: No such file or directory
   11 | #include [01;31m[K"sensor_msgs/msg/image.hpp"[m[K
      |          [01;31m[K^~~~~~~~~~~~~~~~~~~~~~~~~~~[m[K
compilation terminated.
gmake[2]: *** [CMakeFiles/tugas_yolo-yolov5cpp.dir/build.make:76: CMakeFiles/tugas_yolo-yolov5cpp.dir/src/detect.cpp.o] Error 1
gmake[1]: *** [CMakeFiles/Makefile2:193: CMakeFiles/tugas_yolo-yolov5cpp.dir/all] Error 2
gmake[1]: *** Waiting for unfinished jobs....
/usr/bin/ld: CMakeFiles/detects.dir/src/detect.cpp.o: in function `main':
detect.cpp:(.text+0x132): undefined reference to `YOLOV5::YOLOV5(Config)'
/usr/bin/ld: detect.cpp:(.text+0x19b): undefined reference to `YOLOV5::detect(cv::Mat&)'
/usr/bin/ld: detect.cpp:(.text+0x302): undefined reference to `YOLOV5::~YOLOV5()'
/usr/bin/ld: CMakeFiles/detects.dir/src/detect.cpp.o:(.data.rel.ro+0x0): undefined reference to `ov::node_validation_failure_loc_string[abi:cxx11](ov::Node const*)'
/usr/bin/ld: CMakeFiles/detects.dir/src/detect.cpp.o:(.data.rel.ro+0x8): undefined reference to `ov::as_output_vector(std::vector<std::shared_ptr<ov::Node>, std::allocator<std::shared_ptr<ov::Node> > > const&)'
/usr/bin/ld: CMakeFiles/detects.dir/src/detect.cpp.o:(.data.rel.ro+0x10): undefined reference to `ov::as_node_vector(std::vector<ov::Output<ov::Node>, std::allocator<ov::Output<ov::Node> > > const&)'
/usr/bin/ld: CMakeFiles/detects.dir/src/detect.cpp.o:(.data.rel.ro+0x18): undefined reference to `ov::as_result_vector(std::vector<ov::Output<ov::Node>, std::allocator<ov::Output<ov::Node> > > const&)'
collect2: error: ld returned 1 exit status
gmake[2]: *** [CMakeFiles/detects.dir/build.make:191: detects] Error 1
gmake[1]: *** [CMakeFiles/Makefile2:141: CMakeFiles/detects.dir/all] Error 2
gmake: *** [Makefile:146: all] Error 2
