[  3%] Built target tugas_opencv__cpp
[ 12%] Built target tugas_opencv__rosidl_generator_c
[ 12%] Built target ament_cmake_python_copy_tugas_opencv
[ 27%] Built target tugas_opencv__rosidl_typesupport_fastrtps_cpp
[ 30%] Built target tugas_opencv__rosidl_typesupport_cpp
[ 39%] Built target tugas_opencv__rosidl_typesupport_introspection_cpp
[ 48%] Built target tugas_opencv__rosidl_typesupport_fastrtps_c
[ 57%] Built target tugas_opencv__rosidl_typesupport_introspection_c
[ 66%] Built target tugas_opencv__rosidl_typesupport_c
[ 66%] Built target tugas_opencv
[ 69%] [32mBuilding CXX object CMakeFiles/colorcheck.dir/src/colorcheck.cpp.o[0m
[ 72%] Built target tugas_opencv__py
[ 78%] Built target tugas_opencv__rosidl_generator_py
[ 84%] Built target tugas_opencv__rosidl_typesupport_fastrtps_c__pyext
[ 90%] Built target tugas_opencv__rosidl_typesupport_introspection_c__pyext
[ 96%] Built target tugas_opencv__rosidl_typesupport_c__pyext
[01m[K/home/basten/ros2_ws/src/MagangBanyubramanta_Basten-Andika-Salim/src/tugas_opencv/src/colorcheck.cpp:2:10:[m[K [01;31m[Kfatal error: [m[Kopencv2/opencv.hpp: No such file or directory
    2 | #include [01;31m[K<opencv2/opencv.hpp>[m[K
      |          [01;31m[K^~~~~~~~~~~~~~~~~~~~[m[K
compilation terminated.
gmake[2]: *** [CMakeFiles/colorcheck.dir/build.make:76: CMakeFiles/colorcheck.dir/src/colorcheck.cpp.o] Error 1
gmake[1]: *** [CMakeFiles/Makefile2:593: CMakeFiles/colorcheck.dir/all] Error 2
gmake[1]: *** Waiting for unfinished jobs....
running egg_info
writing tugas_opencv.egg-info/PKG-INFO
writing dependency_links to tugas_opencv.egg-info/dependency_links.txt
writing top-level names to tugas_opencv.egg-info/top_level.txt
reading manifest file 'tugas_opencv.egg-info/SOURCES.txt'
writing manifest file 'tugas_opencv.egg-info/SOURCES.txt'
[ 96%] Built target ament_cmake_python_build_tugas_opencv_egg
gmake: *** [Makefile:146: all] Error 2
