[  2%] Built target tugas_opencv__cpp
[ 12%] Built target tugas_opencv__rosidl_generator_c
[ 12%] Built target ament_cmake_python_copy_tugas_opencv
[ 31%] Built target tugas_opencv__rosidl_typesupport_fastrtps_cpp
[ 31%] Built target tugas_opencv__rosidl_typesupport_cpp
[ 41%] Built target tugas_opencv__rosidl_typesupport_introspection_cpp
[ 51%] Built target tugas_opencv__rosidl_typesupport_introspection_c
[ 60%] Built target tugas_opencv__rosidl_typesupport_c
[ 70%] Built target tugas_opencv__rosidl_typesupport_fastrtps_c
[35m[1mConsolidate compiler generated dependencies of target colorcheck[0m
[ 73%] [32mBuilding CXX object CMakeFiles/colorcheck.dir/src/colorcheck.cpp.o[0m
running egg_info
writing tugas_opencv.egg-info/PKG-INFO
writing dependency_links to tugas_opencv.egg-info/dependency_links.txt
writing top-level names to tugas_opencv.egg-info/top_level.txt
reading manifest file 'tugas_opencv.egg-info/SOURCES.txt'
writing manifest file 'tugas_opencv.egg-info/SOURCES.txt'
[ 73%] Built target ament_cmake_python_build_tugas_opencv_egg
[ 73%] Built target tugas_opencv
[ 75%] Built target tugas_opencv__py
[ 82%] Built target tugas_opencv__rosidl_generator_py
[ 87%] Built target tugas_opencv__rosidl_typesupport_fastrtps_c__pyext
[ 92%] Built target tugas_opencv__rosidl_typesupport_introspection_c__pyext
[ 97%] Built target tugas_opencv__rosidl_typesupport_c__pyext
[01m[K/home/basten/ros2_ws/src/MagangBanyubramanta_Basten-Andika-Salim/Ros2/src/tugas_opencv/src/colorcheck.cpp:[m[K In function â€˜[01m[Kcv::Mat boundBox(cv::Mat&, cv::Mat&, cv::Point*, cv::Point*)[m[Kâ€™:
[01m[K/home/basten/ros2_ws/src/MagangBanyubramanta_Basten-Andika-Salim/Ros2/src/tugas_opencv/src/colorcheck.cpp:67:68:[m[K [01;31m[Kerror: [m[Kâ€˜[01m[KBLACK[m[Kâ€™ was not declared in this scope
   67 |     rectangle(originalFrame, boundRect.tl(), boundRect.br(), [01;31m[KBLACK[m[K, 2);
      |                                                              [01;31m[K^~~~~[m[K

[01m[K/home/basten/ros2_ws/src/MagangBanyubramanta_Basten-Andika-Salim/Ros2/src/tugas_opencv/src/colorcheck.cpp:73:13:[m[K [01;31m[Kerror: [m[Kâ€˜[01m[Koriginal_frame[m[Kâ€™ was not declared in this scope; did you mean â€˜[01m[KoriginalFrame[m[Kâ€™?
   73 |      return [01;31m[Koriginal_frame[m[K;
      |             [01;31m[K^~~~~~~~~~~~~~[m[K
      |             [32m[KoriginalFrame[m[K
[01m[K/home/basten/ros2_ws/src/MagangBanyubramanta_Basten-Andika-Salim/Ros2/src/tugas_opencv/src/colorcheck.cpp:52:56:[m[K [01;35m[Kwarning: [m[Kunused parameter â€˜[01m[KtopLeft[m[Kâ€™ [[01;35m[K]8;;https://gcc.gnu.org/onlinedocs/gcc/Warning-Options.html#index-Wunused-parameter-Wunused-parameter]8;;[m[K]
   52 | Mat boundBox(Mat &hsvFrame, Mat &originalFrame, [01;35m[KPoint *topLeft[m[K, Point *botRight){
      |                                                 [01;35m[K~~~~~~~^~~~~~~[m[K
[01m[K/home/basten/ros2_ws/src/MagangBanyubramanta_Basten-Andika-Salim/Ros2/src/tugas_opencv/src/colorcheck.cpp:52:72:[m[K [01;35m[Kwarning: [m[Kunused parameter â€˜[01m[KbotRight[m[Kâ€™ [[01;35m[K]8;;https://gcc.gnu.org/onlinedocs/gcc/Warning-Options.html#index-Wunused-parameter-Wunused-parameter]8;;[m[K]
   52 | ox(Mat &hsvFrame, Mat &originalFrame, Point *topLeft, [01;35m[KPoint *botRight[m[K){
      |                                                       [01;35m[K~~~~~~~^~~~~~~~[m[K

[01m[K/home/basten/ros2_ws/src/MagangBanyubramanta_Basten-Andika-Salim/Ros2/src/tugas_opencv/src/colorcheck.cpp:[m[K In function â€˜[01m[Kint main(int, char**)[m[Kâ€™:
[01m[K/home/basten/ros2_ws/src/MagangBanyubramanta_Basten-Andika-Salim/Ros2/src/tugas_opencv/src/colorcheck.cpp:156:18:[m[K [01;35m[Kwarning: [m[Kunused variable â€˜[01m[KareaR[m[Kâ€™ [[01;35m[K]8;;https://gcc.gnu.org/onlinedocs/gcc/Warning-Options.html#index-Wunused-variable-Wunused-variable]8;;[m[K]
  156 |           double [01;35m[KareaR[m[K = measureR.m00;
      |                  [01;35m[K^~~~~[m[K
[01m[K/home/basten/ros2_ws/src/MagangBanyubramanta_Basten-Andika-Salim/Ros2/src/tugas_opencv/src/colorcheck.cpp:159:18:[m[K [01;35m[Kwarning: [m[Kunused variable â€˜[01m[KareaG[m[Kâ€™ [[01;35m[K]8;;https://gcc.gnu.org/onlinedocs/gcc/Warning-Options.html#index-Wunused-variable-Wunused-variable]8;;[m[K]
  159 |           double [01;35m[KareaG[m[K = measureG.m00;
      |                  [01;35m[K^~~~~[m[K
[01m[K/home/basten/ros2_ws/src/MagangBanyubramanta_Basten-Andika-Salim/Ros2/src/tugas_opencv/src/colorcheck.cpp:162:18:[m[K [01;35m[Kwarning: [m[Kunused variable â€˜[01m[KareaB[m[Kâ€™ [[01;35m[K]8;;https://gcc.gnu.org/onlinedocs/gcc/Warning-Options.html#index-Wunused-variable-Wunused-variable]8;;[m[K]
  162 |           double [01;35m[KareaB[m[K = measureB.m00;
      |                  [01;35m[K^~~~~[m[K
gmake[2]: *** [CMakeFiles/colorcheck.dir/build.make:76: CMakeFiles/colorcheck.dir/src/colorcheck.cpp.o] Error 1
gmake[1]: *** [CMakeFiles/Makefile2:593: CMakeFiles/colorcheck.dir/all] Error 2
gmake: *** [Makefile:146: all] Error 2
