[0.028s] Invoking command in '/home/basten/ros2_ws/src/MagangBanyubramanta_Basten-Andika-Salim/Ros2/build/tugas_opencv': CMAKE_PREFIX_PATH=${CMAKE_PREFIX_PATH}:/opt/ros/humble /usr/bin/cmake --build /home/basten/ros2_ws/src/MagangBanyubramanta_Basten-Andika-Salim/Ros2/build/tugas_opencv -- -j32 -l32
[0.050s] [  2%] Built target tugas_opencv__cpp
[0.051s] [ 12%] Built target tugas_opencv__rosidl_generator_c
[0.054s] [ 12%] Built target ament_cmake_python_copy_tugas_opencv
[0.060s] [ 31%] Built target tugas_opencv__rosidl_typesupport_fastrtps_cpp
[0.061s] [ 31%] Built target tugas_opencv__rosidl_typesupport_cpp
[0.061s] [ 41%] Built target tugas_opencv__rosidl_typesupport_introspection_cpp
[0.061s] [ 51%] Built target tugas_opencv__rosidl_typesupport_introspection_c
[0.061s] [ 60%] Built target tugas_opencv__rosidl_typesupport_c
[0.061s] [ 70%] Built target tugas_opencv__rosidl_typesupport_fastrtps_c
[0.067s] [35m[1mConsolidate compiler generated dependencies of target colorcheck[0m
[0.076s] [ 73%] [32mBuilding CXX object CMakeFiles/colorcheck.dir/src/colorcheck.cpp.o[0m
[0.143s] running egg_info
[0.149s] writing tugas_opencv.egg-info/PKG-INFO
[0.149s] writing dependency_links to tugas_opencv.egg-info/dependency_links.txt
[0.149s] writing top-level names to tugas_opencv.egg-info/top_level.txt
[0.168s] reading manifest file 'tugas_opencv.egg-info/SOURCES.txt'
[0.168s] writing manifest file 'tugas_opencv.egg-info/SOURCES.txt'
[0.181s] [ 73%] Built target ament_cmake_python_build_tugas_opencv_egg
[0.191s] [ 73%] Built target tugas_opencv
[0.200s] [ 75%] Built target tugas_opencv__py
[0.211s] [ 82%] Built target tugas_opencv__rosidl_generator_py
[0.221s] [ 87%] Built target tugas_opencv__rosidl_typesupport_fastrtps_c__pyext
[0.221s] [ 92%] Built target tugas_opencv__rosidl_typesupport_introspection_c__pyext
[0.221s] [ 97%] Built target tugas_opencv__rosidl_typesupport_c__pyext
[1.518s] [01m[K/home/basten/ros2_ws/src/MagangBanyubramanta_Basten-Andika-Salim/Ros2/src/tugas_opencv/src/colorcheck.cpp:[m[K In function â€˜[01m[Kcv::Mat boundBox(cv::Mat&, cv::Mat&, cv::Point*, cv::Point*)[m[Kâ€™:
[1.518s] [01m[K/home/basten/ros2_ws/src/MagangBanyubramanta_Basten-Andika-Salim/Ros2/src/tugas_opencv/src/colorcheck.cpp:67:68:[m[K [01;31m[Kerror: [m[Kâ€˜[01m[KBLACK[m[Kâ€™ was not declared in this scope
[1.519s]    67 |     rectangle(originalFrame, boundRect.tl(), boundRect.br(), [01;31m[KBLACK[m[K, 2);
[1.519s]       |                                                              [01;31m[K^~~~~[m[K
[1.519s] 
[1.521s] [01m[K/home/basten/ros2_ws/src/MagangBanyubramanta_Basten-Andika-Salim/Ros2/src/tugas_opencv/src/colorcheck.cpp:73:13:[m[K [01;31m[Kerror: [m[Kâ€˜[01m[Koriginal_frame[m[Kâ€™ was not declared in this scope; did you mean â€˜[01m[KoriginalFrame[m[Kâ€™?
[1.521s]    73 |      return [01;31m[Koriginal_frame[m[K;
[1.521s]       |             [01;31m[K^~~~~~~~~~~~~~[m[K
[1.521s]       |             [32m[KoriginalFrame[m[K
[1.521s] [01m[K/home/basten/ros2_ws/src/MagangBanyubramanta_Basten-Andika-Salim/Ros2/src/tugas_opencv/src/colorcheck.cpp:52:56:[m[K [01;35m[Kwarning: [m[Kunused parameter â€˜[01m[KtopLeft[m[Kâ€™ [[01;35m[K]8;;https://gcc.gnu.org/onlinedocs/gcc/Warning-Options.html#index-Wunused-parameter-Wunused-parameter]8;;[m[K]
[1.521s]    52 | Mat boundBox(Mat &hsvFrame, Mat &originalFrame, [01;35m[KPoint *topLeft[m[K, Point *botRight){
[1.521s]       |                                                 [01;35m[K~~~~~~~^~~~~~~[m[K
[1.521s] [01m[K/home/basten/ros2_ws/src/MagangBanyubramanta_Basten-Andika-Salim/Ros2/src/tugas_opencv/src/colorcheck.cpp:52:72:[m[K [01;35m[Kwarning: [m[Kunused parameter â€˜[01m[KbotRight[m[Kâ€™ [[01;35m[K]8;;https://gcc.gnu.org/onlinedocs/gcc/Warning-Options.html#index-Wunused-parameter-Wunused-parameter]8;;[m[K]
[1.521s]    52 | ox(Mat &hsvFrame, Mat &originalFrame, Point *topLeft, [01;35m[KPoint *botRight[m[K){
[1.521s]       |                                                       [01;35m[K~~~~~~~^~~~~~~~[m[K
[1.521s] 
[1.523s] [01m[K/home/basten/ros2_ws/src/MagangBanyubramanta_Basten-Andika-Salim/Ros2/src/tugas_opencv/src/colorcheck.cpp:[m[K In function â€˜[01m[Kint main(int, char**)[m[Kâ€™:
[1.523s] [01m[K/home/basten/ros2_ws/src/MagangBanyubramanta_Basten-Andika-Salim/Ros2/src/tugas_opencv/src/colorcheck.cpp:156:18:[m[K [01;35m[Kwarning: [m[Kunused variable â€˜[01m[KareaR[m[Kâ€™ [[01;35m[K]8;;https://gcc.gnu.org/onlinedocs/gcc/Warning-Options.html#index-Wunused-variable-Wunused-variable]8;;[m[K]
[1.524s]   156 |           double [01;35m[KareaR[m[K = measureR.m00;
[1.524s]       |                  [01;35m[K^~~~~[m[K
[1.524s] [01m[K/home/basten/ros2_ws/src/MagangBanyubramanta_Basten-Andika-Salim/Ros2/src/tugas_opencv/src/colorcheck.cpp:159:18:[m[K [01;35m[Kwarning: [m[Kunused variable â€˜[01m[KareaG[m[Kâ€™ [[01;35m[K]8;;https://gcc.gnu.org/onlinedocs/gcc/Warning-Options.html#index-Wunused-variable-Wunused-variable]8;;[m[K]
[1.524s]   159 |           double [01;35m[KareaG[m[K = measureG.m00;
[1.524s]       |                  [01;35m[K^~~~~[m[K
[1.524s] [01m[K/home/basten/ros2_ws/src/MagangBanyubramanta_Basten-Andika-Salim/Ros2/src/tugas_opencv/src/colorcheck.cpp:162:18:[m[K [01;35m[Kwarning: [m[Kunused variable â€˜[01m[KareaB[m[Kâ€™ [[01;35m[K]8;;https://gcc.gnu.org/onlinedocs/gcc/Warning-Options.html#index-Wunused-variable-Wunused-variable]8;;[m[K]
[1.524s]   162 |           double [01;35m[KareaB[m[K = measureB.m00;
[1.524s]       |                  [01;35m[K^~~~~[m[K
[2.102s] gmake[2]: *** [CMakeFiles/colorcheck.dir/build.make:76: CMakeFiles/colorcheck.dir/src/colorcheck.cpp.o] Error 1
[2.102s] gmake[1]: *** [CMakeFiles/Makefile2:593: CMakeFiles/colorcheck.dir/all] Error 2
[2.102s] gmake: *** [Makefile:146: all] Error 2
[2.104s] Invoked command in '/home/basten/ros2_ws/src/MagangBanyubramanta_Basten-Andika-Salim/Ros2/build/tugas_opencv' returned '2': CMAKE_PREFIX_PATH=${CMAKE_PREFIX_PATH}:/opt/ros/humble /usr/bin/cmake --build /home/basten/ros2_ws/src/MagangBanyubramanta_Basten-Andika-Salim/Ros2/build/tugas_opencv -- -j32 -l32
