[35m[1mConsolidate compiler generated dependencies of target communicator[0m
[ 50%] [32mBuilding CXX object CMakeFiles/communicator.dir/src/communicator.cpp.o[0m
[01m[K/home/basten/ros2_ws/src/MagangBanyubramanta_Basten-Andika-Salim/Ros2/src/communicator/src/communicator.cpp:54:23:[m[K [01;31m[Kerror: [m[Kâ€˜[01m[Kxbox[m[Kâ€™ was not declared in this scope
   54 |     rclcpp::Publisher<[01;31m[Kxbox[m[K::msg::Command>::SharedPtr publish_;
      |                       [01;31m[K^~~~[m[K
[01m[K/home/basten/ros2_ws/src/MagangBanyubramanta_Basten-Andika-Salim/Ros2/src/communicator/src/communicator.cpp:54:41:[m[K [01;31m[Kerror: [m[Ktemplate argument 1 is invalid
   54 |     rclcpp::Publisher<xbox::msg::Command[01;31m[K>[m[K::SharedPtr publish_;
      |                                         [01;31m[K^[m[K
[01m[K/home/basten/ros2_ws/src/MagangBanyubramanta_Basten-Andika-Salim/Ros2/src/communicator/src/communicator.cpp:54:44:[m[K [01;31m[Kerror: [m[Kexpected â€˜[01m[K;[m[Kâ€™ at end of member declaration
   54 |     rclcpp::Publisher<xbox::msg::Command>::[01;31m[KSharedPtr[m[K publish_;
      |                                            [01;31m[K^~~~~~~~~[m[K
      |                                                     [32m[K;[m[K
[01m[K/home/basten/ros2_ws/src/MagangBanyubramanta_Basten-Andika-Salim/Ros2/src/communicator/src/communicator.cpp:54:54:[m[K [01;31m[Kerror: [m[Kâ€˜[01m[Kpublish_[m[Kâ€™ does not name a type
   54 |     rclcpp::Publisher<xbox::msg::Command>::SharedPtr [01;31m[Kpublish_[m[K;
      |                                                      [01;31m[K^~~~~~~~[m[K
[01m[K/home/basten/ros2_ws/src/MagangBanyubramanta_Basten-Andika-Salim/Ros2/src/communicator/src/communicator.cpp:55:42:[m[K [01;31m[Kerror: [m[Ktemplate argument 1 is invalid
   55 |     rclcpp::Subscription<tugas_joy::msg::[01;31m[K>[m[K::SharedPtr subscribe_;
      |                                          [01;31m[K^[m[K
[01m[K/home/basten/ros2_ws/src/MagangBanyubramanta_Basten-Andika-Salim/Ros2/src/communicator/src/communicator.cpp:55:42:[m[K [01;31m[Kerror: [m[Ktemplate argument 3 is invalid
[01m[K/home/basten/ros2_ws/src/MagangBanyubramanta_Basten-Andika-Salim/Ros2/src/communicator/src/communicator.cpp:55:42:[m[K [01;31m[Kerror: [m[Ktemplate argument 4 is invalid
[01m[K/home/basten/ros2_ws/src/MagangBanyubramanta_Basten-Andika-Salim/Ros2/src/communicator/src/communicator.cpp:55:42:[m[K [01;31m[Kerror: [m[Ktemplate argument 5 is invalid
[01m[K/home/basten/ros2_ws/src/MagangBanyubramanta_Basten-Andika-Salim/Ros2/src/communicator/src/communicator.cpp:55:45:[m[K [01;31m[Kerror: [m[Kexpected â€˜[01m[K;[m[Kâ€™ at end of member declaration
   55 |     rclcpp::Subscription<tugas_joy::msg::>::[01;31m[KSharedPtr[m[K subscribe_;
      |                                             [01;31m[K^~~~~~~~~[m[K
      |                                                      [32m[K;[m[K
[01m[K/home/basten/ros2_ws/src/MagangBanyubramanta_Basten-Andika-Salim/Ros2/src/communicator/src/communicator.cpp:55:45:[m[K [01;31m[Kerror: [m[Kredeclaration of â€˜[01m[Kint Communicator::SharedPtr[m[Kâ€™
[01m[K/home/basten/ros2_ws/src/MagangBanyubramanta_Basten-Andika-Salim/Ros2/src/communicator/src/communicator.cpp:54:44:[m[K [01;36m[Knote: [m[Kprevious declaration â€˜[01m[Kint Communicator::SharedPtr[m[Kâ€™
   54 |     rclcpp::Publisher<xbox::msg::Command>::[01;36m[KSharedPtr[m[K publish_;
      |                                            [01;36m[K^~~~~~~~~[m[K
[01m[K/home/basten/ros2_ws/src/MagangBanyubramanta_Basten-Andika-Salim/Ros2/src/communicator/src/communicator.cpp:55:55:[m[K [01;31m[Kerror: [m[Kâ€˜[01m[Ksubscribe_[m[Kâ€™ does not name a type
   55 |     rclcpp::Subscription<tugas_joy::msg::>::SharedPtr [01;31m[Ksubscribe_[m[K;
      |                                                       [01;31m[K^~~~~~~~~~[m[K
[01m[K/home/basten/ros2_ws/src/MagangBanyubramanta_Basten-Andika-Salim/Ros2/src/communicator/src/communicator.cpp:[m[K In constructor â€˜[01m[KCommunicator::Communicator()[m[Kâ€™:
[01m[K/home/basten/ros2_ws/src/MagangBanyubramanta_Basten-Andika-Salim/Ros2/src/communicator/src/communicator.cpp:25:9:[m[K [01;31m[Kerror: [m[Kâ€˜[01m[Ksubscribe_[m[Kâ€™ was not declared in this scope
   25 |         [01;31m[Ksubscribe_[m[K = this->create_subscription<tugas_joy::msg::Command>("command", 10, std::bind(&Communicator::topic_callback, this, _1));
      |         [01;31m[K^~~~~~~~~~[m[K
[01m[K/home/basten/ros2_ws/src/MagangBanyubramanta_Basten-Andika-Salim/Ros2/src/communicator/src/communicator.cpp:[m[K In member function â€˜[01m[Kvoid Communicator::topic_callback(const Command&) const[m[Kâ€™:
[01m[K/home/basten/ros2_ws/src/MagangBanyubramanta_Basten-Andika-Salim/Ros2/src/communicator/src/communicator.cpp:34:15:[m[K [01;31m[Kerror: [m[Kexpected unqualified-id before â€˜[01m[K[[m[Kâ€™ token
   34 |         input.[01;31m[K[[m[K0] = msg.x_cmd;
      |               [01;31m[K^[m[K
[01m[K/home/basten/ros2_ws/src/MagangBanyubramanta_Basten-Andika-Salim/Ros2/src/communicator/src/communicator.cpp:35:15:[m[K [01;31m[Kerror: [m[Kexpected unqualified-id before â€˜[01m[K[[m[Kâ€™ token
   35 |         input.[01;31m[K[[m[K1] = msg.y_cmd;
      |               [01;31m[K^[m[K
[01m[K/home/basten/ros2_ws/src/MagangBanyubramanta_Basten-Andika-Salim/Ros2/src/communicator/src/communicator.cpp:36:15:[m[K [01;31m[Kerror: [m[Kexpected unqualified-id before â€˜[01m[K[[m[Kâ€™ token
   36 |         input.[01;31m[K[[m[K2] = msg.yaw;
      |               [01;31m[K^[m[K
[01m[K/home/basten/ros2_ws/src/MagangBanyubramanta_Basten-Andika-Salim/Ros2/src/communicator/src/communicator.cpp:37:15:[m[K [01;31m[Kerror: [m[Kexpected unqualified-id before â€˜[01m[K[[m[Kâ€™ token
   37 |         input.[01;31m[K[[m[K3] = msg.depth;
      |               [01;31m[K^[m[K
[01m[K/home/basten/ros2_ws/src/MagangBanyubramanta_Basten-Andika-Salim/Ros2/src/communicator/src/communicator.cpp:38:15:[m[K [01;31m[Kerror: [m[Kexpected unqualified-id before â€˜[01m[K[[m[Kâ€™ token
   38 |         input.[01;31m[K[[m[K4] = msg.x_button;
      |               [01;31m[K^[m[K
[01m[K/home/basten/ros2_ws/src/MagangBanyubramanta_Basten-Andika-Salim/Ros2/src/communicator/src/communicator.cpp:39:15:[m[K [01;31m[Kerror: [m[Kexpected unqualified-id before â€˜[01m[K[[m[Kâ€™ token
   39 |         input.[01;31m[K[[m[K5] = msg.y_button;
      |               [01;31m[K^[m[K
[01m[K/home/basten/ros2_ws/src/MagangBanyubramanta_Basten-Andika-Salim/Ros2/src/communicator/src/communicator.cpp:45:15:[m[K [01;31m[Kerror: [m[Kâ€˜[01m[Kunsignedvalue[m[Kâ€™ was not declared in this scope; did you mean â€˜[01m[Ksignedvalue[m[Kâ€™?
   45 |         cout<<[01;31m[Kunsignedvalue[m[K<<endl;
      |               [01;31m[K^~~~~~~~~~~~~[m[K
      |               [32m[Ksignedvalue[m[K
[01m[K/home/basten/ros2_ws/src/MagangBanyubramanta_Basten-Andika-Salim/Ros2/src/communicator/src/communicator.cpp:42:17:[m[K [01;35m[Kwarning: [m[Kunused variable â€˜[01m[Ksignedvalue[m[Kâ€™ [[01;35m[K]8;;https://gcc.gnu.org/onlinedocs/gcc/Warning-Options.html#index-Wunused-variable-Wunused-variable]8;;[m[K]
   42 |         int16_t [01;35m[Ksignedvalue[m[K = value - 65536;
      |                 [01;35m[K^~~~~~~~~~~[m[K
gmake[2]: *** [CMakeFiles/communicator.dir/build.make:76: CMakeFiles/communicator.dir/src/communicator.cpp.o] Error 1
gmake[1]: *** [CMakeFiles/Makefile2:137: CMakeFiles/communicator.dir/all] Error 2
gmake: *** [Makefile:146: all] Error 2
