[0.019s] Invoking command in '/home/basten/ros2_ws/src/MagangBanyubramanta_Basten-Andika-Salim/src/tugas_opencv/build/tugas_opencv': CMAKE_PREFIX_PATH=/opt/ros/humble /usr/bin/cmake --build /home/basten/ros2_ws/src/MagangBanyubramanta_Basten-Andika-Salim/src/tugas_opencv/build/tugas_opencv -- -j32 -l32
[0.044s] [  3%] Built target tugas_opencv__cpp
[0.045s] [ 12%] Built target tugas_opencv__rosidl_generator_c
[0.048s] [ 12%] Built target ament_cmake_python_copy_tugas_opencv
[0.055s] [ 27%] Built target tugas_opencv__rosidl_typesupport_fastrtps_cpp
[0.055s] [ 30%] Built target tugas_opencv__rosidl_typesupport_cpp
[0.055s] [ 39%] Built target tugas_opencv__rosidl_typesupport_introspection_cpp
[0.055s] [ 48%] Built target tugas_opencv__rosidl_typesupport_fastrtps_c
[0.055s] [ 57%] Built target tugas_opencv__rosidl_typesupport_introspection_c
[0.055s] [ 66%] Built target tugas_opencv__rosidl_typesupport_c
[0.063s] [ 66%] Built target tugas_opencv
[0.065s] [ 69%] [32mBuilding CXX object CMakeFiles/colorcheck.dir/src/colorcheck.cpp.o[0m
[0.072s] [ 72%] Built target tugas_opencv__py
[0.083s] [ 78%] Built target tugas_opencv__rosidl_generator_py
[0.092s] [ 84%] Built target tugas_opencv__rosidl_typesupport_fastrtps_c__pyext
[0.092s] [ 90%] Built target tugas_opencv__rosidl_typesupport_introspection_c__pyext
[0.093s] [ 96%] Built target tugas_opencv__rosidl_typesupport_c__pyext
[0.095s] [01m[K/home/basten/ros2_ws/src/MagangBanyubramanta_Basten-Andika-Salim/src/tugas_opencv/src/colorcheck.cpp:2:10:[m[K [01;31m[Kfatal error: [m[Kopencv2/opencv.hpp: No such file or directory
[0.095s]     2 | #include [01;31m[K<opencv2/opencv.hpp>[m[K
[0.095s]       |          [01;31m[K^~~~~~~~~~~~~~~~~~~~[m[K
[0.095s] compilation terminated.
[0.096s] gmake[2]: *** [CMakeFiles/colorcheck.dir/build.make:76: CMakeFiles/colorcheck.dir/src/colorcheck.cpp.o] Error 1
[0.096s] gmake[1]: *** [CMakeFiles/Makefile2:593: CMakeFiles/colorcheck.dir/all] Error 2
[0.096s] gmake[1]: *** Waiting for unfinished jobs....
[0.147s] running egg_info
[0.147s] writing tugas_opencv.egg-info/PKG-INFO
[0.147s] writing dependency_links to tugas_opencv.egg-info/dependency_links.txt
[0.147s] writing top-level names to tugas_opencv.egg-info/top_level.txt
[0.148s] reading manifest file 'tugas_opencv.egg-info/SOURCES.txt'
[0.148s] writing manifest file 'tugas_opencv.egg-info/SOURCES.txt'
[0.159s] [ 96%] Built target ament_cmake_python_build_tugas_opencv_egg
[0.160s] gmake: *** [Makefile:146: all] Error 2
[0.161s] Invoked command in '/home/basten/ros2_ws/src/MagangBanyubramanta_Basten-Andika-Salim/src/tugas_opencv/build/tugas_opencv' returned '2': CMAKE_PREFIX_PATH=/opt/ros/humble /usr/bin/cmake --build /home/basten/ros2_ws/src/MagangBanyubramanta_Basten-Andika-Salim/src/tugas_opencv/build/tugas_opencv -- -j32 -l32
