[0.022s] Invoking command in '/home/basten/ros2_ws/src/MagangBanyubramanta_Basten-Andika-Salim/Ros2/src/build/tugas_opencv': CMAKE_PREFIX_PATH=/opt/ros/humble /usr/bin/cmake /home/basten/ros2_ws/src/MagangBanyubramanta_Basten-Andika-Salim/Ros2/src/tugas_opencv -DCMAKE_INSTALL_PREFIX=/home/basten/ros2_ws/src/MagangBanyubramanta_Basten-Andika-Salim/Ros2/src/install/tugas_opencv
[0.097s] -- The C compiler identification is GNU 11.4.0
[0.164s] -- The CXX compiler identification is GNU 11.4.0
[0.174s] -- Detecting C compiler ABI info
[0.246s] -- Detecting C compiler ABI info - done
[0.254s] -- Check for working C compiler: /usr/bin/cc - skipped
[0.254s] -- Detecting C compile features
[0.255s] -- Detecting C compile features - done
[0.259s] -- Detecting CXX compiler ABI info
[0.324s] -- Detecting CXX compiler ABI info - done
[0.328s] -- Check for working CXX compiler: /usr/bin/c++ - skipped
[0.328s] -- Detecting CXX compile features
[0.328s] -- Detecting CXX compile features - done
[0.330s] -- Found ament_cmake: 1.3.8 (/opt/ros/humble/share/ament_cmake/cmake)
[0.532s] -- Found Python3: /usr/bin/python3 (found version "3.10.12") found components: Interpreter 
[0.593s] -- Found rclcpp: 16.0.8 (/opt/ros/humble/share/rclcpp/cmake)
[0.631s] -- Found rosidl_generator_c: 3.1.5 (/opt/ros/humble/share/rosidl_generator_c/cmake)
[0.638s] -- Found rosidl_adapter: 3.1.5 (/opt/ros/humble/share/rosidl_adapter/cmake)
[0.647s] -- Found rosidl_generator_cpp: 3.1.5 (/opt/ros/humble/share/rosidl_generator_cpp/cmake)
[0.660s] -- Using all available rosidl_typesupport_c: rosidl_typesupport_fastrtps_c;rosidl_typesupport_introspection_c
[0.671s] -- Using all available rosidl_typesupport_cpp: rosidl_typesupport_fastrtps_cpp;rosidl_typesupport_introspection_cpp
[0.710s] -- Found rmw_implementation_cmake: 6.1.1 (/opt/ros/humble/share/rmw_implementation_cmake/cmake)
[0.713s] -- Found rmw_fastrtps_cpp: 6.2.6 (/opt/ros/humble/share/rmw_fastrtps_cpp/cmake)
[0.769s] -- Found OpenSSL: /usr/lib/x86_64-linux-gnu/libcrypto.so (found version "3.0.2")  
[0.783s] -- Found FastRTPS: /opt/ros/humble/include  
[0.805s] -- Using RMW implementation 'rmw_fastrtps_cpp' as default
[0.811s] -- Looking for pthread.h
[0.856s] -- Looking for pthread.h - found
[0.856s] -- Performing Test CMAKE_HAVE_LIBC_PTHREAD
[0.899s] -- Performing Test CMAKE_HAVE_LIBC_PTHREAD - Success
[0.900s] -- Found Threads: TRUE  
[1.005s] -- Found OpenCV: /usr/local (found version "4.9.0") 
[1.005s] -- Found rosidl_default_generators: 1.2.0 (/opt/ros/humble/share/rosidl_default_generators/cmake)
[1.010s] -- Found cv_bridge: 3.2.1 (/opt/ros/humble/share/cv_bridge/cmake)
[1.205s] -- Found ament_cmake_ros: 0.10.0 (/opt/ros/humble/share/ament_cmake_ros/cmake)
[1.377s] -- Using all available rosidl_typesupport_c: rosidl_typesupport_fastrtps_c;rosidl_typesupport_introspection_c
[1.443s] -- Using all available rosidl_typesupport_cpp: rosidl_typesupport_fastrtps_cpp;rosidl_typesupport_introspection_cpp
[1.459s] -- Found PythonInterp: /usr/bin/python3 (found suitable version "3.10.12", minimum required is "3.6") 
[1.460s] -- Found python_cmake_module: 0.10.0 (/opt/ros/humble/share/python_cmake_module/cmake)
[1.478s] -- Found PythonLibs: /usr/lib/x86_64-linux-gnu/libpython3.10.so (found suitable version "3.10.12", minimum required is "3.5") 
[1.478s] -- Using PYTHON_EXECUTABLE: /usr/bin/python3
[1.478s] -- Using PYTHON_INCLUDE_DIRS: /usr/include/python3.10
[1.478s] -- Using PYTHON_LIBRARIES: /usr/lib/x86_64-linux-gnu/libpython3.10.so
[1.496s] -- Found PythonExtra: .so  
[1.513s] -- Found ament_lint_auto: 0.12.10 (/opt/ros/humble/share/ament_lint_auto/cmake)
[1.536s] -- Added test 'cppcheck' to perform static code analysis on C / C++ code
[1.536s] -- Configured cppcheck include dirs: 
[1.536s] -- Configured cppcheck exclude dirs and/or files: 
[1.539s] -- Added test 'flake8' to check Python code syntax and style conventions
[1.542s] -- Added test 'lint_cmake' to check CMake code style
[1.544s] -- Added test 'pep257' to check Python code against some of the docstring style conventions in PEP 257
[1.555s] -- Added test 'uncrustify' to check C / C++ code style
[1.555s] -- Configured uncrustify additional arguments: 
[1.557s] -- Added test 'xmllint' to check XML markup files
[1.558s] -- Configuring done
[1.574s] -- Generating done
[1.575s] -- Build files have been written to: /home/basten/ros2_ws/src/MagangBanyubramanta_Basten-Andika-Salim/Ros2/src/build/tugas_opencv
[1.582s] Invoked command in '/home/basten/ros2_ws/src/MagangBanyubramanta_Basten-Andika-Salim/Ros2/src/build/tugas_opencv' returned '0': CMAKE_PREFIX_PATH=/opt/ros/humble /usr/bin/cmake /home/basten/ros2_ws/src/MagangBanyubramanta_Basten-Andika-Salim/Ros2/src/tugas_opencv -DCMAKE_INSTALL_PREFIX=/home/basten/ros2_ws/src/MagangBanyubramanta_Basten-Andika-Salim/Ros2/src/install/tugas_opencv
[1.582s] Invoking command in '/home/basten/ros2_ws/src/MagangBanyubramanta_Basten-Andika-Salim/Ros2/src/build/tugas_opencv': CMAKE_PREFIX_PATH=/opt/ros/humble /usr/bin/cmake --build /home/basten/ros2_ws/src/MagangBanyubramanta_Basten-Andika-Salim/Ros2/src/build/tugas_opencv -- -j32 -l32
[1.600s] [  2%] [34m[1mGenerating C code for ROS interfaces[0m
[1.604s] [  4%] [34m[1mGenerating C++ code for ROS interfaces[0m
[1.608s] [  4%] Built target ament_cmake_python_copy_tugas_opencv
[1.694s] running egg_info
[1.695s] creating tugas_opencv.egg-info
[1.700s] writing tugas_opencv.egg-info/PKG-INFO
[1.700s] writing dependency_links to tugas_opencv.egg-info/dependency_links.txt
[1.700s] writing top-level names to tugas_opencv.egg-info/top_level.txt
[1.701s] writing manifest file 'tugas_opencv.egg-info/SOURCES.txt'
[1.720s] reading manifest file 'tugas_opencv.egg-info/SOURCES.txt'
[1.720s] writing manifest file 'tugas_opencv.egg-info/SOURCES.txt'
[1.732s] [  4%] Built target tugas_opencv__cpp
[1.733s] [  4%] Built target ament_cmake_python_build_tugas_opencv_egg
[1.737s] [  7%] [34m[1mGenerating C++ type support dispatch for ROS interfaces[0m
[1.737s] [  9%] [34m[1mGenerating C++ type support for eProsima Fast-RTPS[0m
[1.737s] [ 12%] [34m[1mGenerating C++ introspection for ROS interfaces[0m
[1.738s] [ 14%] [32mBuilding C object CMakeFiles/tugas_opencv__rosidl_generator_c.dir/rosidl_generator_c/tugas_opencv/msg/detail/color__functions.c.o[0m
[1.738s] [ 17%] [32mBuilding C object CMakeFiles/tugas_opencv__rosidl_generator_c.dir/rosidl_generator_c/tugas_opencv/msg/detail/position__functions.c.o[0m
[1.762s] [ 19%] [32m[1mLinking C shared library libtugas_opencv__rosidl_generator_c.so[0m
[1.781s] [ 19%] Built target tugas_opencv__rosidl_generator_c
[1.786s] [ 24%] [34m[1mGenerating C introspection for ROS interfaces[0m
[1.786s] [ 24%] [34m[1mGenerating C type support for eProsima Fast-RTPS[0m
[1.786s] [ 26%] [34m[1mGenerating C type support dispatch for ROS interfaces[0m
[1.854s] [ 29%] [32mBuilding CXX object CMakeFiles/tugas_opencv__rosidl_typesupport_cpp.dir/rosidl_typesupport_cpp/tugas_opencv/msg/color__type_support.cpp.o[0m
[1.854s] [ 31%] [32mBuilding CXX object CMakeFiles/tugas_opencv__rosidl_typesupport_cpp.dir/rosidl_typesupport_cpp/tugas_opencv/msg/position__type_support.cpp.o[0m
[1.859s] [ 34%] [32mBuilding CXX object CMakeFiles/tugas_opencv__rosidl_typesupport_introspection_cpp.dir/rosidl_typesupport_introspection_cpp/tugas_opencv/msg/detail/color__type_support.cpp.o[0m
[1.861s] [ 36%] [32mBuilding CXX object CMakeFiles/tugas_opencv__rosidl_typesupport_introspection_cpp.dir/rosidl_typesupport_introspection_cpp/tugas_opencv/msg/detail/position__type_support.cpp.o[0m
[1.869s] [ 39%] [32mBuilding CXX object CMakeFiles/tugas_opencv__rosidl_typesupport_fastrtps_cpp.dir/rosidl_typesupport_fastrtps_cpp/tugas_opencv/msg/detail/dds_fastrtps/color__type_support.cpp.o[0m
[1.870s] [ 41%] [32mBuilding CXX object CMakeFiles/tugas_opencv__rosidl_typesupport_fastrtps_cpp.dir/rosidl_typesupport_fastrtps_cpp/tugas_opencv/msg/detail/dds_fastrtps/position__type_support.cpp.o[0m
[1.900s] [ 43%] [32mBuilding CXX object CMakeFiles/tugas_opencv__rosidl_typesupport_c.dir/rosidl_typesupport_c/tugas_opencv/msg/color__type_support.cpp.o[0m
[1.901s] [ 46%] [32mBuilding CXX object CMakeFiles/tugas_opencv__rosidl_typesupport_c.dir/rosidl_typesupport_c/tugas_opencv/msg/position__type_support.cpp.o[0m
[1.915s] [ 53%] [32mBuilding CXX object CMakeFiles/tugas_opencv__rosidl_typesupport_fastrtps_c.dir/rosidl_typesupport_fastrtps_c/tugas_opencv/msg/detail/position__type_support_c.cpp.o[0m
[1.915s] [ 53%] [32mBuilding CXX object CMakeFiles/tugas_opencv__rosidl_typesupport_fastrtps_c.dir/rosidl_typesupport_fastrtps_c/tugas_opencv/msg/detail/color__type_support_c.cpp.o[0m
[1.915s] [ 53%] [32mBuilding C object CMakeFiles/tugas_opencv__rosidl_typesupport_introspection_c.dir/rosidl_typesupport_introspection_c/tugas_opencv/msg/detail/color__type_support.c.o[0m
[1.915s] [ 56%] [32mBuilding C object CMakeFiles/tugas_opencv__rosidl_typesupport_introspection_c.dir/rosidl_typesupport_introspection_c/tugas_opencv/msg/detail/position__type_support.c.o[0m
[1.915s] [ 58%] [32m[1mLinking CXX shared library libtugas_opencv__rosidl_typesupport_c.so[0m
[1.930s] [ 60%] [32m[1mLinking C shared library libtugas_opencv__rosidl_typesupport_introspection_c.so[0m
[1.934s] [ 60%] Built target tugas_opencv__rosidl_typesupport_c
[1.945s] [ 60%] Built target tugas_opencv__rosidl_typesupport_introspection_c
[2.009s] [ 63%] [32m[1mLinking CXX shared library libtugas_opencv__rosidl_typesupport_cpp.so[0m
[2.030s] [ 63%] Built target tugas_opencv__rosidl_typesupport_cpp
[2.032s] [ 65%] [32m[1mLinking CXX shared library libtugas_opencv__rosidl_typesupport_introspection_cpp.so[0m
[2.040s] [ 68%] [32mBuilding CXX object CMakeFiles/colorcheck.dir/src/colorcheck.cpp.o[0m
[2.051s] [ 68%] Built target tugas_opencv__rosidl_typesupport_introspection_cpp
[2.058s] [ 70%] [32m[1mLinking CXX shared library libtugas_opencv__rosidl_typesupport_fastrtps_cpp.so[0m
[2.059s] [ 73%] [32m[1mLinking CXX shared library libtugas_opencv__rosidl_typesupport_fastrtps_c.so[0m
[2.095s] [ 73%] Built target tugas_opencv__rosidl_typesupport_fastrtps_cpp
[2.095s] [ 73%] Built target tugas_opencv__rosidl_typesupport_fastrtps_c
[2.104s] [ 73%] Built target tugas_opencv
[2.113s] [ 75%] [34m[1mGenerating Python code for ROS interfaces[0m
[2.280s] [ 75%] Built target tugas_opencv__py
[2.289s] [ 78%] [32mBuilding C object CMakeFiles/tugas_opencv__rosidl_generator_py.dir/rosidl_generator_py/tugas_opencv/msg/_color_s.c.o[0m
[2.289s] [ 80%] [32mBuilding C object CMakeFiles/tugas_opencv__rosidl_generator_py.dir/rosidl_generator_py/tugas_opencv/msg/_position_s.c.o[0m
[2.343s] [ 82%] [32m[1mLinking C shared library rosidl_generator_py/tugas_opencv/libtugas_opencv__rosidl_generator_py.so[0m
[2.362s] [ 82%] Built target tugas_opencv__rosidl_generator_py
[2.372s] [ 85%] [32mBuilding C object CMakeFiles/tugas_opencv__rosidl_typesupport_fastrtps_c__pyext.dir/rosidl_generator_py/tugas_opencv/_tugas_opencv_s.ep.rosidl_typesupport_fastrtps_c.c.o[0m
[2.372s] [ 90%] [32mBuilding C object CMakeFiles/tugas_opencv__rosidl_typesupport_introspection_c__pyext.dir/rosidl_generator_py/tugas_opencv/_tugas_opencv_s.ep.rosidl_typesupport_introspection_c.c.o[0m
[2.372s] [ 90%] [32mBuilding C object CMakeFiles/tugas_opencv__rosidl_typesupport_c__pyext.dir/rosidl_generator_py/tugas_opencv/_tugas_opencv_s.ep.rosidl_typesupport_c.c.o[0m
[2.412s] [ 97%] [32m[1mLinking C shared library rosidl_generator_py/tugas_opencv/tugas_opencv_s__rosidl_typesupport_c.cpython-310-x86_64-linux-gnu.so[0m
[2.412s] [ 97%] [32m[1mLinking C shared library rosidl_generator_py/tugas_opencv/tugas_opencv_s__rosidl_typesupport_fastrtps_c.cpython-310-x86_64-linux-gnu.so[0m
[2.413s] [ 97%] [32m[1mLinking C shared library rosidl_generator_py/tugas_opencv/tugas_opencv_s__rosidl_typesupport_introspection_c.cpython-310-x86_64-linux-gnu.so[0m
[2.428s] [ 97%] Built target tugas_opencv__rosidl_typesupport_c__pyext
[2.428s] [ 97%] Built target tugas_opencv__rosidl_typesupport_introspection_c__pyext
[2.429s] [ 97%] Built target tugas_opencv__rosidl_typesupport_fastrtps_c__pyext
[3.373s] [01m[K/home/basten/ros2_ws/src/MagangBanyubramanta_Basten-Andika-Salim/Ros2/src/tugas_opencv/src/colorcheck.cpp:36:17:[m[K [01;31m[Kerror: [m[Kexpected constructor, destructor, or type conversion before â€˜[01m[K([m[Kâ€™ token
[3.373s]    36 |      namedWindow[01;31m[K([m[K"HSV Control", WINDOW_NORMAL);
[3.373s]       |                 [01;31m[K^[m[K
[3.373s] [01m[K/home/basten/ros2_ws/src/MagangBanyubramanta_Basten-Andika-Salim/Ros2/src/tugas_opencv/src/colorcheck.cpp:38:20:[m[K [01;31m[Kerror: [m[Kexpected constructor, destructor, or type conversion before â€˜[01m[K([m[Kâ€™ token
[3.373s]    38 |      createTrackbar[01;31m[K([m[K"H Floor", "HSV Control", &floorH, 179);
[3.373s]       |                    [01;31m[K^[m[K
[3.373s] [01m[K/home/basten/ros2_ws/src/MagangBanyubramanta_Basten-Andika-Salim/Ros2/src/tugas_opencv/src/colorcheck.cpp:39:20:[m[K [01;31m[Kerror: [m[Kexpected constructor, destructor, or type conversion before â€˜[01m[K([m[Kâ€™ token
[3.373s]    39 |      createTrackbar[01;31m[K([m[K"H Ceiling", "HSV Control", &ceilingH, 179);
[3.373s]       |                    [01;31m[K^[m[K
[3.373s] [01m[K/home/basten/ros2_ws/src/MagangBanyubramanta_Basten-Andika-Salim/Ros2/src/tugas_opencv/src/colorcheck.cpp:41:20:[m[K [01;31m[Kerror: [m[Kexpected constructor, destructor, or type conversion before â€˜[01m[K([m[Kâ€™ token
[3.373s]    41 |      createTrackbar[01;31m[K([m[K"S Floor", "HSV Control", &floorS, 255);
[3.373s]       |                    [01;31m[K^[m[K
[3.373s] [01m[K/home/basten/ros2_ws/src/MagangBanyubramanta_Basten-Andika-Salim/Ros2/src/tugas_opencv/src/colorcheck.cpp:42:20:[m[K [01;31m[Kerror: [m[Kexpected constructor, destructor, or type conversion before â€˜[01m[K([m[Kâ€™ token
[3.373s]    42 |      createTrackbar[01;31m[K([m[K"S Ceiling", "HSV Control", &ceilingS, 255);
[3.373s]       |                    [01;31m[K^[m[K
[3.373s] [01m[K/home/basten/ros2_ws/src/MagangBanyubramanta_Basten-Andika-Salim/Ros2/src/tugas_opencv/src/colorcheck.cpp:44:20:[m[K [01;31m[Kerror: [m[Kexpected constructor, destructor, or type conversion before â€˜[01m[K([m[Kâ€™ token
[3.373s]    44 |      createTrackbar[01;31m[K([m[K"V Floor", "HSV Control", &floorV, 255);
[3.373s]       |                    [01;31m[K^[m[K
[3.373s] [01m[K/home/basten/ros2_ws/src/MagangBanyubramanta_Basten-Andika-Salim/Ros2/src/tugas_opencv/src/colorcheck.cpp:45:20:[m[K [01;31m[Kerror: [m[Kexpected constructor, destructor, or type conversion before â€˜[01m[K([m[Kâ€™ token
[3.373s]    45 |      createTrackbar[01;31m[K([m[K"V Ceiling", "HSV Control", &ceilingV, 255);
[3.373s]       |                    [01;31m[K^[m[K
[3.376s] [01m[K/home/basten/ros2_ws/src/MagangBanyubramanta_Basten-Andika-Salim/Ros2/src/tugas_opencv/src/colorcheck.cpp:165:14:[m[K [01;31m[Kerror: [m[Kâ€˜[01m[KSubscriber[m[Kâ€™ in namespace â€˜[01m[Krclcpp[m[Kâ€™ does not name a template type
[3.376s]   165 |      rclcpp::[01;31m[KSubscriber[m[K<sensor_msgs::msg::Image>::SharedPtr subscriber_;
[3.376s]       |              [01;31m[K^~~~~~~~~~[m[K
[3.383s] [01m[K/home/basten/ros2_ws/src/MagangBanyubramanta_Basten-Andika-Salim/Ros2/src/tugas_opencv/src/colorcheck.cpp:[m[K In constructor â€˜[01m[KColor_::Color_()[m[Kâ€™:
[3.383s] [01m[K/home/basten/ros2_ws/src/MagangBanyubramanta_Basten-Andika-Salim/Ros2/src/tugas_opencv/src/colorcheck.cpp:55:11:[m[K [01;31m[Kerror: [m[Kâ€˜[01m[Ksubscriber_[m[Kâ€™ was not declared in this scope
[3.383s]    55 |           [01;31m[Ksubscriber_[m[K = this->create_subscription<sensor_msgs::msg::Image>("openCamera", 10, std::bind(&Color_::topic_callback, this, _1));
[3.383s]       |           [01;31m[K^~~~~~~~~~~[m[K
[3.551s] [01m[K/home/basten/ros2_ws/src/MagangBanyubramanta_Basten-Andika-Salim/Ros2/src/tugas_opencv/src/colorcheck.cpp:[m[K In member function â€˜[01m[Kcv::Point Color_::boundBox(cv::Mat&, cv::Scalar)[m[Kâ€™:
[3.551s] [01m[K/home/basten/ros2_ws/src/MagangBanyubramanta_Basten-Andika-Salim/Ros2/src/tugas_opencv/src/colorcheck.cpp:92:26:[m[K [01;31m[Kerror: [m[Kâ€˜[01m[Kframe[m[Kâ€™ was not declared in this scope
[3.551s]    92 |                rectangle([01;31m[Kframe[m[K, boundRect.tl(), boundRect.br(), color, 2);
[3.551s]       |                          [01;31m[K^~~~~[m[K
[3.558s] [01m[K/home/basten/ros2_ws/src/MagangBanyubramanta_Basten-Andika-Salim/Ros2/src/tugas_opencv/src/colorcheck.cpp:[m[K In member function â€˜[01m[Kvoid Color_::topic_callback(const Image&)[m[Kâ€™:
[3.558s] [01m[K/home/basten/ros2_ws/src/MagangBanyubramanta_Basten-Andika-Salim/Ros2/src/tugas_opencv/src/colorcheck.cpp:114:16:[m[K [01;31m[Kerror: [m[Kâ€˜[01m[Kcamera[m[Kâ€™ was not declared in this scope
[3.558s]   114 |           if (![01;31m[Kcamera[m[K.read(frame)){
[3.558s]       |                [01;31m[K^~~~~~[m[K
[3.558s] [01m[K/home/basten/ros2_ws/src/MagangBanyubramanta_Basten-Andika-Salim/Ros2/src/tugas_opencv/src/colorcheck.cpp:116:16:[m[K [01;31m[Kerror: [m[Kbreak statement not within loop or switch
[3.558s]   116 |                [01;31m[Kbreak[m[K;
[3.558s]       |                [01;31m[K^~~~~[m[K
[3.563s] [01m[K/home/basten/ros2_ws/src/MagangBanyubramanta_Basten-Andika-Salim/Ros2/src/tugas_opencv/src/colorcheck.cpp:158:11:[m[K [01;31m[Kerror: [m[Kâ€˜[01m[Kcolor_node[m[Kâ€™ was not declared in this scope
[3.563s]   158 |           [01;31m[Kcolor_node[m[K->publish_func();
[3.563s]       |           [01;31m[K^~~~~~~~~~[m[K
[4.592s] gmake[2]: *** [CMakeFiles/colorcheck.dir/build.make:76: CMakeFiles/colorcheck.dir/src/colorcheck.cpp.o] Error 1
[4.592s] gmake[1]: *** [CMakeFiles/Makefile2:593: CMakeFiles/colorcheck.dir/all] Error 2
[4.593s] gmake: *** [Makefile:146: all] Error 2
[4.595s] Invoked command in '/home/basten/ros2_ws/src/MagangBanyubramanta_Basten-Andika-Salim/Ros2/src/build/tugas_opencv' returned '2': CMAKE_PREFIX_PATH=/opt/ros/humble /usr/bin/cmake --build /home/basten/ros2_ws/src/MagangBanyubramanta_Basten-Andika-Salim/Ros2/src/build/tugas_opencv -- -j32 -l32
