[01m[K/home/basten/ros2_ws/src/MagangBanyubramanta_Basten-Andika-Salim/src/tugas_yolo/src/initCv.cpp:17:19:[m[K [01;31m[Kerror: [m[Kâ€˜[01m[Kmaster[m[Kâ€™ was not declared in this scope
   17 | VideoCapture cam_([01;31m[Kmaster[m[K["indexBottom"].as<int>());
      |                   [01;31m[K^~~~~~[m[K
[01m[K/home/basten/ros2_ws/src/MagangBanyubramanta_Basten-Andika-Salim/src/tugas_yolo/src/initCv.cpp:17:44:[m[K [01;31m[Kerror: [m[Kexpected primary-expression before â€˜[01m[Kint[m[Kâ€™
   17 | VideoCapture cam_(master["indexBottom"].as<[01;31m[Kint[m[K>());
      |                                            [01;31m[K^~~[m[K
[01m[K/home/basten/ros2_ws/src/MagangBanyubramanta_Basten-Andika-Salim/src/tugas_yolo/src/initCv.cpp:[m[K In member function â€˜[01m[Kvoid CameraPublisher::publish_image()[m[Kâ€™:
[01m[K/home/basten/ros2_ws/src/MagangBanyubramanta_Basten-Andika-Salim/src/tugas_yolo/src/initCv.cpp:42:30:[m[K [01;31m[Kerror: [m[Kreference to â€˜[01m[Ksize[m[Kâ€™ is ambiguous
   42 |         resize(frame, image, [01;31m[Ksize[m[K);
      |                              [01;31m[K^~~~[m[K
In file included from [01m[K/usr/include/c++/11/array:41[m[K,
                 from [01m[K/usr/include/c++/11/tuple:39[m[K,
                 from [01m[K/usr/include/c++/11/functional:54[m[K,
                 from [01m[K/usr/include/c++/11/pstl/glue_algorithm_defs.h:13[m[K,
                 from [01m[K/usr/include/c++/11/algorithm:74[m[K,
                 from [01m[K/usr/local/include/opencv4/opencv2/core/base.hpp:55[m[K,
                 from [01m[K/usr/local/include/opencv4/opencv2/core.hpp:53[m[K,
                 from [01m[K/usr/local/include/opencv4/opencv2/opencv.hpp:52[m[K,
                 from [01m[K/home/basten/ros2_ws/src/MagangBanyubramanta_Basten-Andika-Salim/src/tugas_yolo/src/initCv.cpp:1[m[K:
[01m[K/usr/include/c++/11/bits/range_access.h:254:5:[m[K [01;36m[Knote: [m[Kcandidates are: â€˜[01m[Ktemplate<class _Tp, long unsigned int _Nm> constexpr std::size_t std::size(const _Tp (&)[_Nm])[m[Kâ€™
  254 |     [01;36m[Ksize[m[K(const _Tp (&)[_Nm]) noexcept
      |     [01;36m[K^~~~[m[K
[01m[K/usr/include/c++/11/bits/range_access.h:245:5:[m[K [01;36m[Knote: [m[K                â€˜[01m[Ktemplate<class _Container> constexpr decltype (__cont.size()) std::size(const _Container&)[m[Kâ€™
  245 |     [01;36m[Ksize[m[K(const _Container& __cont) noexcept(noexcept(__cont.size()))
      |     [01;36m[K^~~~[m[K
[01m[K/home/basten/ros2_ws/src/MagangBanyubramanta_Basten-Andika-Salim/src/tugas_yolo/src/initCv.cpp:15:6:[m[K [01;36m[Knote: [m[K                â€˜[01m[Kcv::Size size[m[Kâ€™
   15 | Size [01;36m[Ksize[m[K(640, 480);
      |      [01;36m[K^~~~[m[K
gmake[2]: *** [CMakeFiles/initCv.dir/build.make:76: CMakeFiles/initCv.dir/src/initCv.cpp.o] Error 1
gmake[1]: *** [CMakeFiles/Makefile2:137: CMakeFiles/initCv.dir/all] Error 2
gmake: *** [Makefile:146: all] Error 2
