-- The C compiler identification is GNU 11.4.0
-- The CXX compiler identification is GNU 11.4.0
-- Detecting C compiler ABI info
-- Detecting C compiler ABI info - done
-- Check for working C compiler: /usr/bin/cc - skipped
-- Detecting C compile features
-- Detecting C compile features - done
-- Detecting CXX compiler ABI info
-- Detecting CXX compiler ABI info - done
-- Check for working CXX compiler: /usr/bin/c++ - skipped
-- Detecting CXX compile features
-- Detecting CXX compile features - done
-- Found ament_cmake: 1.3.8 (/opt/ros/humble/share/ament_cmake/cmake)
-- Found Python3: /usr/bin/python3 (found version "3.10.12") found components: Interpreter 
-- Found rclcpp: 16.0.8 (/opt/ros/humble/share/rclcpp/cmake)
-- Found rosidl_generator_c: 3.1.5 (/opt/ros/humble/share/rosidl_generator_c/cmake)
-- Found rosidl_adapter: 3.1.5 (/opt/ros/humble/share/rosidl_adapter/cmake)
-- Found rosidl_generator_cpp: 3.1.5 (/opt/ros/humble/share/rosidl_generator_cpp/cmake)
-- Using all available rosidl_typesupport_c: rosidl_typesupport_fastrtps_c;rosidl_typesupport_introspection_c
-- Using all available rosidl_typesupport_cpp: rosidl_typesupport_fastrtps_cpp;rosidl_typesupport_introspection_cpp
-- Found rmw_implementation_cmake: 6.1.1 (/opt/ros/humble/share/rmw_implementation_cmake/cmake)
-- Found rmw_fastrtps_cpp: 6.2.6 (/opt/ros/humble/share/rmw_fastrtps_cpp/cmake)
-- Found OpenSSL: /usr/lib/x86_64-linux-gnu/libcrypto.so (found version "3.0.2")  
-- Found FastRTPS: /opt/ros/humble/include  
-- Using RMW implementation 'rmw_fastrtps_cpp' as default
-- Looking for pthread.h
-- Looking for pthread.h - found
-- Performing Test CMAKE_HAVE_LIBC_PTHREAD
-- Performing Test CMAKE_HAVE_LIBC_PTHREAD - Success
-- Found Threads: TRUE  
-- Found OpenCV: /usr/local (found version "4.9.0") 
-- Found sensor_msgs: 4.2.3 (/opt/ros/humble/share/sensor_msgs/cmake)
-- Found cv_bridge: 3.2.1 (/opt/ros/humble/share/cv_bridge/cmake)
-- Found ament_lint_auto: 0.12.10 (/opt/ros/humble/share/ament_lint_auto/cmake)
-- Added test 'cppcheck' to perform static code analysis on C / C++ code
-- Configured cppcheck include dirs: 
-- Configured cppcheck exclude dirs and/or files: 
-- Added test 'lint_cmake' to check CMake code style
-- Added test 'uncrustify' to check C / C++ code style
-- Configured uncrustify additional arguments: 
-- Added test 'xmllint' to check XML markup files
-- Configuring done
-- Generating done
-- Build files have been written to: /home/basten/ros2_ws/src/MagangBanyubramanta_Basten-Andika-Salim/src/build/tugas_yolo
[ 50%] [32mBuilding CXX object CMakeFiles/initCv.dir/src/initCv.cpp.o[0m
[01m[K/home/basten/ros2_ws/src/MagangBanyubramanta_Basten-Andika-Salim/src/tugas_yolo/src/initCv.cpp:17:19:[m[K [01;31m[Kerror: [m[Kâ€˜[01m[Kmaster[m[Kâ€™ was not declared in this scope
   17 | VideoCapture cam_([01;31m[Kmaster[m[K["indexBottom"].as<int>());
      |                   [01;31m[K^~~~~~[m[K
[01m[K/home/basten/ros2_ws/src/MagangBanyubramanta_Basten-Andika-Salim/src/tugas_yolo/src/initCv.cpp:17:44:[m[K [01;31m[Kerror: [m[Kexpected primary-expression before â€˜[01m[Kint[m[Kâ€™
   17 | VideoCapture cam_(master["indexBottom"].as<[01;31m[Kint[m[K>());
      |                                            [01;31m[K^~~[m[K
[01m[K/home/basten/ros2_ws/src/MagangBanyubramanta_Basten-Andika-Salim/src/tugas_yolo/src/initCv.cpp:[m[K In member function â€˜[01m[Kvoid CameraPublisher::publish_image()[m[Kâ€™:
[01m[K/home/basten/ros2_ws/src/MagangBanyubramanta_Basten-Andika-Salim/src/tugas_yolo/src/initCv.cpp:42:30:[m[K [01;31m[Kerror: [m[Kreference to â€˜[01m[Ksize[m[Kâ€™ is ambiguous
   42 |         resize(frame, image, [01;31m[Ksize[m[K);
      |                              [01;31m[K^~~~[m[K
In file included from [01m[K/usr/include/c++/11/array:41[m[K,
                 from [01m[K/usr/include/c++/11/tuple:39[m[K,
                 from [01m[K/usr/include/c++/11/functional:54[m[K,
                 from [01m[K/usr/include/c++/11/pstl/glue_algorithm_defs.h:13[m[K,
                 from [01m[K/usr/include/c++/11/algorithm:74[m[K,
                 from [01m[K/usr/local/include/opencv4/opencv2/core/base.hpp:55[m[K,
                 from [01m[K/usr/local/include/opencv4/opencv2/core.hpp:53[m[K,
                 from [01m[K/usr/local/include/opencv4/opencv2/opencv.hpp:52[m[K,
                 from [01m[K/home/basten/ros2_ws/src/MagangBanyubramanta_Basten-Andika-Salim/src/tugas_yolo/src/initCv.cpp:1[m[K:
[01m[K/usr/include/c++/11/bits/range_access.h:254:5:[m[K [01;36m[Knote: [m[Kcandidates are: â€˜[01m[Ktemplate<class _Tp, long unsigned int _Nm> constexpr std::size_t std::size(const _Tp (&)[_Nm])[m[Kâ€™
  254 |     [01;36m[Ksize[m[K(const _Tp (&)[_Nm]) noexcept
      |     [01;36m[K^~~~[m[K
[01m[K/usr/include/c++/11/bits/range_access.h:245:5:[m[K [01;36m[Knote: [m[K                â€˜[01m[Ktemplate<class _Container> constexpr decltype (__cont.size()) std::size(const _Container&)[m[Kâ€™
  245 |     [01;36m[Ksize[m[K(const _Container& __cont) noexcept(noexcept(__cont.size()))
      |     [01;36m[K^~~~[m[K
[01m[K/home/basten/ros2_ws/src/MagangBanyubramanta_Basten-Andika-Salim/src/tugas_yolo/src/initCv.cpp:15:6:[m[K [01;36m[Knote: [m[K                â€˜[01m[Kcv::Size size[m[Kâ€™
   15 | Size [01;36m[Ksize[m[K(640, 480);
      |      [01;36m[K^~~~[m[K
gmake[2]: *** [CMakeFiles/initCv.dir/build.make:76: CMakeFiles/initCv.dir/src/initCv.cpp.o] Error 1
gmake[1]: *** [CMakeFiles/Makefile2:137: CMakeFiles/initCv.dir/all] Error 2
gmake: *** [Makefile:146: all] Error 2
