[  3%] Built target tugas_opencv__cpp
[ 12%] Built target tugas_opencv__rosidl_generator_c
[ 12%] Built target ament_cmake_python_copy_tugas_opencv
[ 21%] Built target tugas_opencv__rosidl_typesupport_cpp
[ 30%] Built target tugas_opencv__rosidl_typesupport_c
[ 39%] Built target tugas_opencv__rosidl_typesupport_fastrtps_cpp
[ 48%] Built target tugas_opencv__rosidl_typesupport_introspection_c
[ 57%] Built target tugas_opencv__rosidl_typesupport_introspection_cpp
[ 66%] Built target tugas_opencv__rosidl_typesupport_fastrtps_c
[35m[1mConsolidate compiler generated dependencies of target colorcheck[0m
[ 66%] Built target tugas_opencv
[ 69%] [32mBuilding CXX object CMakeFiles/colorcheck.dir/src/colorcheck.cpp.o[0m
[ 72%] Built target tugas_opencv__py
[ 78%] Built target tugas_opencv__rosidl_generator_py
[ 84%] Built target tugas_opencv__rosidl_typesupport_fastrtps_c__pyext
[ 90%] Built target tugas_opencv__rosidl_typesupport_introspection_c__pyext
[ 96%] Built target tugas_opencv__rosidl_typesupport_c__pyext
running egg_info
writing tugas_opencv.egg-info/PKG-INFO
writing dependency_links to tugas_opencv.egg-info/dependency_links.txt
writing top-level names to tugas_opencv.egg-info/top_level.txt
reading manifest file 'tugas_opencv.egg-info/SOURCES.txt'
writing manifest file 'tugas_opencv.egg-info/SOURCES.txt'
[ 96%] Built target ament_cmake_python_build_tugas_opencv_egg
[01m[K/home/basten/ros2_ws/src/MagangBanyubramanta_Basten-Andika-Salim/src/tugas_opencv/src/colorcheck.cpp:[m[K In function â€˜[01m[Kint main(int, char**)[m[Kâ€™:
[01m[K/home/basten/ros2_ws/src/MagangBanyubramanta_Basten-Andika-Salim/src/tugas_opencv/src/colorcheck.cpp:80:38:[m[K [01;31m[Kerror: [m[Kâ€˜[01m[KColor__BGR2HSV[m[Kâ€™ was not declared in this scope
   80 |           cvtColor_(frame, frameHSV, [01;31m[KColor__BGR2HSV[m[K);
      |                                      [01;31m[K^~~~~~~~~~~~~~[m[K
[01m[K/home/basten/ros2_ws/src/MagangBanyubramanta_Basten-Andika-Salim/src/tugas_opencv/src/colorcheck.cpp:80:11:[m[K [01;31m[Kerror: [m[Kâ€˜[01m[KcvtColor_[m[Kâ€™ was not declared in this scope; did you mean â€˜[01m[KColor_[m[Kâ€™?
   80 |           [01;31m[KcvtColor_[m[K(frame, frameHSV, Color__BGR2HSV);
      |           [01;31m[K^~~~~~~~~[m[K
      |           [32m[KColor_[m[K
[01m[K/home/basten/ros2_ws/src/MagangBanyubramanta_Basten-Andika-Salim/src/tugas_opencv/src/colorcheck.cpp:91:18:[m[K [01;35m[Kwarning: [m[Kunused variable â€˜[01m[Karea[m[Kâ€™ [[01;35m[K]8;;https://gcc.gnu.org/onlinedocs/gcc/Warning-Options.html#index-Wunused-variable-Wunused-variable]8;;[m[K]
   91 |           double [01;35m[Karea[m[K = measure.m00;
      |                  [01;35m[K^~~~[m[K
[01m[K/home/basten/ros2_ws/src/MagangBanyubramanta_Basten-Andika-Salim/src/tugas_opencv/src/colorcheck.cpp:92:18:[m[K [01;35m[Kwarning: [m[Kunused variable â€˜[01m[KlengthX[m[Kâ€™ [[01;35m[K]8;;https://gcc.gnu.org/onlinedocs/gcc/Warning-Options.html#index-Wunused-variable-Wunused-variable]8;;[m[K]
   92 |           double [01;35m[KlengthX[m[K = measure.m01;
      |                  [01;35m[K^~~~~~~[m[K
[01m[K/home/basten/ros2_ws/src/MagangBanyubramanta_Basten-Andika-Salim/src/tugas_opencv/src/colorcheck.cpp:93:18:[m[K [01;35m[Kwarning: [m[Kunused variable â€˜[01m[KlengthY[m[Kâ€™ [[01;35m[K]8;;https://gcc.gnu.org/onlinedocs/gcc/Warning-Options.html#index-Wunused-variable-Wunused-variable]8;;[m[K]
   93 |           double [01;35m[KlengthY[m[K = measure.m10;
      |                  [01;35m[K^~~~~~~[m[K
gmake[2]: *** [CMakeFiles/colorcheck.dir/build.make:76: CMakeFiles/colorcheck.dir/src/colorcheck.cpp.o] Error 1
gmake[1]: *** [CMakeFiles/Makefile2:593: CMakeFiles/colorcheck.dir/all] Error 2
gmake: *** [Makefile:146: all] Error 2
