[01m[K/home/basten/ros2_ws/src/MagangBanyubramanta_Basten-Andika-Salim/Ros2/src/tugas_opencv/src/colorcheck.cpp:153:14:[m[K [01;31m[Kerror: [m[Kâ€˜[01m[KSubscriber[m[Kâ€™ in namespace â€˜[01m[Krclcpp[m[Kâ€™ does not name a template type
  153 |      rclcpp::[01;31m[KSubscriber[m[K<sensor_msgs::msg::Image>::SharedPtr subscriber_;
      |              [01;31m[K^~~~~~~~~~[m[K
[01m[K/home/basten/ros2_ws/src/MagangBanyubramanta_Basten-Andika-Salim/Ros2/src/tugas_opencv/src/colorcheck.cpp:[m[K In constructor â€˜[01m[KColor_::Color_()[m[Kâ€™:
[01m[K/home/basten/ros2_ws/src/MagangBanyubramanta_Basten-Andika-Salim/Ros2/src/tugas_opencv/src/colorcheck.cpp:46:11:[m[K [01;31m[Kerror: [m[Kâ€˜[01m[Ksubscriber_[m[Kâ€™ was not declared in this scope
   46 |           [01;31m[Ksubscriber_[m[K = this->create_subscription<sensor_msgs::msg::Image>("openCamera", 10, std::bind(&Color_::topic_callback, this, _1));
      |           [01;31m[K^~~~~~~~~~~[m[K
[01m[K/home/basten/ros2_ws/src/MagangBanyubramanta_Basten-Andika-Salim/Ros2/src/tugas_opencv/src/colorcheck.cpp:[m[K In member function â€˜[01m[Kcv::Point Color_::boundBox(cv::Mat&, cv::Scalar)[m[Kâ€™:
[01m[K/home/basten/ros2_ws/src/MagangBanyubramanta_Basten-Andika-Salim/Ros2/src/tugas_opencv/src/colorcheck.cpp:83:26:[m[K [01;31m[Kerror: [m[Kâ€˜[01m[Kframe[m[Kâ€™ was not declared in this scope
   83 |                rectangle([01;31m[Kframe[m[K, boundRect.tl(), boundRect.br(), color, 2);
      |                          [01;31m[K^~~~~[m[K
[01m[K/home/basten/ros2_ws/src/MagangBanyubramanta_Basten-Andika-Salim/Ros2/src/tugas_opencv/src/colorcheck.cpp:[m[K In member function â€˜[01m[Kvoid Color_::topic_callback(const Image&)[m[Kâ€™:
[01m[K/home/basten/ros2_ws/src/MagangBanyubramanta_Basten-Andika-Salim/Ros2/src/tugas_opencv/src/colorcheck.cpp:105:16:[m[K [01;31m[Kerror: [m[Kâ€˜[01m[Kcamera[m[Kâ€™ was not declared in this scope
  105 |           if (![01;31m[Kcamera[m[K.read(frame)){
      |                [01;31m[K^~~~~~[m[K
[01m[K/home/basten/ros2_ws/src/MagangBanyubramanta_Basten-Andika-Salim/Ros2/src/tugas_opencv/src/colorcheck.cpp:107:16:[m[K [01;31m[Kerror: [m[Kbreak statement not within loop or switch
  107 |                [01;31m[Kbreak[m[K;
      |                [01;31m[K^~~~~[m[K
[01m[K/home/basten/ros2_ws/src/MagangBanyubramanta_Basten-Andika-Salim/Ros2/src/tugas_opencv/src/colorcheck.cpp:117:29:[m[K [01;31m[Kerror: [m[Kâ€˜[01m[KScalacolor_node[m[Kâ€™ was not declared in this scope
  117 |           inRange(frameHSV, [01;31m[KScalacolor_node[m[K->r(20,70,110), Scalar(50, ceilingS, ceilingV), frameYellow);
      |                             [01;31m[K^~~~~~~~~~~~~~~[m[K
[01m[K/home/basten/ros2_ws/src/MagangBanyubramanta_Basten-Andika-Salim/Ros2/src/tugas_opencv/src/colorcheck.cpp:117:92:[m[K [01;31m[Kerror: [m[Kâ€˜[01m[KframeYellow[m[Kâ€™ was not declared in this scope
  117 |           inRange(frameHSV, Scalacolor_node->r(20,70,110), Scalar(50, ceilingS, ceilingV), [01;31m[KframeYellow[m[K);
      |                                                                                            [01;31m[K^~~~~~~~~~~[m[K
gmake[2]: *** [CMakeFiles/colorcheck.dir/build.make:76: CMakeFiles/colorcheck.dir/src/colorcheck.cpp.o] Error 1
gmake[1]: *** [CMakeFiles/Makefile2:593: CMakeFiles/colorcheck.dir/all] Error 2
gmake: *** [Makefile:146: all] Error 2
