[0.020s] Invoking command in '/home/basten/ros2_ws/src/MagangBanyubramanta_Basten-Andika-Salim/Ros2/src/build/tugas_opencv': CMAKE_PREFIX_PATH=/opt/ros/humble /usr/bin/cmake --build /home/basten/ros2_ws/src/MagangBanyubramanta_Basten-Andika-Salim/Ros2/src/build/tugas_opencv -- -j32 -l32
[0.041s] [35m[1mConsolidate compiler generated dependencies of target tugas_opencv__rosidl_generator_c[0m
[0.048s] [  9%] Built target tugas_opencv__rosidl_generator_c
[0.048s] [ 12%] Built target tugas_opencv__cpp
[0.055s] [ 12%] Built target ament_cmake_python_copy_tugas_opencv
[0.056s] [35m[1mConsolidate compiler generated dependencies of target tugas_opencv__rosidl_typesupport_c[0m
[0.057s] [35m[1mConsolidate compiler generated dependencies of target tugas_opencv__rosidl_typesupport_introspection_c[0m
[0.057s] [35m[1mConsolidate compiler generated dependencies of target tugas_opencv__rosidl_typesupport_fastrtps_c[0m
[0.057s] [35m[1mConsolidate compiler generated dependencies of target tugas_opencv__rosidl_typesupport_introspection_cpp[0m
[0.060s] [35m[1mConsolidate compiler generated dependencies of target tugas_opencv__rosidl_typesupport_cpp[0m
[0.061s] [ 21%] Built target tugas_opencv__rosidl_typesupport_c
[0.061s] [35m[1mConsolidate compiler generated dependencies of target tugas_opencv__rosidl_typesupport_fastrtps_cpp[0m
[0.063s] [ 31%] Built target tugas_opencv__rosidl_typesupport_introspection_c
[0.064s] [ 41%] Built target tugas_opencv__rosidl_typesupport_fastrtps_c
[0.064s] [ 51%] Built target tugas_opencv__rosidl_typesupport_introspection_cpp
[0.066s] [ 60%] Built target tugas_opencv__rosidl_typesupport_cpp
[0.068s] [ 70%] Built target tugas_opencv__rosidl_typesupport_fastrtps_cpp
[0.071s] [35m[1mConsolidate compiler generated dependencies of target colorcheck[0m
[0.078s] [ 70%] Built target tugas_opencv
[0.082s] [ 73%] [32mBuilding CXX object CMakeFiles/colorcheck.dir/src/colorcheck.cpp.o[0m
[0.088s] [ 75%] Built target tugas_opencv__py
[0.093s] [35m[1mConsolidate compiler generated dependencies of target tugas_opencv__rosidl_generator_py[0m
[0.100s] [ 82%] Built target tugas_opencv__rosidl_generator_py
[0.105s] [35m[1mConsolidate compiler generated dependencies of target tugas_opencv__rosidl_typesupport_introspection_c__pyext[0m
[0.105s] [35m[1mConsolidate compiler generated dependencies of target tugas_opencv__rosidl_typesupport_fastrtps_c__pyext[0m
[0.106s] [35m[1mConsolidate compiler generated dependencies of target tugas_opencv__rosidl_typesupport_c__pyext[0m
[0.112s] [ 87%] Built target tugas_opencv__rosidl_typesupport_introspection_c__pyext
[0.112s] [ 92%] Built target tugas_opencv__rosidl_typesupport_fastrtps_c__pyext
[0.112s] [ 97%] Built target tugas_opencv__rosidl_typesupport_c__pyext
[0.159s] running egg_info
[0.166s] writing tugas_opencv.egg-info/PKG-INFO
[0.167s] writing dependency_links to tugas_opencv.egg-info/dependency_links.txt
[0.167s] writing top-level names to tugas_opencv.egg-info/top_level.txt
[0.188s] reading manifest file 'tugas_opencv.egg-info/SOURCES.txt'
[0.188s] writing manifest file 'tugas_opencv.egg-info/SOURCES.txt'
[0.202s] [ 97%] Built target ament_cmake_python_build_tugas_opencv_egg
[1.348s] [01m[K/home/basten/ros2_ws/src/MagangBanyubramanta_Basten-Andika-Salim/Ros2/src/tugas_opencv/src/colorcheck.cpp:153:14:[m[K [01;31m[Kerror: [m[Kâ€˜[01m[KSubscriber[m[Kâ€™ in namespace â€˜[01m[Krclcpp[m[Kâ€™ does not name a template type
[1.348s]   153 |      rclcpp::[01;31m[KSubscriber[m[K<sensor_msgs::msg::Image>::SharedPtr subscriber_;
[1.349s]       |              [01;31m[K^~~~~~~~~~[m[K
[1.355s] [01m[K/home/basten/ros2_ws/src/MagangBanyubramanta_Basten-Andika-Salim/Ros2/src/tugas_opencv/src/colorcheck.cpp:[m[K In constructor â€˜[01m[KColor_::Color_()[m[Kâ€™:
[1.355s] [01m[K/home/basten/ros2_ws/src/MagangBanyubramanta_Basten-Andika-Salim/Ros2/src/tugas_opencv/src/colorcheck.cpp:46:11:[m[K [01;31m[Kerror: [m[Kâ€˜[01m[Ksubscriber_[m[Kâ€™ was not declared in this scope
[1.355s]    46 |           [01;31m[Ksubscriber_[m[K = this->create_subscription<sensor_msgs::msg::Image>("openCamera", 10, std::bind(&Color_::topic_callback, this, _1));
[1.355s]       |           [01;31m[K^~~~~~~~~~~[m[K
[1.543s] [01m[K/home/basten/ros2_ws/src/MagangBanyubramanta_Basten-Andika-Salim/Ros2/src/tugas_opencv/src/colorcheck.cpp:[m[K In member function â€˜[01m[Kcv::Point Color_::boundBox(cv::Mat&, cv::Scalar)[m[Kâ€™:
[1.543s] [01m[K/home/basten/ros2_ws/src/MagangBanyubramanta_Basten-Andika-Salim/Ros2/src/tugas_opencv/src/colorcheck.cpp:83:26:[m[K [01;31m[Kerror: [m[Kâ€˜[01m[Kframe[m[Kâ€™ was not declared in this scope
[1.543s]    83 |                rectangle([01;31m[Kframe[m[K, boundRect.tl(), boundRect.br(), color, 2);
[1.543s]       |                          [01;31m[K^~~~~[m[K
[1.549s] [01m[K/home/basten/ros2_ws/src/MagangBanyubramanta_Basten-Andika-Salim/Ros2/src/tugas_opencv/src/colorcheck.cpp:[m[K In member function â€˜[01m[Kvoid Color_::topic_callback(const Image&)[m[Kâ€™:
[1.549s] [01m[K/home/basten/ros2_ws/src/MagangBanyubramanta_Basten-Andika-Salim/Ros2/src/tugas_opencv/src/colorcheck.cpp:105:16:[m[K [01;31m[Kerror: [m[Kâ€˜[01m[Kcamera[m[Kâ€™ was not declared in this scope
[1.549s]   105 |           if (![01;31m[Kcamera[m[K.read(frame)){
[1.549s]       |                [01;31m[K^~~~~~[m[K
[1.549s] [01m[K/home/basten/ros2_ws/src/MagangBanyubramanta_Basten-Andika-Salim/Ros2/src/tugas_opencv/src/colorcheck.cpp:107:16:[m[K [01;31m[Kerror: [m[Kbreak statement not within loop or switch
[1.549s]   107 |                [01;31m[Kbreak[m[K;
[1.549s]       |                [01;31m[K^~~~~[m[K
[1.556s] [01m[K/home/basten/ros2_ws/src/MagangBanyubramanta_Basten-Andika-Salim/Ros2/src/tugas_opencv/src/colorcheck.cpp:117:29:[m[K [01;31m[Kerror: [m[Kâ€˜[01m[KScalacolor_node[m[Kâ€™ was not declared in this scope
[1.556s]   117 |           inRange(frameHSV, [01;31m[KScalacolor_node[m[K->r(20,70,110), Scalar(50, ceilingS, ceilingV), frameYellow);
[1.556s]       |                             [01;31m[K^~~~~~~~~~~~~~~[m[K
[1.560s] [01m[K/home/basten/ros2_ws/src/MagangBanyubramanta_Basten-Andika-Salim/Ros2/src/tugas_opencv/src/colorcheck.cpp:117:92:[m[K [01;31m[Kerror: [m[Kâ€˜[01m[KframeYellow[m[Kâ€™ was not declared in this scope
[1.560s]   117 |           inRange(frameHSV, Scalacolor_node->r(20,70,110), Scalar(50, ceilingS, ceilingV), [01;31m[KframeYellow[m[K);
[1.560s]       |                                                                                            [01;31m[K^~~~~~~~~~~[m[K
[2.576s] gmake[2]: *** [CMakeFiles/colorcheck.dir/build.make:76: CMakeFiles/colorcheck.dir/src/colorcheck.cpp.o] Error 1
[2.576s] gmake[1]: *** [CMakeFiles/Makefile2:593: CMakeFiles/colorcheck.dir/all] Error 2
[2.576s] gmake: *** [Makefile:146: all] Error 2
[2.578s] Invoked command in '/home/basten/ros2_ws/src/MagangBanyubramanta_Basten-Andika-Salim/Ros2/src/build/tugas_opencv' returned '2': CMAKE_PREFIX_PATH=/opt/ros/humble /usr/bin/cmake --build /home/basten/ros2_ws/src/MagangBanyubramanta_Basten-Andika-Salim/Ros2/src/build/tugas_opencv -- -j32 -l32
