[0.028s] Invoking command in '/home/basten/ros2_ws/src/MagangBanyubramanta_Basten-Andika-Salim/Ros2/build/tugas_opencv': CMAKE_PREFIX_PATH=${CMAKE_PREFIX_PATH}:/opt/ros/humble /usr/bin/cmake --build /home/basten/ros2_ws/src/MagangBanyubramanta_Basten-Andika-Salim/Ros2/build/tugas_opencv -- -j32 -l32
[0.053s] [  2%] Built target tugas_opencv__cpp
[0.053s] [ 12%] Built target tugas_opencv__rosidl_generator_c
[0.059s] [ 12%] Built target ament_cmake_python_copy_tugas_opencv
[0.065s] [ 21%] Built target tugas_opencv__rosidl_typesupport_cpp
[0.065s] [ 31%] Built target tugas_opencv__rosidl_typesupport_fastrtps_cpp
[0.065s] [ 41%] Built target tugas_opencv__rosidl_typesupport_introspection_cpp
[0.070s] [ 51%] Built target tugas_opencv__rosidl_typesupport_introspection_c
[0.070s] [ 65%] Built target tugas_opencv__rosidl_typesupport_c
[0.070s] [ 70%] Built target tugas_opencv__rosidl_typesupport_fastrtps_c
[0.072s] [35m[1mConsolidate compiler generated dependencies of target colorcheck[0m
[0.079s] [ 70%] Built target tugas_opencv
[0.081s] [ 73%] [32mBuilding CXX object CMakeFiles/colorcheck.dir/src/colorcheck.cpp.o[0m
[0.089s] [ 75%] Built target tugas_opencv__py
[0.099s] [ 82%] Built target tugas_opencv__rosidl_generator_py
[0.110s] [ 87%] Built target tugas_opencv__rosidl_typesupport_c__pyext
[0.110s] [ 92%] Built target tugas_opencv__rosidl_typesupport_fastrtps_c__pyext
[0.110s] [ 97%] Built target tugas_opencv__rosidl_typesupport_introspection_c__pyext
[0.153s] running egg_info
[0.160s] writing tugas_opencv.egg-info/PKG-INFO
[0.160s] writing dependency_links to tugas_opencv.egg-info/dependency_links.txt
[0.160s] writing top-level names to tugas_opencv.egg-info/top_level.txt
[0.178s] reading manifest file 'tugas_opencv.egg-info/SOURCES.txt'
[0.178s] writing manifest file 'tugas_opencv.egg-info/SOURCES.txt'
[0.191s] [ 97%] Built target ament_cmake_python_build_tugas_opencv_egg
[1.527s] [01m[K/home/basten/ros2_ws/src/MagangBanyubramanta_Basten-Andika-Salim/Ros2/src/tugas_opencv/src/colorcheck.cpp:[m[K In function â€˜[01m[Kint main(int, char**)[m[Kâ€™:
[1.527s] [01m[K/home/basten/ros2_ws/src/MagangBanyubramanta_Basten-Andika-Salim/Ros2/src/tugas_opencv/src/colorcheck.cpp:141:16:[m[K [01;31m[Kerror: [m[Kâ€˜[01m[KframeGreen[m[Kâ€™ was not declared in this scope; did you mean â€˜[01m[KframeRed[m[Kâ€™?
[1.527s]   141 |           tidy([01;31m[KframeGreen[m[K);
[1.527s]       |                [01;31m[K^~~~~~~~~~[m[K
[1.527s]       |                [32m[KframeRed[m[K
[1.527s] [01m[K/home/basten/ros2_ws/src/MagangBanyubramanta_Basten-Andika-Salim/Ros2/src/tugas_opencv/src/colorcheck.cpp:151:18:[m[K [01;35m[Kwarning: [m[Kunused variable â€˜[01m[KareaR[m[Kâ€™ [[01;35m[K]8;;https://gcc.gnu.org/onlinedocs/gcc/Warning-Options.html#index-Wunused-variable-Wunused-variable]8;;[m[K]
[1.527s]   151 |           double [01;35m[KareaR[m[K = measureR.m00;
[1.527s]       |                  [01;35m[K^~~~~[m[K
[1.527s] [01m[K/home/basten/ros2_ws/src/MagangBanyubramanta_Basten-Andika-Salim/Ros2/src/tugas_opencv/src/colorcheck.cpp:154:18:[m[K [01;35m[Kwarning: [m[Kunused variable â€˜[01m[KareaG[m[Kâ€™ [[01;35m[K]8;;https://gcc.gnu.org/onlinedocs/gcc/Warning-Options.html#index-Wunused-variable-Wunused-variable]8;;[m[K]
[1.527s]   154 |           double [01;35m[KareaG[m[K = measureG.m00;
[1.527s]       |                  [01;35m[K^~~~~[m[K
[1.527s] [01m[K/home/basten/ros2_ws/src/MagangBanyubramanta_Basten-Andika-Salim/Ros2/src/tugas_opencv/src/colorcheck.cpp:157:18:[m[K [01;35m[Kwarning: [m[Kunused variable â€˜[01m[KareaB[m[Kâ€™ [[01;35m[K]8;;https://gcc.gnu.org/onlinedocs/gcc/Warning-Options.html#index-Wunused-variable-Wunused-variable]8;;[m[K]
[1.527s]   157 |           double [01;35m[KareaB[m[K = measureB.m00;
[1.527s]       |                  [01;35m[K^~~~~[m[K
[2.101s] gmake[2]: *** [CMakeFiles/colorcheck.dir/build.make:76: CMakeFiles/colorcheck.dir/src/colorcheck.cpp.o] Error 1
[2.102s] gmake[1]: *** [CMakeFiles/Makefile2:593: CMakeFiles/colorcheck.dir/all] Error 2
[2.102s] gmake: *** [Makefile:146: all] Error 2
[2.104s] Invoked command in '/home/basten/ros2_ws/src/MagangBanyubramanta_Basten-Andika-Salim/Ros2/build/tugas_opencv' returned '2': CMAKE_PREFIX_PATH=${CMAKE_PREFIX_PATH}:/opt/ros/humble /usr/bin/cmake --build /home/basten/ros2_ws/src/MagangBanyubramanta_Basten-Andika-Salim/Ros2/build/tugas_opencv -- -j32 -l32
