[  2%] Built target tugas_opencv__cpp
[ 12%] Built target tugas_opencv__rosidl_generator_c
[ 12%] Built target ament_cmake_python_copy_tugas_opencv
[ 21%] Built target tugas_opencv__rosidl_typesupport_cpp
[ 31%] Built target tugas_opencv__rosidl_typesupport_fastrtps_cpp
[ 41%] Built target tugas_opencv__rosidl_typesupport_introspection_cpp
[ 51%] Built target tugas_opencv__rosidl_typesupport_introspection_c
[ 60%] Built target tugas_opencv__rosidl_typesupport_c
[ 70%] Built target tugas_opencv__rosidl_typesupport_fastrtps_c
[35m[1mConsolidate compiler generated dependencies of target colorcheck[0m
[ 70%] Built target tugas_opencv
[ 73%] [32mBuilding CXX object CMakeFiles/colorcheck.dir/src/colorcheck.cpp.o[0m
[ 75%] Built target tugas_opencv__py
[ 82%] Built target tugas_opencv__rosidl_generator_py
[ 87%] Built target tugas_opencv__rosidl_typesupport_fastrtps_c__pyext
[ 92%] Built target tugas_opencv__rosidl_typesupport_introspection_c__pyext
[ 97%] Built target tugas_opencv__rosidl_typesupport_c__pyext
running egg_info
writing tugas_opencv.egg-info/PKG-INFO
writing dependency_links to tugas_opencv.egg-info/dependency_links.txt
writing top-level names to tugas_opencv.egg-info/top_level.txt
reading manifest file 'tugas_opencv.egg-info/SOURCES.txt'
writing manifest file 'tugas_opencv.egg-info/SOURCES.txt'
[ 97%] Built target ament_cmake_python_build_tugas_opencv_egg
[01m[K/home/basten/ros2_ws/src/MagangBanyubramanta_Basten-Andika-Salim/Ros2/src/tugas_opencv/src/colorcheck.cpp:[m[K In member function â€˜[01m[Kvoid Color_::topic_callback(const Image&)[m[Kâ€™:
[01m[K/home/basten/ros2_ws/src/MagangBanyubramanta_Basten-Andika-Salim/Ros2/src/tugas_opencv/src/colorcheck.cpp:131:16:[m[K [01;31m[Kerror: [m[Kinvalid operands of types â€˜[01m[K<unresolved overloaded function type>[m[Kâ€™ and â€˜[01m[Kint[m[Kâ€™ to binary â€˜[01m[Koperator<<[m[Kâ€™
  131 |           [01;31m[Kcount<<half_width[m[K<<"here"<<wndl;
      |           [01;31m[K~~~~~^~~~~~~~~~~~[m[K
[01m[K/home/basten/ros2_ws/src/MagangBanyubramanta_Basten-Andika-Salim/Ros2/src/tugas_opencv/src/colorcheck.cpp:131:38:[m[K [01;31m[Kerror: [m[Kâ€˜[01m[Kwndl[m[Kâ€™ was not declared in this scope
  131 |           count<<half_width<<"here"<<[01;31m[Kwndl[m[K;
      |                                      [01;31m[K^~~~[m[K
gmake[2]: *** [CMakeFiles/colorcheck.dir/build.make:76: CMakeFiles/colorcheck.dir/src/colorcheck.cpp.o] Error 1
gmake[1]: *** [CMakeFiles/Makefile2:593: CMakeFiles/colorcheck.dir/all] Error 2
gmake: *** [Makefile:146: all] Error 2
