[01m[K/home/basten/ros2_ws/src/MagangBanyubramanta_Basten-Andika-Salim/src/tugas_opencv/src/colorcheck.cpp:[m[K In function â€˜[01m[Kint main(int, char**)[m[Kâ€™:
[01m[K/home/basten/ros2_ws/src/MagangBanyubramanta_Basten-Andika-Salim/src/tugas_opencv/src/colorcheck.cpp:132:62:[m[K [01;35m[Kwarning: [m[Kstatement has no effect [[01;35m[K]8;;https://gcc.gnu.org/onlinedocs/gcc/Warning-Options.html#index-Wunused-value-Wunused-value]8;;[m[K]
  132 |          imshow("Blue", frameBlue);VideoCapture capture_(0);[01;35m[Kint(measureB.m10/areaB)[m[K;
      |                                                             [01;35m[K^~~~~~~~~~~~~~~~~~~~~~~[m[K

[01m[K/home/basten/ros2_ws/src/MagangBanyubramanta_Basten-Andika-Salim/src/tugas_opencv/src/colorcheck.cpp:120:18:[m[K [01;35m[Kwarning: [m[Kunused variable â€˜[01m[KareaR[m[Kâ€™ [[01;35m[K]8;;https://gcc.gnu.org/onlinedocs/gcc/Warning-Options.html#index-Wunused-variable-Wunused-variable]8;;[m[K]
  120 |           double [01;35m[KareaR[m[K = measureR.m00;
      |                  [01;35m[K^~~~~[m[K
[01m[K/home/basten/ros2_ws/src/MagangBanyubramanta_Basten-Andika-Salim/src/tugas_opencv/src/colorcheck.cpp:123:18:[m[K [01;35m[Kwarning: [m[Kunused variable â€˜[01m[KareaG[m[Kâ€™ [[01;35m[K]8;;https://gcc.gnu.org/onlinedocs/gcc/Warning-Options.html#index-Wunused-variable-Wunused-variable]8;;[m[K]
  123 |           double [01;35m[KareaG[m[K = measureG.m00;
      |                  [01;35m[K^~~~~[m[K
[01m[K/home/basten/ros2_ws/src/MagangBanyubramanta_Basten-Andika-Salim/src/tugas_opencv/src/colorcheck.cpp:137:15:[m[K [01;31m[Kerror: [m[Kâ€˜[01m[KareaG[m[Kâ€™ was not declared in this scope
  137 |           if ([01;31m[KareaG[m[K > areaR && areaG > areaB && areaG > 10000){
      |               [01;31m[K^~~~~[m[K
[01m[K/home/basten/ros2_ws/src/MagangBanyubramanta_Basten-Andika-Salim/src/tugas_opencv/src/colorcheck.cpp:137:23:[m[K [01;31m[Kerror: [m[Kâ€˜[01m[KareaR[m[Kâ€™ was not declared in this scope
  137 |           if (areaG > [01;31m[KareaR[m[K && areaG > areaB && areaG > 10000){
      |                       [01;31m[K^~~~~[m[K
[01m[K/home/basten/ros2_ws/src/MagangBanyubramanta_Basten-Andika-Salim/src/tugas_opencv/src/colorcheck.cpp:137:40:[m[K [01;31m[Kerror: [m[Kâ€˜[01m[KareaB[m[Kâ€™ was not declared in this scope
  137 |           if (areaG > areaR && areaG > [01;31m[KareaB[m[K && areaG > 10000){
      |                                        [01;31m[K^~~~~[m[K
[01m[K/home/basten/ros2_ws/src/MagangBanyubramanta_Basten-Andika-Salim/src/tugas_opencv/src/colorcheck.cpp:138:42:[m[K [01;31m[Kerror: [m[Kâ€˜[01m[KmeasureG[m[Kâ€™ was not declared in this scope
  138 |                colorPosition.x_pos = int([01;31m[KmeasureG[m[K.m10/areaG);
      |                                          [01;31m[K^~~~~~~~[m[K
[01m[K/home/basten/ros2_ws/src/MagangBanyubramanta_Basten-Andika-Salim/src/tugas_opencv/src/colorcheck.cpp:147:16:[m[K [01;31m[Kerror: [m[Kbreak statement not within loop or switch
  147 |                [01;31m[Kbreak[m[K;
      |                [01;31m[K^~~~~[m[K
[01m[K/home/basten/ros2_ws/src/MagangBanyubramanta_Basten-Andika-Salim/src/tugas_opencv/src/colorcheck.cpp:[m[K At global scope:
[01m[K/home/basten/ros2_ws/src/MagangBanyubramanta_Basten-Andika-Salim/src/tugas_opencv/src/colorcheck.cpp:151:24:[m[K [01;31m[Kerror: [m[Kexpected constructor, destructor, or type conversion before â€˜[01m[K;[m[Kâ€™ token
  151 |      rclcpp::shutdown()[01;31m[K;[m[K
      |                        [01;31m[K^[m[K
[01m[K/home/basten/ros2_ws/src/MagangBanyubramanta_Basten-Andika-Salim/src/tugas_opencv/src/colorcheck.cpp:153:6:[m[K [01;31m[Kerror: [m[Kexpected unqualified-id before â€˜[01m[Kreturn[m[Kâ€™
  153 |      [01;31m[Kreturn[m[K 0;
      |      [01;31m[K^~~~~~[m[K
[01m[K/home/basten/ros2_ws/src/MagangBanyubramanta_Basten-Andika-Salim/src/tugas_opencv/src/colorcheck.cpp:154:1:[m[K [01;31m[Kerror: [m[Kexpected declaration before â€˜[01m[K}[m[Kâ€™ token
  154 | [01;31m[K}[m[K
      | [01;31m[K^[m[K
gmake[2]: *** [CMakeFiles/colorcheck.dir/build.make:76: CMakeFiles/colorcheck.dir/src/colorcheck.cpp.o] Error 1
gmake[1]: *** [CMakeFiles/Makefile2:593: CMakeFiles/colorcheck.dir/all] Error 2
gmake: *** [Makefile:146: all] Error 2
