[35m[1mConsolidate compiler generated dependencies of target tugas_joy__rosidl_generator_c[0m
[  3%] Built target tugas_joy__cpp
[ 12%] Built target tugas_joy__rosidl_generator_c
[ 12%] Built target ament_cmake_python_copy_tugas_joy
[35m[1mConsolidate compiler generated dependencies of target tugas_joy__rosidl_typesupport_cpp[0m
[35m[1mConsolidate compiler generated dependencies of target tugas_joy__rosidl_typesupport_fastrtps_cpp[0m
[35m[1mConsolidate compiler generated dependencies of target tugas_joy__rosidl_typesupport_introspection_cpp[0m
[35m[1mConsolidate compiler generated dependencies of target tugas_joy__rosidl_typesupport_fastrtps_c[0m
[35m[1mConsolidate compiler generated dependencies of target tugas_joy__rosidl_typesupport_introspection_c[0m
[35m[1mConsolidate compiler generated dependencies of target tugas_joy__rosidl_typesupport_c[0m
[ 21%] Built target tugas_joy__rosidl_typesupport_cpp
[ 30%] Built target tugas_joy__rosidl_typesupport_introspection_c
[ 42%] Built target tugas_joy__rosidl_typesupport_fastrtps_cpp
[ 48%] Built target tugas_joy__rosidl_typesupport_c
[ 57%] Built target tugas_joy__rosidl_typesupport_introspection_cpp
[ 66%] Built target tugas_joy__rosidl_typesupport_fastrtps_c
[35m[1mConsolidate compiler generated dependencies of target publisher[0m
[ 66%] Built target tugas_joy
[ 69%] [32mBuilding CXX object CMakeFiles/publisher.dir/src/publisher.cpp.o[0m
[ 72%] Built target tugas_joy__py
[35m[1mConsolidate compiler generated dependencies of target tugas_joy__rosidl_generator_py[0m
[ 78%] Built target tugas_joy__rosidl_generator_py
[35m[1mConsolidate compiler generated dependencies of target tugas_joy__rosidl_typesupport_introspection_c__pyext[0m
[35m[1mConsolidate compiler generated dependencies of target tugas_joy__rosidl_typesupport_c__pyext[0m
[35m[1mConsolidate compiler generated dependencies of target tugas_joy__rosidl_typesupport_fastrtps_c__pyext[0m
[ 84%] Built target tugas_joy__rosidl_typesupport_introspection_c__pyext
[ 90%] Built target tugas_joy__rosidl_typesupport_c__pyext
[ 96%] Built target tugas_joy__rosidl_typesupport_fastrtps_c__pyext
running egg_info
writing tugas_joy.egg-info/PKG-INFO
writing dependency_links to tugas_joy.egg-info/dependency_links.txt
writing top-level names to tugas_joy.egg-info/top_level.txt
reading manifest file 'tugas_joy.egg-info/SOURCES.txt'
writing manifest file 'tugas_joy.egg-info/SOURCES.txt'
[ 96%] Built target ament_cmake_python_build_tugas_joy_egg
[01m[K/home/basten/ros2_ws/src/MagangBanyubramanta_Basten-Andika-Salim/Ros2/src/tugas_joy/src/publisher.cpp:[m[K In member function â€˜[01m[Kvoid Commands::topic_callback(const Joy&) const[m[Kâ€™:
[01m[K/home/basten/ros2_ws/src/MagangBanyubramanta_Basten-Andika-Salim/Ros2/src/tugas_joy/src/publisher.cpp:30:22:[m[K [01;31m[Kerror: [m[Kâ€˜[01m[Kxbox[m[Kâ€™ has not been declared
   30 |         auto input = [01;31m[Kxbox[m[K::msg::Command();
      |                      [01;31m[K^~~~[m[K
gmake[2]: *** [CMakeFiles/publisher.dir/build.make:76: CMakeFiles/publisher.dir/src/publisher.cpp.o] Error 1
gmake[1]: *** [CMakeFiles/Makefile2:593: CMakeFiles/publisher.dir/all] Error 2
gmake: *** [Makefile:146: all] Error 2
