[0.026s] Invoking command in '/home/basten/ros2_ws/src/MagangBanyubramanta_Basten-Andika-Salim/src/build/tugas_opencv': CMAKE_PREFIX_PATH=${CMAKE_PREFIX_PATH}:/opt/ros/humble /usr/bin/cmake --build /home/basten/ros2_ws/src/MagangBanyubramanta_Basten-Andika-Salim/src/build/tugas_opencv -- -j32 -l32
[0.038s] -- Found ament_cmake: 1.3.7 (/opt/ros/humble/share/ament_cmake/cmake)
[0.111s] -- Found rclcpp: 16.0.8 (/opt/ros/humble/share/rclcpp/cmake)
[0.124s] -- Found rosidl_generator_c: 3.1.5 (/opt/ros/humble/share/rosidl_generator_c/cmake)
[0.125s] -- Found rosidl_adapter: 3.1.5 (/opt/ros/humble/share/rosidl_adapter/cmake)
[0.128s] -- Found rosidl_generator_cpp: 3.1.5 (/opt/ros/humble/share/rosidl_generator_cpp/cmake)
[0.133s] -- Using all available rosidl_typesupport_c: rosidl_typesupport_fastrtps_c;rosidl_typesupport_introspection_c
[0.140s] -- Using all available rosidl_typesupport_cpp: rosidl_typesupport_fastrtps_cpp;rosidl_typesupport_introspection_cpp
[0.166s] -- Found rmw_implementation_cmake: 6.1.1 (/opt/ros/humble/share/rmw_implementation_cmake/cmake)
[0.167s] -- Found rmw_fastrtps_cpp: 6.2.6 (/opt/ros/humble/share/rmw_fastrtps_cpp/cmake)
[0.221s] -- Using RMW implementation 'rmw_fastrtps_cpp' as default
[0.295s] -- Found rosidl_default_generators: 1.2.0 (/opt/ros/humble/share/rosidl_default_generators/cmake)
[0.383s] [31mCMake Error at /opt/ros/humble/share/rosidl_adapter/cmake/rosidl_adapt_interfaces.cmake:59 (message):
[0.383s]   execute_process(/usr/bin/python3.10 -m rosidl_adapter --package-name
[0.383s]   tugas_opencv --arguments-file
[0.383s]   /home/basten/ros2_ws/src/MagangBanyubramanta_Basten-Andika-Salim/src/build/tugas_opencv/rosidl_adapter__arguments__tugas_opencv.json
[0.383s]   --output-dir
[0.383s]   /home/basten/ros2_ws/src/MagangBanyubramanta_Basten-Andika-Salim/src/build/tugas_opencv/rosidl_adapter/tugas_opencv
[0.383s]   --output-file
[0.383s]   /home/basten/ros2_ws/src/MagangBanyubramanta_Basten-Andika-Salim/src/build/tugas_opencv/rosidl_adapter/tugas_opencv.idls)
[0.383s]   returned error code 1:
[0.383s] 
[0.383s]   Error processing 'float32 xPos;' of 'tugas_opencv/Position': ''xPos;' is an
[0.383s]   invalid field name.  It should have the pattern
[0.383s]   '^(?!.*__)(?!.*_$)[a-z][a-z0-9_]*$''
[0.383s] 
[0.383s]   Traceback (most recent call last):
[0.383s] 
[0.383s]     File "/usr/lib/python3.10/runpy.py", line 196, in _run_module_as_main
[0.383s]       return _run_code(code, main_globals, None,
[0.383s]     File "/usr/lib/python3.10/runpy.py", line 86, in _run_code
[0.383s]       exec(code, run_globals)
[0.383s]     File "/opt/ros/humble/local/lib/python3.10/dist-packages/rosidl_adapter/__main__.py", line 19, in <module>
[0.383s]       sys.exit(main())
[0.383s]     File "/opt/ros/humble/local/lib/python3.10/dist-packages/rosidl_adapter/main.py", line 53, in main
[0.383s]       abs_idl_file = convert_to_idl(
[0.383s]     File "/opt/ros/humble/local/lib/python3.10/dist-packages/rosidl_adapter/__init__.py", line 19, in convert_to_idl
[0.383s]       return convert_msg_to_idl(
[0.383s]     File "/opt/ros/humble/local/lib/python3.10/dist-packages/rosidl_adapter/msg/__init__.py", line 28, in convert_msg_to_idl
[0.383s]       msg = parse_message_string(package_name, input_file.stem, content)
[0.383s]     File "/opt/ros/humble/local/lib/python3.10/dist-packages/rosidl_adapter/parser.py", line 519, in parse_message_string
[0.384s]       fields.append(Field(
[0.384s]     File "/opt/ros/humble/local/lib/python3.10/dist-packages/rosidl_adapter/parser.py", line 354, in __init__
[0.384s]       raise NameError(
[0.384s] 
[0.384s]   NameError: 'xPos;' is an invalid field name.  It should have the pattern
[0.384s]   '^(?!.*__)(?!.*_$)[a-z][a-z0-9_]*$'
[0.384s] 
[0.384s] Call Stack (most recent call first):
[0.384s]   /opt/ros/humble/share/rosidl_cmake/cmake/rosidl_generate_interfaces.cmake:130 (rosidl_adapt_interfaces)
[0.384s]   CMakeLists.txt:13 (rosidl_generate_interfaces)
[0.384s] 
[0.384s] [0m
[0.384s] -- Configuring incomplete, errors occurred!
[0.384s] See also "/home/basten/ros2_ws/src/MagangBanyubramanta_Basten-Andika-Salim/src/build/tugas_opencv/CMakeFiles/CMakeOutput.log".
[0.387s] gmake: *** [Makefile:788: cmake_check_build_system] Error 1
[0.388s] Invoked command in '/home/basten/ros2_ws/src/MagangBanyubramanta_Basten-Andika-Salim/src/build/tugas_opencv' returned '2': CMAKE_PREFIX_PATH=${CMAKE_PREFIX_PATH}:/opt/ros/humble /usr/bin/cmake --build /home/basten/ros2_ws/src/MagangBanyubramanta_Basten-Andika-Salim/src/build/tugas_opencv -- -j32 -l32
